[ 2018-01-13T14:19:44+08:00 ] ::1 /xhr/Public/images/hadoop.jpg
INFO: [ app_init ] --START--
INFO: Run Behavior\BuildLiteBehavior [ RunTime:0.000018s ]
INFO: [ app_init ] --END-- [ RunTime:0.000723s ]
ERR: 无法加载模块:Public

[ 2018-01-13T14:19:44+08:00 ] ::1 /xhr/Public/images/beiwa.jpg
INFO: [ app_init ] --START--
INFO: Run Behavior\BuildLiteBehavior [ RunTime:0.000019s ]
INFO: [ app_init ] --END-- [ RunTime:0.003416s ]
ERR: 无法加载模块:Public

[ 2018-01-13T14:19:44+08:00 ] ::1 /xhr/Public/images/huoying.jpg
INFO: [ app_init ] --START--
INFO: Run Behavior\BuildLiteBehavior [ RunTime:0.000019s ]
INFO: [ app_init ] --END-- [ RunTime:0.002257s ]
ERR: 无法加载模块:Public

[ 2018-01-13T14:19:45+08:00 ] ::1 /xhr/Public/images/hadoop.jpg
INFO: [ app_init ] --START--
INFO: Run Behavior\BuildLiteBehavior [ RunTime:0.000019s ]
INFO: [ app_init ] --END-- [ RunTime:0.000691s ]
ERR: 无法加载模块:Public

[ 2018-01-13T14:19:45+08:00 ] ::1 /xhr/Public/images/beiwa.jpg
INFO: [ app_init ] --START--
INFO: Run Behavior\BuildLiteBehavior [ RunTime:0.000042s ]
INFO: [ app_init ] --END-- [ RunTime:0.001698s ]
ERR: 无法加载模块:Public

[ 2018-01-13T14:19:45+08:00 ] ::1 /xhr/Public/images/huoying.jpg
INFO: [ app_init ] --START--
INFO: Run Behavior\BuildLiteBehavior [ RunTime:0.000018s ]
INFO: [ app_init ] --END-- [ RunTime:0.000704s ]
ERR: 无法加载模块:Public

