[ 2017-10-16T16:23:14+08:00 ] 192.168.1.108 /paipai/
INFO: [ app_init ] --START--
INFO: Run Behavior\BuildLiteBehavior [ RunTime:0.000013s ]
INFO: [ app_init ] --END-- [ RunTime:0.000419s ]
INFO: [ app_begin ] --START--
INFO: Run Behavior\ReadHtmlCacheBehavior [ RunTime:0.000595s ]
INFO: [ app_begin ] --END-- [ RunTime:0.000647s ]
INFO: [ app_end ] --START--
INFO: Run Behavior\ShowPageTraceBehavior [ RunTime:0.001135s ]
INFO: [ app_end ] --END-- [ RunTime:0.001223s ]

[ 2017-10-16T16:23:49+08:00 ] 192.168.1.108 /paipai/
INFO: [ app_init ] --START--
INFO: Run Behavior\BuildLiteBehavior [ RunTime:0.000017s ]
INFO: [ app_init ] --END-- [ RunTime:0.000583s ]
INFO: [ app_begin ] --START--
INFO: Run Behavior\ReadHtmlCacheBehavior [ RunTime:0.000885s ]
INFO: [ app_begin ] --END-- [ RunTime:0.001005s ]
SQL: SHOW COLUMNS FROM `gdlist` [ RunTime:0.0072s ]
SQL: SELECT `price` FROM `gdlist` WHERE ( flag = '1' ) ORDER BY price asc LIMIT 1   [ RunTime:0.0004s ]
SQL: SELECT `price` FROM `gdlist` WHERE ( flag = '1' ) ORDER BY price desc LIMIT 1   [ RunTime:0.0002s ]
SQL: select sum(num) num,sum(sumje) sumje from cjlist where flag = 1  [ RunTime:0.0013s ]
SQL: select DATE_FORMAT(operdate,'%m.%d') date,sum(num) num from cjlist where flag = 1 GROUP BY DATE_FORMAT(operdate,'%Y-%m-%d') [ RunTime:0.0003s ]
NOTIC: [8] Undefined index: user D:\phpStudy\PHPTutorial\WWW\paipai\paipai\Home\Controller\UserController.class.php 第 122 行.
INFO: [ view_parse ] --START--
INFO: [ template_filter ] --START--
INFO: Run Behavior\ContentReplaceBehavior [ RunTime:0.000139s ]
INFO: [ template_filter ] --END-- [ RunTime:0.000197s ]
NOTIC: [8] Undefined index: user D:\phpStudy\PHPTutorial\WWW\paipai\paipai\Runtime\Cache\Home\2add662dec3dcf42d112281e03b48c8a.php 第 192 行.
INFO: Run Behavior\ParseTemplateBehavior [ RunTime:0.012224s ]
INFO: [ view_parse ] --END-- [ RunTime:0.012273s ]
INFO: [ view_filter ] --START--
INFO: Run Behavior\WriteHtmlCacheBehavior [ RunTime:0.000512s ]
INFO: [ view_filter ] --END-- [ RunTime:0.000563s ]
INFO: [ app_end ] --START--
INFO: Run Behavior\ShowPageTraceBehavior [ RunTime:0.000848s ]
INFO: [ app_end ] --END-- [ RunTime:0.000907s ]

[ 2017-10-16T16:23:51+08:00 ] 192.168.1.108 /paipai/index.php/Home/User/login
INFO: [ app_init ] --START--
INFO: Run Behavior\BuildLiteBehavior [ RunTime:0.000022s ]
INFO: [ app_init ] --END-- [ RunTime:0.000992s ]
INFO: [ app_begin ] --START--
INFO: Run Behavior\ReadHtmlCacheBehavior [ RunTime:0.000927s ]
INFO: [ app_begin ] --END-- [ RunTime:0.001012s ]
INFO: [ view_parse ] --START--
INFO: [ template_filter ] --START--
INFO: Run Behavior\ContentReplaceBehavior [ RunTime:0.000082s ]
INFO: [ template_filter ] --END-- [ RunTime:0.000154s ]
INFO: Run Behavior\ParseTemplateBehavior [ RunTime:0.007724s ]
INFO: [ view_parse ] --END-- [ RunTime:0.007807s ]
INFO: [ view_filter ] --START--
INFO: Run Behavior\WriteHtmlCacheBehavior [ RunTime:0.000384s ]
INFO: [ view_filter ] --END-- [ RunTime:0.000425s ]
INFO: [ app_end ] --START--
INFO: Run Behavior\ShowPageTraceBehavior [ RunTime:0.001990s ]
INFO: [ app_end ] --END-- [ RunTime:0.002196s ]

[ 2017-10-16T16:23:56+08:00 ] 192.168.1.108 /paipai/
INFO: [ app_init ] --START--
INFO: Run Behavior\BuildLiteBehavior [ RunTime:0.000024s ]
INFO: [ app_init ] --END-- [ RunTime:0.000748s ]
INFO: [ app_begin ] --START--
INFO: Run Behavior\ReadHtmlCacheBehavior [ RunTime:0.001853s ]
INFO: [ app_begin ] --END-- [ RunTime:0.002021s ]
SQL: SHOW COLUMNS FROM `gdlist` [ RunTime:0.0069s ]
SQL: SELECT `price` FROM `gdlist` WHERE ( flag = '1' ) ORDER BY price asc LIMIT 1   [ RunTime:0.0003s ]
SQL: SELECT `price` FROM `gdlist` WHERE ( flag = '1' ) ORDER BY price desc LIMIT 1   [ RunTime:0.0002s ]
SQL: select sum(num) num,sum(sumje) sumje from cjlist where flag = 1  [ RunTime:0.0002s ]
SQL: select DATE_FORMAT(operdate,'%m.%d') date,sum(num) num from cjlist where flag = 1 GROUP BY DATE_FORMAT(operdate,'%Y-%m-%d') [ RunTime:0.0002s ]
NOTIC: [8] Undefined index: user D:\phpStudy\PHPTutorial\WWW\paipai\paipai\Home\Controller\UserController.class.php 第 122 行.
INFO: [ view_parse ] --START--
INFO: [ template_filter ] --START--
INFO: Run Behavior\ContentReplaceBehavior [ RunTime:0.000152s ]
INFO: [ template_filter ] --END-- [ RunTime:0.000294s ]
NOTIC: [8] Undefined index: user D:\phpStudy\PHPTutorial\WWW\paipai\paipai\Runtime\Cache\Home\2add662dec3dcf42d112281e03b48c8a.php 第 192 行.
INFO: Run Behavior\ParseTemplateBehavior [ RunTime:0.009963s ]
INFO: [ view_parse ] --END-- [ RunTime:0.010007s ]
INFO: [ view_filter ] --START--
INFO: Run Behavior\WriteHtmlCacheBehavior [ RunTime:0.000463s ]
INFO: [ view_filter ] --END-- [ RunTime:0.000493s ]
INFO: [ app_end ] --START--
INFO: Run Behavior\ShowPageTraceBehavior [ RunTime:0.000627s ]
INFO: [ app_end ] --END-- [ RunTime:0.000676s ]

[ 2017-10-16T16:23:56+08:00 ] 192.168.1.108 /paipai/index.php/Home/User/login
INFO: [ app_init ] --START--
INFO: Run Behavior\BuildLiteBehavior [ RunTime:0.000016s ]
INFO: [ app_init ] --END-- [ RunTime:0.000605s ]
INFO: [ app_begin ] --START--
INFO: Run Behavior\ReadHtmlCacheBehavior [ RunTime:0.000898s ]
INFO: [ app_begin ] --END-- [ RunTime:0.000973s ]
INFO: [ view_parse ] --START--
INFO: [ template_filter ] --START--
INFO: Run Behavior\ContentReplaceBehavior [ RunTime:0.000193s ]
INFO: [ template_filter ] --END-- [ RunTime:0.000280s ]
INFO: Run Behavior\ParseTemplateBehavior [ RunTime:0.013818s ]
INFO: [ view_parse ] --END-- [ RunTime:0.013915s ]
INFO: [ view_filter ] --START--
INFO: Run Behavior\WriteHtmlCacheBehavior [ RunTime:0.000626s ]
INFO: [ view_filter ] --END-- [ RunTime:0.000674s ]
INFO: [ app_end ] --START--
INFO: Run Behavior\ShowPageTraceBehavior [ RunTime:0.001406s ]
INFO: [ app_end ] --END-- [ RunTime:0.001489s ]

[ 2017-10-16T16:43:36+08:00 ] 192.168.1.108 /paipai/
INFO: [ app_init ] --START--
INFO: Run Behavior\BuildLiteBehavior [ RunTime:0.000011s ]
INFO: [ app_init ] --END-- [ RunTime:0.000396s ]
INFO: [ app_begin ] --START--
INFO: Run Behavior\ReadHtmlCacheBehavior [ RunTime:0.000540s ]
INFO: [ app_begin ] --END-- [ RunTime:0.000583s ]
SQL: SHOW COLUMNS FROM `gdlist` [ RunTime:0.0096s ]
SQL: SELECT `price` FROM `gdlist` WHERE ( flag = '1' ) ORDER BY price asc LIMIT 1   [ RunTime:0.0005s ]
SQL: SELECT `price` FROM `gdlist` WHERE ( flag = '1' ) ORDER BY price desc LIMIT 1   [ RunTime:0.0004s ]
SQL: select sum(num) num,sum(sumje) sumje from cjlist where flag = 1  [ RunTime:0.0003s ]
SQL: select DATE_FORMAT(operdate,'%m.%d') date,sum(num) num from cjlist where flag = 1 GROUP BY DATE_FORMAT(operdate,'%Y-%m-%d') [ RunTime:0.0003s ]
SQL: select xjnum,pnum from userzj where userid = 1001 [ RunTime:0.0010s ]
SQL: select * from `user` where userid = 1001 and flag= 1 [ RunTime:0.0003s ]
INFO: [ view_parse ] --START--
INFO: [ template_filter ] --START--
INFO: Run Behavior\ContentReplaceBehavior [ RunTime:0.000093s ]
INFO: [ template_filter ] --END-- [ RunTime:0.000126s ]
INFO: Run Behavior\ParseTemplateBehavior [ RunTime:0.006894s ]
INFO: [ view_parse ] --END-- [ RunTime:0.006927s ]
INFO: [ view_filter ] --START--
INFO: Run Behavior\WriteHtmlCacheBehavior [ RunTime:0.000439s ]
INFO: [ view_filter ] --END-- [ RunTime:0.000468s ]
INFO: [ app_end ] --START--
INFO: Run Behavior\ShowPageTraceBehavior [ RunTime:0.000705s ]
INFO: [ app_end ] --END-- [ RunTime:0.000746s ]

[ 2017-10-16T20:07:58+08:00 ] 192.168.1.108 /paipai/index.php/home/user/index
INFO: [ app_init ] --START--
INFO: Run Behavior\BuildLiteBehavior [ RunTime:0.000027s ]
INFO: [ app_init ] --END-- [ RunTime:0.000677s ]
INFO: [ app_begin ] --START--
INFO: Run Behavior\ReadHtmlCacheBehavior [ RunTime:0.000709s ]
INFO: [ app_begin ] --END-- [ RunTime:0.000771s ]
SQL: SHOW COLUMNS FROM `gdlist` [ RunTime:0.0139s ]
SQL: SELECT `price` FROM `gdlist` WHERE ( flag = '1' ) ORDER BY price asc LIMIT 1   [ RunTime:0.0004s ]
SQL: SELECT `price` FROM `gdlist` WHERE ( flag = '1' ) ORDER BY price desc LIMIT 1   [ RunTime:0.0003s ]
SQL: select sum(num) num,sum(sumje) sumje from cjlist where flag = 1  [ RunTime:0.0014s ]
SQL: select DATE_FORMAT(operdate,'%m.%d') date,sum(num) num from cjlist where flag = 1 GROUP BY DATE_FORMAT(operdate,'%Y-%m-%d') [ RunTime:0.0003s ]
NOTIC: [8] Undefined index: user D:\phpStudy\PHPTutorial\WWW\paipai\paipai\Home\Controller\UserController.class.php 第 122 行.
INFO: [ view_parse ] --START--
INFO: [ template_filter ] --START--
INFO: Run Behavior\ContentReplaceBehavior [ RunTime:0.000135s ]
INFO: [ template_filter ] --END-- [ RunTime:0.000194s ]
NOTIC: [8] Undefined index: user D:\phpStudy\PHPTutorial\WWW\paipai\paipai\Runtime\Cache\Home\2add662dec3dcf42d112281e03b48c8a.php 第 192 行.
INFO: Run Behavior\ParseTemplateBehavior [ RunTime:0.010872s ]
INFO: [ view_parse ] --END-- [ RunTime:0.010921s ]
INFO: [ view_filter ] --START--
INFO: Run Behavior\WriteHtmlCacheBehavior [ RunTime:0.000466s ]
INFO: [ view_filter ] --END-- [ RunTime:0.000507s ]
INFO: [ app_end ] --START--
INFO: Run Behavior\ShowPageTraceBehavior [ RunTime:0.000729s ]
INFO: [ app_end ] --END-- [ RunTime:0.000784s ]

[ 2017-10-16T20:13:56+08:00 ] 192.168.1.108 /paipai/index.php/home/user/index
INFO: [ app_init ] --START--
INFO: Run Behavior\BuildLiteBehavior [ RunTime:0.000017s ]
INFO: [ app_init ] --END-- [ RunTime:0.000607s ]
INFO: [ app_begin ] --START--
INFO: Run Behavior\ReadHtmlCacheBehavior [ RunTime:0.000745s ]
INFO: [ app_begin ] --END-- [ RunTime:0.000810s ]
SQL: SHOW COLUMNS FROM `gdlist` [ RunTime:0.0086s ]
SQL: SELECT `price` FROM `gdlist` WHERE ( flag = '1' ) ORDER BY price asc LIMIT 1   [ RunTime:0.0003s ]
SQL: SELECT `price` FROM `gdlist` WHERE ( flag = '1' ) ORDER BY price desc LIMIT 1   [ RunTime:0.0002s ]
SQL: select sum(num) num,sum(sumje) sumje from cjlist where flag = 1  [ RunTime:0.0002s ]
SQL: select DATE_FORMAT(operdate,'%m.%d') date,sum(num) num from cjlist where flag = 1 GROUP BY DATE_FORMAT(operdate,'%Y-%m-%d') [ RunTime:0.0002s ]
NOTIC: [8] Undefined index: user D:\phpStudy\PHPTutorial\WWW\paipai\paipai\Home\Controller\UserController.class.php 第 122 行.
INFO: [ view_parse ] --START--
INFO: [ template_filter ] --START--
INFO: Run Behavior\ContentReplaceBehavior [ RunTime:0.000108s ]
INFO: [ template_filter ] --END-- [ RunTime:0.000155s ]
NOTIC: [8] Undefined index: user D:\phpStudy\PHPTutorial\WWW\paipai\paipai\Runtime\Cache\Home\2add662dec3dcf42d112281e03b48c8a.php 第 193 行.
INFO: Run Behavior\ParseTemplateBehavior [ RunTime:0.011078s ]
INFO: [ view_parse ] --END-- [ RunTime:0.011131s ]
INFO: [ view_filter ] --START--
INFO: Run Behavior\WriteHtmlCacheBehavior [ RunTime:0.000410s ]
INFO: [ view_filter ] --END-- [ RunTime:0.000444s ]
INFO: [ app_end ] --START--
INFO: Run Behavior\ShowPageTraceBehavior [ RunTime:0.000773s ]
INFO: [ app_end ] --END-- [ RunTime:0.000829s ]

[ 2017-10-16T20:14:12+08:00 ] 192.168.1.108 /paipai/index.php/home/user/index
INFO: [ app_init ] --START--
INFO: Run Behavior\BuildLiteBehavior [ RunTime:0.000041s ]
INFO: [ app_init ] --END-- [ RunTime:0.001068s ]
INFO: [ app_begin ] --START--
INFO: Run Behavior\ReadHtmlCacheBehavior [ RunTime:0.000549s ]
INFO: [ app_begin ] --END-- [ RunTime:0.000599s ]
SQL: SHOW COLUMNS FROM `gdlist` [ RunTime:0.0080s ]
SQL: SELECT `price` FROM `gdlist` WHERE ( flag = '1' ) ORDER BY price asc LIMIT 1   [ RunTime:0.0002s ]
SQL: SELECT `price` FROM `gdlist` WHERE ( flag = '1' ) ORDER BY price desc LIMIT 1   [ RunTime:0.0002s ]
SQL: select sum(num) num,sum(sumje) sumje from cjlist where flag = 1  [ RunTime:0.0002s ]
SQL: select DATE_FORMAT(operdate,'%m.%d') date,sum(num) num from cjlist where flag = 1 GROUP BY DATE_FORMAT(operdate,'%Y-%m-%d') [ RunTime:0.0002s ]
NOTIC: [8] Undefined index: user D:\phpStudy\PHPTutorial\WWW\paipai\paipai\Home\Controller\UserController.class.php 第 122 行.
INFO: [ view_parse ] --START--
INFO: [ template_filter ] --START--
INFO: Run Behavior\ContentReplaceBehavior [ RunTime:0.000101s ]
INFO: [ template_filter ] --END-- [ RunTime:0.000145s ]
NOTIC: [8] Undefined index: user D:\phpStudy\PHPTutorial\WWW\paipai\paipai\Runtime\Cache\Home\2add662dec3dcf42d112281e03b48c8a.php 第 193 行.
INFO: Run Behavior\ParseTemplateBehavior [ RunTime:0.010724s ]
INFO: [ view_parse ] --END-- [ RunTime:0.010788s ]
INFO: [ view_filter ] --START--
INFO: Run Behavior\WriteHtmlCacheBehavior [ RunTime:0.000610s ]
INFO: [ view_filter ] --END-- [ RunTime:0.000647s ]
INFO: [ app_end ] --START--
INFO: Run Behavior\ShowPageTraceBehavior [ RunTime:0.000723s ]
INFO: [ app_end ] --END-- [ RunTime:0.000771s ]

[ 2017-10-16T20:14:17+08:00 ] 192.168.1.108 /paipai/index.php/home/user/index
INFO: [ app_init ] --START--
INFO: Run Behavior\BuildLiteBehavior [ RunTime:0.000017s ]
INFO: [ app_init ] --END-- [ RunTime:0.000599s ]
INFO: [ app_begin ] --START--
INFO: Run Behavior\ReadHtmlCacheBehavior [ RunTime:0.000941s ]
INFO: [ app_begin ] --END-- [ RunTime:0.001022s ]
SQL: SHOW COLUMNS FROM `gdlist` [ RunTime:0.0090s ]
SQL: SELECT `price` FROM `gdlist` WHERE ( flag = '1' ) ORDER BY price asc LIMIT 1   [ RunTime:0.0005s ]
SQL: SELECT `price` FROM `gdlist` WHERE ( flag = '1' ) ORDER BY price desc LIMIT 1   [ RunTime:0.0003s ]
SQL: select sum(num) num,sum(sumje) sumje from cjlist where flag = 1  [ RunTime:0.0002s ]
SQL: select DATE_FORMAT(operdate,'%m.%d') date,sum(num) num from cjlist where flag = 1 GROUP BY DATE_FORMAT(operdate,'%Y-%m-%d') [ RunTime:0.0003s ]
NOTIC: [8] Undefined index: user D:\phpStudy\PHPTutorial\WWW\paipai\paipai\Home\Controller\UserController.class.php 第 122 行.
INFO: [ view_parse ] --START--
INFO: [ template_filter ] --START--
INFO: Run Behavior\ContentReplaceBehavior [ RunTime:0.000133s ]
INFO: [ template_filter ] --END-- [ RunTime:0.000195s ]
NOTIC: [8] Undefined index: user D:\phpStudy\PHPTutorial\WWW\paipai\paipai\Runtime\Cache\Home\2add662dec3dcf42d112281e03b48c8a.php 第 193 行.
INFO: Run Behavior\ParseTemplateBehavior [ RunTime:0.012890s ]
INFO: [ view_parse ] --END-- [ RunTime:0.012956s ]
INFO: [ view_filter ] --START--
INFO: Run Behavior\WriteHtmlCacheBehavior [ RunTime:0.000854s ]
INFO: [ view_filter ] --END-- [ RunTime:0.000923s ]
INFO: [ app_end ] --START--
INFO: Run Behavior\ShowPageTraceBehavior [ RunTime:0.000954s ]
INFO: [ app_end ] --END-- [ RunTime:0.001035s ]

[ 2017-10-16T20:14:21+08:00 ] 192.168.1.108 /paipai/index.php/home/user/index
INFO: [ app_init ] --START--
INFO: Run Behavior\BuildLiteBehavior [ RunTime:0.000012s ]
INFO: [ app_init ] --END-- [ RunTime:0.000642s ]
INFO: [ app_begin ] --START--
INFO: Run Behavior\ReadHtmlCacheBehavior [ RunTime:0.000601s ]
INFO: [ app_begin ] --END-- [ RunTime:0.000674s ]
SQL: SHOW COLUMNS FROM `gdlist` [ RunTime:0.0043s ]
SQL: SELECT `price` FROM `gdlist` WHERE ( flag = '1' ) ORDER BY price asc LIMIT 1   [ RunTime:0.0005s ]
SQL: SELECT `price` FROM `gdlist` WHERE ( flag = '1' ) ORDER BY price desc LIMIT 1   [ RunTime:0.0008s ]
SQL: select sum(num) num,sum(sumje) sumje from cjlist where flag = 1  [ RunTime:0.0002s ]
SQL: select DATE_FORMAT(operdate,'%m.%d') date,sum(num) num from cjlist where flag = 1 GROUP BY DATE_FORMAT(operdate,'%Y-%m-%d') [ RunTime:0.0002s ]
NOTIC: [8] Undefined index: user D:\phpStudy\PHPTutorial\WWW\paipai\paipai\Home\Controller\UserController.class.php 第 122 行.
INFO: [ view_parse ] --START--
INFO: [ template_filter ] --START--
INFO: Run Behavior\ContentReplaceBehavior [ RunTime:0.000148s ]
INFO: [ template_filter ] --END-- [ RunTime:0.000199s ]
NOTIC: [8] Undefined index: user D:\phpStudy\PHPTutorial\WWW\paipai\paipai\Runtime\Cache\Home\2add662dec3dcf42d112281e03b48c8a.php 第 193 行.
INFO: Run Behavior\ParseTemplateBehavior [ RunTime:0.011175s ]
INFO: [ view_parse ] --END-- [ RunTime:0.011229s ]
INFO: [ view_filter ] --START--
INFO: Run Behavior\WriteHtmlCacheBehavior [ RunTime:0.000628s ]
INFO: [ view_filter ] --END-- [ RunTime:0.000681s ]
INFO: [ app_end ] --START--
INFO: Run Behavior\ShowPageTraceBehavior [ RunTime:0.001206s ]
INFO: [ app_end ] --END-- [ RunTime:0.001303s ]

[ 2017-10-16T20:14:29+08:00 ] 192.168.1.108 /paipai/index.php/home/user/index
INFO: [ app_init ] --START--
INFO: Run Behavior\BuildLiteBehavior [ RunTime:0.000015s ]
INFO: [ app_init ] --END-- [ RunTime:0.000539s ]
INFO: [ app_begin ] --START--
INFO: Run Behavior\ReadHtmlCacheBehavior [ RunTime:0.001080s ]
INFO: [ app_begin ] --END-- [ RunTime:0.001152s ]
SQL: SHOW COLUMNS FROM `gdlist` [ RunTime:0.0082s ]
SQL: SELECT `price` FROM `gdlist` WHERE ( flag = '1' ) ORDER BY price asc LIMIT 1   [ RunTime:0.0003s ]
SQL: SELECT `price` FROM `gdlist` WHERE ( flag = '1' ) ORDER BY price desc LIMIT 1   [ RunTime:0.0002s ]
SQL: select sum(num) num,sum(sumje) sumje from cjlist where flag = 1  [ RunTime:0.0002s ]
SQL: select DATE_FORMAT(operdate,'%m.%d') date,sum(num) num from cjlist where flag = 1 GROUP BY DATE_FORMAT(operdate,'%Y-%m-%d') [ RunTime:0.0002s ]
NOTIC: [8] Undefined index: user D:\phpStudy\PHPTutorial\WWW\paipai\paipai\Home\Controller\UserController.class.php 第 122 行.
INFO: [ view_parse ] --START--
INFO: [ template_filter ] --START--
INFO: Run Behavior\ContentReplaceBehavior [ RunTime:0.000098s ]
INFO: [ template_filter ] --END-- [ RunTime:0.000133s ]
NOTIC: [8] Undefined index: user D:\phpStudy\PHPTutorial\WWW\paipai\paipai\Runtime\Cache\Home\2add662dec3dcf42d112281e03b48c8a.php 第 193 行.
INFO: Run Behavior\ParseTemplateBehavior [ RunTime:0.007063s ]
INFO: [ view_parse ] --END-- [ RunTime:0.007102s ]
INFO: [ view_filter ] --START--
INFO: Run Behavior\WriteHtmlCacheBehavior [ RunTime:0.001108s ]
INFO: [ view_filter ] --END-- [ RunTime:0.001184s ]
INFO: [ app_end ] --START--
INFO: Run Behavior\ShowPageTraceBehavior [ RunTime:0.001046s ]
INFO: [ app_end ] --END-- [ RunTime:0.001127s ]

[ 2017-10-16T20:16:45+08:00 ] 192.168.1.108 /paipai/index.php/home/user/index
INFO: [ app_init ] --START--
INFO: Run Behavior\BuildLiteBehavior [ RunTime:0.000017s ]
INFO: [ app_init ] --END-- [ RunTime:0.000588s ]
INFO: [ app_begin ] --START--
INFO: Run Behavior\ReadHtmlCacheBehavior [ RunTime:0.024273s ]
INFO: [ app_begin ] --END-- [ RunTime:0.024377s ]
SQL: SHOW COLUMNS FROM `gdlist` [ RunTime:0.0119s ]
SQL: SELECT `price` FROM `gdlist` WHERE ( flag = '1' ) ORDER BY price asc LIMIT 1   [ RunTime:0.0004s ]
SQL: SELECT `price` FROM `gdlist` WHERE ( flag = '1' ) ORDER BY price desc LIMIT 1   [ RunTime:0.0003s ]
SQL: select sum(num) num,sum(sumje) sumje from cjlist where flag = 1  [ RunTime:0.0002s ]
SQL: select DATE_FORMAT(operdate,'%m.%d') date,sum(num) num from cjlist where flag = 1 GROUP BY DATE_FORMAT(operdate,'%Y-%m-%d') [ RunTime:0.0002s ]
NOTIC: [8] Undefined index: user D:\phpStudy\PHPTutorial\WWW\paipai\paipai\Home\Controller\UserController.class.php 第 122 行.
INFO: [ view_parse ] --START--
INFO: [ template_filter ] --START--
INFO: Run Behavior\ContentReplaceBehavior [ RunTime:0.000147s ]
INFO: [ template_filter ] --END-- [ RunTime:0.000222s ]
NOTIC: [8] Undefined index: user D:\phpStudy\PHPTutorial\WWW\paipai\paipai\Runtime\Cache\Home\2add662dec3dcf42d112281e03b48c8a.php 第 193 行.
INFO: Run Behavior\ParseTemplateBehavior [ RunTime:0.010753s ]
INFO: [ view_parse ] --END-- [ RunTime:0.010822s ]
INFO: [ view_filter ] --START--
INFO: Run Behavior\WriteHtmlCacheBehavior [ RunTime:0.000917s ]
INFO: [ view_filter ] --END-- [ RunTime:0.000981s ]
INFO: [ app_end ] --START--
INFO: Run Behavior\ShowPageTraceBehavior [ RunTime:0.001014s ]
INFO: [ app_end ] --END-- [ RunTime:0.001130s ]

[ 2017-10-16T20:16:51+08:00 ] 192.168.1.108 /paipai/index.php/home/user/index
INFO: [ app_init ] --START--
INFO: Run Behavior\BuildLiteBehavior [ RunTime:0.000018s ]
INFO: [ app_init ] --END-- [ RunTime:0.000700s ]
INFO: [ app_begin ] --START--
INFO: Run Behavior\ReadHtmlCacheBehavior [ RunTime:0.001598s ]
INFO: [ app_begin ] --END-- [ RunTime:0.001781s ]
SQL: SHOW COLUMNS FROM `gdlist` [ RunTime:0.0095s ]
SQL: SELECT `price` FROM `gdlist` WHERE ( flag = '1' ) ORDER BY price asc LIMIT 1   [ RunTime:0.0004s ]
SQL: SELECT `price` FROM `gdlist` WHERE ( flag = '1' ) ORDER BY price desc LIMIT 1   [ RunTime:0.0003s ]
SQL: select sum(num) num,sum(sumje) sumje from cjlist where flag = 1  [ RunTime:0.0003s ]
SQL: select DATE_FORMAT(operdate,'%m.%d') date,sum(num) num from cjlist where flag = 1 GROUP BY DATE_FORMAT(operdate,'%Y-%m-%d') [ RunTime:0.0002s ]
NOTIC: [8] Undefined index: user D:\phpStudy\PHPTutorial\WWW\paipai\paipai\Home\Controller\UserController.class.php 第 122 行.
INFO: [ view_parse ] --START--
INFO: [ template_filter ] --START--
INFO: Run Behavior\ContentReplaceBehavior [ RunTime:0.000141s ]
INFO: [ template_filter ] --END-- [ RunTime:0.000212s ]
NOTIC: [8] Undefined index: user D:\phpStudy\PHPTutorial\WWW\paipai\paipai\Runtime\Cache\Home\2add662dec3dcf42d112281e03b48c8a.php 第 193 行.
INFO: Run Behavior\ParseTemplateBehavior [ RunTime:0.013905s ]
INFO: [ view_parse ] --END-- [ RunTime:0.013959s ]
INFO: [ view_filter ] --START--
INFO: Run Behavior\WriteHtmlCacheBehavior [ RunTime:0.000599s ]
INFO: [ view_filter ] --END-- [ RunTime:0.000648s ]
INFO: [ app_end ] --START--
INFO: Run Behavior\ShowPageTraceBehavior [ RunTime:0.001000s ]
INFO: [ app_end ] --END-- [ RunTime:0.001088s ]

[ 2017-10-16T20:16:57+08:00 ] 192.168.1.108 /paipai/index.php/home/user/index
INFO: [ app_init ] --START--
INFO: Run Behavior\BuildLiteBehavior [ RunTime:0.000014s ]
INFO: [ app_init ] --END-- [ RunTime:0.001030s ]
INFO: [ app_begin ] --START--
INFO: Run Behavior\ReadHtmlCacheBehavior [ RunTime:0.000562s ]
INFO: [ app_begin ] --END-- [ RunTime:0.000606s ]
SQL: SHOW COLUMNS FROM `gdlist` [ RunTime:0.0082s ]
SQL: SELECT `price` FROM `gdlist` WHERE ( flag = '1' ) ORDER BY price asc LIMIT 1   [ RunTime:0.0004s ]
SQL: SELECT `price` FROM `gdlist` WHERE ( flag = '1' ) ORDER BY price desc LIMIT 1   [ RunTime:0.0003s ]
SQL: select sum(num) num,sum(sumje) sumje from cjlist where flag = 1  [ RunTime:0.0002s ]
SQL: select DATE_FORMAT(operdate,'%m.%d') date,sum(num) num from cjlist where flag = 1 GROUP BY DATE_FORMAT(operdate,'%Y-%m-%d') [ RunTime:0.0002s ]
NOTIC: [8] Undefined index: user D:\phpStudy\PHPTutorial\WWW\paipai\paipai\Home\Controller\UserController.class.php 第 122 行.
INFO: [ view_parse ] --START--
INFO: [ template_filter ] --START--
INFO: Run Behavior\ContentReplaceBehavior [ RunTime:0.000103s ]
INFO: [ template_filter ] --END-- [ RunTime:0.000147s ]
NOTIC: [8] Undefined index: user D:\phpStudy\PHPTutorial\WWW\paipai\paipai\Runtime\Cache\Home\2add662dec3dcf42d112281e03b48c8a.php 第 193 行.
INFO: Run Behavior\ParseTemplateBehavior [ RunTime:0.009818s ]
INFO: [ view_parse ] --END-- [ RunTime:0.009872s ]
INFO: [ view_filter ] --START--
INFO: Run Behavior\WriteHtmlCacheBehavior [ RunTime:0.000622s ]
INFO: [ view_filter ] --END-- [ RunTime:0.000663s ]
INFO: [ app_end ] --START--
INFO: Run Behavior\ShowPageTraceBehavior [ RunTime:0.000838s ]
INFO: [ app_end ] --END-- [ RunTime:0.000900s ]

[ 2017-10-16T20:17:01+08:00 ] 192.168.1.108 /paipai/index.php/home/user/index
INFO: [ app_init ] --START--
INFO: Run Behavior\BuildLiteBehavior [ RunTime:0.000051s ]
INFO: [ app_init ] --END-- [ RunTime:0.000992s ]
INFO: [ app_begin ] --START--
INFO: Run Behavior\ReadHtmlCacheBehavior [ RunTime:0.000693s ]
INFO: [ app_begin ] --END-- [ RunTime:0.000751s ]
SQL: SHOW COLUMNS FROM `gdlist` [ RunTime:0.0083s ]
SQL: SELECT `price` FROM `gdlist` WHERE ( flag = '1' ) ORDER BY price asc LIMIT 1   [ RunTime:0.0003s ]
SQL: SELECT `price` FROM `gdlist` WHERE ( flag = '1' ) ORDER BY price desc LIMIT 1   [ RunTime:0.0002s ]
SQL: select sum(num) num,sum(sumje) sumje from cjlist where flag = 1  [ RunTime:0.0002s ]
SQL: select DATE_FORMAT(operdate,'%m.%d') date,sum(num) num from cjlist where flag = 1 GROUP BY DATE_FORMAT(operdate,'%Y-%m-%d') [ RunTime:0.0002s ]
NOTIC: [8] Undefined index: user D:\phpStudy\PHPTutorial\WWW\paipai\paipai\Home\Controller\UserController.class.php 第 122 行.
INFO: [ view_parse ] --START--
INFO: [ template_filter ] --START--
INFO: Run Behavior\ContentReplaceBehavior [ RunTime:0.000100s ]
INFO: [ template_filter ] --END-- [ RunTime:0.000141s ]
NOTIC: [8] Undefined index: user D:\phpStudy\PHPTutorial\WWW\paipai\paipai\Runtime\Cache\Home\2add662dec3dcf42d112281e03b48c8a.php 第 193 行.
INFO: Run Behavior\ParseTemplateBehavior [ RunTime:0.007713s ]
INFO: [ view_parse ] --END-- [ RunTime:0.007757s ]
INFO: [ view_filter ] --START--
INFO: Run Behavior\WriteHtmlCacheBehavior [ RunTime:0.001015s ]
INFO: [ view_filter ] --END-- [ RunTime:0.001142s ]
INFO: [ app_end ] --START--
INFO: Run Behavior\ShowPageTraceBehavior [ RunTime:0.001672s ]
INFO: [ app_end ] --END-- [ RunTime:0.001772s ]

[ 2017-10-16T20:17:18+08:00 ] 192.168.1.108 /paipai/index.php/home/user/index
INFO: [ app_init ] --START--
INFO: Run Behavior\BuildLiteBehavior [ RunTime:0.000012s ]
INFO: [ app_init ] --END-- [ RunTime:0.000691s ]
INFO: [ app_begin ] --START--
INFO: Run Behavior\ReadHtmlCacheBehavior [ RunTime:0.000873s ]
INFO: [ app_begin ] --END-- [ RunTime:0.000945s ]
SQL: SHOW COLUMNS FROM `gdlist` [ RunTime:0.0120s ]
SQL: SELECT `price` FROM `gdlist` WHERE ( flag = '1' ) ORDER BY price asc LIMIT 1   [ RunTime:0.0004s ]
SQL: SELECT `price` FROM `gdlist` WHERE ( flag = '1' ) ORDER BY price desc LIMIT 1   [ RunTime:0.0002s ]
SQL: select sum(num) num,sum(sumje) sumje from cjlist where flag = 1  [ RunTime:0.0002s ]
SQL: select DATE_FORMAT(operdate,'%m.%d') date,sum(num) num from cjlist where flag = 1 GROUP BY DATE_FORMAT(operdate,'%Y-%m-%d') [ RunTime:0.0002s ]
NOTIC: [8] Undefined index: user D:\phpStudy\PHPTutorial\WWW\paipai\paipai\Home\Controller\UserController.class.php 第 122 行.
INFO: [ view_parse ] --START--
INFO: [ template_filter ] --START--
INFO: Run Behavior\ContentReplaceBehavior [ RunTime:0.000128s ]
INFO: [ template_filter ] --END-- [ RunTime:0.000183s ]
NOTIC: [8] Undefined index: user D:\phpStudy\PHPTutorial\WWW\paipai\paipai\Runtime\Cache\Home\2add662dec3dcf42d112281e03b48c8a.php 第 193 行.
INFO: Run Behavior\ParseTemplateBehavior [ RunTime:0.009574s ]
INFO: [ view_parse ] --END-- [ RunTime:0.009666s ]
INFO: [ view_filter ] --START--
INFO: Run Behavior\WriteHtmlCacheBehavior [ RunTime:0.000943s ]
INFO: [ view_filter ] --END-- [ RunTime:0.001006s ]
INFO: [ app_end ] --START--
INFO: Run Behavior\ShowPageTraceBehavior [ RunTime:0.001113s ]
INFO: [ app_end ] --END-- [ RunTime:0.001194s ]

[ 2017-10-16T20:19:08+08:00 ] 192.168.1.108 /paipai/index.php/home/user/index
INFO: [ app_init ] --START--
INFO: Run Behavior\BuildLiteBehavior [ RunTime:0.000017s ]
INFO: [ app_init ] --END-- [ RunTime:0.000578s ]
INFO: [ app_begin ] --START--
INFO: Run Behavior\ReadHtmlCacheBehavior [ RunTime:0.000817s ]
INFO: [ app_begin ] --END-- [ RunTime:0.000890s ]
SQL: SHOW COLUMNS FROM `gdlist` [ RunTime:0.0086s ]
SQL: SELECT `price` FROM `gdlist` WHERE ( flag = '1' ) ORDER BY price asc LIMIT 1   [ RunTime:0.0003s ]
SQL: SELECT `price` FROM `gdlist` WHERE ( flag = '1' ) ORDER BY price desc LIMIT 1   [ RunTime:0.0002s ]
SQL: select sum(num) num,sum(sumje) sumje from cjlist where flag = 1  [ RunTime:0.0007s ]
SQL: select DATE_FORMAT(operdate,'%m.%d') date,sum(num) num from cjlist where flag = 1 GROUP BY DATE_FORMAT(operdate,'%Y-%m-%d') [ RunTime:0.0004s ]
NOTIC: [8] Undefined index: user D:\phpStudy\PHPTutorial\WWW\paipai\paipai\Home\Controller\UserController.class.php 第 122 行.
INFO: [ view_parse ] --START--
INFO: [ template_filter ] --START--
INFO: Run Behavior\ContentReplaceBehavior [ RunTime:0.000132s ]
INFO: [ template_filter ] --END-- [ RunTime:0.000196s ]
NOTIC: [8] Undefined index: user D:\phpStudy\PHPTutorial\WWW\paipai\paipai\Runtime\Cache\Home\2add662dec3dcf42d112281e03b48c8a.php 第 193 行.
INFO: Run Behavior\ParseTemplateBehavior [ RunTime:0.010855s ]
INFO: [ view_parse ] --END-- [ RunTime:0.010912s ]
INFO: [ view_filter ] --START--
INFO: Run Behavior\WriteHtmlCacheBehavior [ RunTime:0.000531s ]
INFO: [ view_filter ] --END-- [ RunTime:0.000576s ]
INFO: [ app_end ] --START--
INFO: Run Behavior\ShowPageTraceBehavior [ RunTime:0.000821s ]
INFO: [ app_end ] --END-- [ RunTime:0.000882s ]

[ 2017-10-16T20:19:27+08:00 ] 192.168.1.108 /paipai/index.php/home/user/index
INFO: [ app_init ] --START--
INFO: Run Behavior\BuildLiteBehavior [ RunTime:0.000022s ]
INFO: [ app_init ] --END-- [ RunTime:0.001066s ]
INFO: [ app_begin ] --START--
INFO: Run Behavior\ReadHtmlCacheBehavior [ RunTime:0.000784s ]
INFO: [ app_begin ] --END-- [ RunTime:0.000858s ]
SQL: SHOW COLUMNS FROM `gdlist` [ RunTime:0.0130s ]
SQL: SELECT `price` FROM `gdlist` WHERE ( flag = '1' ) ORDER BY price asc LIMIT 1   [ RunTime:0.0004s ]
SQL: SELECT `price` FROM `gdlist` WHERE ( flag = '1' ) ORDER BY price desc LIMIT 1   [ RunTime:0.0002s ]
SQL: select sum(num) num,sum(sumje) sumje from cjlist where flag = 1  [ RunTime:0.0002s ]
SQL: select DATE_FORMAT(operdate,'%m.%d') date,sum(num) num from cjlist where flag = 1 GROUP BY DATE_FORMAT(operdate,'%Y-%m-%d') [ RunTime:0.0002s ]
NOTIC: [8] Undefined index: user D:\phpStudy\PHPTutorial\WWW\paipai\paipai\Home\Controller\UserController.class.php 第 122 行.
INFO: [ view_parse ] --START--
INFO: [ template_filter ] --START--
INFO: Run Behavior\ContentReplaceBehavior [ RunTime:0.000229s ]
INFO: [ template_filter ] --END-- [ RunTime:0.000366s ]
NOTIC: [8] Undefined index: user D:\phpStudy\PHPTutorial\WWW\paipai\paipai\Runtime\Cache\Home\2add662dec3dcf42d112281e03b48c8a.php 第 193 行.
INFO: Run Behavior\ParseTemplateBehavior [ RunTime:0.012115s ]
INFO: [ view_parse ] --END-- [ RunTime:0.012165s ]
INFO: [ view_filter ] --START--
INFO: Run Behavior\WriteHtmlCacheBehavior [ RunTime:0.000929s ]
INFO: [ view_filter ] --END-- [ RunTime:0.001019s ]
INFO: [ app_end ] --START--
INFO: Run Behavior\ShowPageTraceBehavior [ RunTime:0.001147s ]
INFO: [ app_end ] --END-- [ RunTime:0.001288s ]

[ 2017-10-16T20:19:38+08:00 ] 192.168.1.108 /paipai/index.php/home/user/index
INFO: [ app_init ] --START--
INFO: Run Behavior\BuildLiteBehavior [ RunTime:0.000019s ]
INFO: [ app_init ] --END-- [ RunTime:0.001297s ]
INFO: [ app_begin ] --START--
INFO: Run Behavior\ReadHtmlCacheBehavior [ RunTime:0.000705s ]
INFO: [ app_begin ] --END-- [ RunTime:0.000766s ]
SQL: SHOW COLUMNS FROM `gdlist` [ RunTime:0.0166s ]
SQL: SELECT `price` FROM `gdlist` WHERE ( flag = '1' ) ORDER BY price asc LIMIT 1   [ RunTime:0.0004s ]
SQL: SELECT `price` FROM `gdlist` WHERE ( flag = '1' ) ORDER BY price desc LIMIT 1   [ RunTime:0.0002s ]
SQL: select sum(num) num,sum(sumje) sumje from cjlist where flag = 1  [ RunTime:0.0004s ]
SQL: select DATE_FORMAT(operdate,'%m.%d') date,sum(num) num from cjlist where flag = 1 GROUP BY DATE_FORMAT(operdate,'%Y-%m-%d') [ RunTime:0.0002s ]
NOTIC: [8] Undefined index: user D:\phpStudy\PHPTutorial\WWW\paipai\paipai\Home\Controller\UserController.class.php 第 122 行.
INFO: [ view_parse ] --START--
INFO: [ template_filter ] --START--
INFO: Run Behavior\ContentReplaceBehavior [ RunTime:0.000132s ]
INFO: [ template_filter ] --END-- [ RunTime:0.000191s ]
NOTIC: [8] Undefined index: user D:\phpStudy\PHPTutorial\WWW\paipai\paipai\Runtime\Cache\Home\2add662dec3dcf42d112281e03b48c8a.php 第 193 行.
INFO: Run Behavior\ParseTemplateBehavior [ RunTime:0.131969s ]
INFO: [ view_parse ] --END-- [ RunTime:0.132051s ]
INFO: [ view_filter ] --START--
INFO: Run Behavior\WriteHtmlCacheBehavior [ RunTime:0.000569s ]
INFO: [ view_filter ] --END-- [ RunTime:0.000614s ]
INFO: [ app_end ] --START--
INFO: Run Behavior\ShowPageTraceBehavior [ RunTime:0.092979s ]
INFO: [ app_end ] --END-- [ RunTime:0.093239s ]

[ 2017-10-16T20:19:42+08:00 ] 192.168.1.108 /paipai/index.php/home/user/index
INFO: [ app_init ] --START--
INFO: Run Behavior\BuildLiteBehavior [ RunTime:0.000022s ]
INFO: [ app_init ] --END-- [ RunTime:0.001280s ]
INFO: [ app_begin ] --START--
INFO: Run Behavior\ReadHtmlCacheBehavior [ RunTime:0.000533s ]
INFO: [ app_begin ] --END-- [ RunTime:0.000584s ]
SQL: SHOW COLUMNS FROM `gdlist` [ RunTime:0.0119s ]
SQL: SELECT `price` FROM `gdlist` WHERE ( flag = '1' ) ORDER BY price asc LIMIT 1   [ RunTime:0.0004s ]
SQL: SELECT `price` FROM `gdlist` WHERE ( flag = '1' ) ORDER BY price desc LIMIT 1   [ RunTime:0.0003s ]
SQL: select sum(num) num,sum(sumje) sumje from cjlist where flag = 1  [ RunTime:0.0003s ]
SQL: select DATE_FORMAT(operdate,'%m.%d') date,sum(num) num from cjlist where flag = 1 GROUP BY DATE_FORMAT(operdate,'%Y-%m-%d') [ RunTime:0.0004s ]
NOTIC: [8] Undefined index: user D:\phpStudy\PHPTutorial\WWW\paipai\paipai\Home\Controller\UserController.class.php 第 122 行.
INFO: [ view_parse ] --START--
INFO: [ template_filter ] --START--
INFO: Run Behavior\ContentReplaceBehavior [ RunTime:0.000103s ]
INFO: [ template_filter ] --END-- [ RunTime:0.000149s ]
NOTIC: [8] Undefined index: user D:\phpStudy\PHPTutorial\WWW\paipai\paipai\Runtime\Cache\Home\2add662dec3dcf42d112281e03b48c8a.php 第 193 行.
INFO: Run Behavior\ParseTemplateBehavior [ RunTime:0.012236s ]
INFO: [ view_parse ] --END-- [ RunTime:0.012293s ]
INFO: [ view_filter ] --START--
INFO: Run Behavior\WriteHtmlCacheBehavior [ RunTime:0.000484s ]
INFO: [ view_filter ] --END-- [ RunTime:0.000525s ]
INFO: [ app_end ] --START--
INFO: Run Behavior\ShowPageTraceBehavior [ RunTime:0.000819s ]
INFO: [ app_end ] --END-- [ RunTime:0.000881s ]

[ 2017-10-16T20:19:51+08:00 ] 192.168.1.108 /paipai/index.php/Home/My/trad
INFO: [ app_init ] --START--
INFO: Run Behavior\BuildLiteBehavior [ RunTime:0.000019s ]
INFO: [ app_init ] --END-- [ RunTime:0.000495s ]
INFO: [ app_begin ] --START--
INFO: Run Behavior\ReadHtmlCacheBehavior [ RunTime:0.001460s ]
INFO: [ app_begin ] --END-- [ RunTime:0.001605s ]

[ 2017-10-16T20:19:53+08:00 ] 192.168.1.108 /paipai/index.php/Home/User/login.html
INFO: [ app_init ] --START--
INFO: Run Behavior\BuildLiteBehavior [ RunTime:0.000019s ]
INFO: [ app_init ] --END-- [ RunTime:0.000645s ]
INFO: [ app_begin ] --START--
INFO: Run Behavior\ReadHtmlCacheBehavior [ RunTime:0.000884s ]
INFO: [ app_begin ] --END-- [ RunTime:0.000973s ]
INFO: [ view_parse ] --START--
INFO: [ template_filter ] --START--
INFO: Run Behavior\ContentReplaceBehavior [ RunTime:0.000085s ]
INFO: [ template_filter ] --END-- [ RunTime:0.000159s ]
INFO: Run Behavior\ParseTemplateBehavior [ RunTime:0.008235s ]
INFO: [ view_parse ] --END-- [ RunTime:0.008315s ]
INFO: [ view_filter ] --START--
INFO: Run Behavior\WriteHtmlCacheBehavior [ RunTime:0.000636s ]
INFO: [ view_filter ] --END-- [ RunTime:0.000691s ]
INFO: [ app_end ] --START--
INFO: Run Behavior\ShowPageTraceBehavior [ RunTime:0.000879s ]
INFO: [ app_end ] --END-- [ RunTime:0.000939s ]

[ 2017-10-16T20:19:58+08:00 ] 192.168.1.108 /paipai/index.php/Home/User/checkLogined
INFO: [ app_init ] --START--
INFO: Run Behavior\BuildLiteBehavior [ RunTime:0.000016s ]
INFO: [ app_init ] --END-- [ RunTime:0.000698s ]
INFO: [ app_begin ] --START--
INFO: Run Behavior\ReadHtmlCacheBehavior [ RunTime:0.001106s ]
INFO: [ app_begin ] --END-- [ RunTime:0.001193s ]
SQL: SHOW COLUMNS FROM `user` [ RunTime:0.0062s ]
SQL: SELECT * FROM `user` WHERE ( user="ceshi01" and pasword="c4ca4238a0b923820dcc509a6f75849b" ) LIMIT 1   [ RunTime:0.0003s ]

[ 2017-10-16T20:19:58+08:00 ] 192.168.1.108 /paipai/index.php/Home/User/Index.html
INFO: [ app_init ] --START--
INFO: Run Behavior\BuildLiteBehavior [ RunTime:0.000017s ]
INFO: [ app_init ] --END-- [ RunTime:0.000610s ]
INFO: [ app_begin ] --START--
INFO: Run Behavior\ReadHtmlCacheBehavior [ RunTime:0.000958s ]
INFO: [ app_begin ] --END-- [ RunTime:0.001045s ]
SQL: SHOW COLUMNS FROM `gdlist` [ RunTime:0.0077s ]
SQL: SELECT `price` FROM `gdlist` WHERE ( flag = '1' ) ORDER BY price asc LIMIT 1   [ RunTime:0.0009s ]
SQL: SELECT `price` FROM `gdlist` WHERE ( flag = '1' ) ORDER BY price desc LIMIT 1   [ RunTime:0.0012s ]
SQL: select sum(num) num,sum(sumje) sumje from cjlist where flag = 1  [ RunTime:0.0008s ]
SQL: select DATE_FORMAT(operdate,'%m.%d') date,sum(num) num from cjlist where flag = 1 GROUP BY DATE_FORMAT(operdate,'%Y-%m-%d') [ RunTime:0.0008s ]
SQL: select xjnum,pnum from userzj where userid = 1001 [ RunTime:0.0015s ]
SQL: select * from `user` where userid = 1001 and flag= 1 [ RunTime:0.0003s ]
INFO: [ view_parse ] --START--
INFO: [ template_filter ] --START--
INFO: Run Behavior\ContentReplaceBehavior [ RunTime:0.000101s ]
INFO: [ template_filter ] --END-- [ RunTime:0.000144s ]
INFO: Run Behavior\ParseTemplateBehavior [ RunTime:0.010526s ]
INFO: [ view_parse ] --END-- [ RunTime:0.010589s ]
INFO: [ view_filter ] --START--
INFO: Run Behavior\WriteHtmlCacheBehavior [ RunTime:0.000879s ]
INFO: [ view_filter ] --END-- [ RunTime:0.000924s ]
INFO: [ app_end ] --START--
INFO: Run Behavior\ShowPageTraceBehavior [ RunTime:0.000810s ]
INFO: [ app_end ] --END-- [ RunTime:0.000866s ]

[ 2017-10-16T20:20:02+08:00 ] 192.168.1.108 /paipai/index.php/Home/My/trad
INFO: [ app_init ] --START--
INFO: Run Behavior\BuildLiteBehavior [ RunTime:0.000021s ]
INFO: [ app_init ] --END-- [ RunTime:0.000871s ]
INFO: [ app_begin ] --START--
INFO: Run Behavior\ReadHtmlCacheBehavior [ RunTime:0.000577s ]
INFO: [ app_begin ] --END-- [ RunTime:0.000622s ]
SQL: select xjnum,pnum from userzj where userid = 1001 [ RunTime:0.0006s ]
SQL: select DATE_FORMAT(operdate,'%y-%m-%d %H:%i' ) operdate,num,price,sumje from cjlist where flag = 1 ORDER BY operdate desc [ RunTime:0.0006s ]
SQL: select id,DATE_FORMAT(operdate,'%y-%m-%d %H:%i' ) operdate,num,price,sumje from gdlist where userid <> 1001 and flag = 1 ORDER BY price [ RunTime:0.0006s ]
INFO: [ view_parse ] --START--
INFO: [ template_filter ] --START--
INFO: Run Behavior\ContentReplaceBehavior [ RunTime:0.000083s ]
INFO: [ template_filter ] --END-- [ RunTime:0.000135s ]
INFO: Run Behavior\ParseTemplateBehavior [ RunTime:0.010994s ]
INFO: [ view_parse ] --END-- [ RunTime:0.011050s ]
INFO: [ view_filter ] --START--
INFO: Run Behavior\WriteHtmlCacheBehavior [ RunTime:0.000402s ]
INFO: [ view_filter ] --END-- [ RunTime:0.000440s ]
INFO: [ app_end ] --START--
INFO: Run Behavior\ShowPageTraceBehavior [ RunTime:0.000678s ]
INFO: [ app_end ] --END-- [ RunTime:0.000728s ]

[ 2017-10-16T20:20:04+08:00 ] 192.168.1.108 /paipai/index.php/Home/User/index
INFO: [ app_init ] --START--
INFO: Run Behavior\BuildLiteBehavior [ RunTime:0.000043s ]
INFO: [ app_init ] --END-- [ RunTime:0.000762s ]
INFO: [ app_begin ] --START--
INFO: Run Behavior\ReadHtmlCacheBehavior [ RunTime:0.000604s ]
INFO: [ app_begin ] --END-- [ RunTime:0.000650s ]
SQL: SHOW COLUMNS FROM `gdlist` [ RunTime:0.0064s ]
SQL: SELECT `price` FROM `gdlist` WHERE ( flag = '1' ) ORDER BY price asc LIMIT 1   [ RunTime:0.0003s ]
SQL: SELECT `price` FROM `gdlist` WHERE ( flag = '1' ) ORDER BY price desc LIMIT 1   [ RunTime:0.0002s ]
SQL: select sum(num) num,sum(sumje) sumje from cjlist where flag = 1  [ RunTime:0.0002s ]
SQL: select DATE_FORMAT(operdate,'%m.%d') date,sum(num) num from cjlist where flag = 1 GROUP BY DATE_FORMAT(operdate,'%Y-%m-%d') [ RunTime:0.0002s ]
SQL: select xjnum,pnum from userzj where userid = 1001 [ RunTime:0.0002s ]
SQL: select * from `user` where userid = 1001 and flag= 1 [ RunTime:0.0004s ]
INFO: [ view_parse ] --START--
INFO: [ template_filter ] --START--
INFO: Run Behavior\ContentReplaceBehavior [ RunTime:0.000094s ]
INFO: [ template_filter ] --END-- [ RunTime:0.000133s ]
INFO: Run Behavior\ParseTemplateBehavior [ RunTime:0.008953s ]
INFO: [ view_parse ] --END-- [ RunTime:0.009014s ]
INFO: [ view_filter ] --START--
INFO: Run Behavior\WriteHtmlCacheBehavior [ RunTime:0.000395s ]
INFO: [ view_filter ] --END-- [ RunTime:0.000423s ]
INFO: [ app_end ] --START--
INFO: Run Behavior\ShowPageTraceBehavior [ RunTime:0.000689s ]
INFO: [ app_end ] --END-- [ RunTime:0.000738s ]

[ 2017-10-16T20:20:14+08:00 ] 192.168.1.108 /paipai/index.php/Home/User/index
INFO: [ app_init ] --START--
INFO: Run Behavior\BuildLiteBehavior [ RunTime:0.000012s ]
INFO: [ app_init ] --END-- [ RunTime:0.000336s ]
INFO: [ app_begin ] --START--
INFO: Run Behavior\ReadHtmlCacheBehavior [ RunTime:0.000525s ]
INFO: [ app_begin ] --END-- [ RunTime:0.000570s ]
SQL: SHOW COLUMNS FROM `gdlist` [ RunTime:0.0103s ]
SQL: SELECT `price` FROM `gdlist` WHERE ( flag = '1' ) ORDER BY price asc LIMIT 1   [ RunTime:0.0003s ]
SQL: SELECT `price` FROM `gdlist` WHERE ( flag = '1' ) ORDER BY price desc LIMIT 1   [ RunTime:0.0002s ]
SQL: select sum(num) num,sum(sumje) sumje from cjlist where flag = 1  [ RunTime:0.0002s ]
SQL: select DATE_FORMAT(operdate,'%m.%d') date,sum(num) num from cjlist where flag = 1 GROUP BY DATE_FORMAT(operdate,'%Y-%m-%d') [ RunTime:0.0002s ]
SQL: select xjnum,pnum from userzj where userid = 1001 [ RunTime:0.0002s ]
SQL: select * from `user` where userid = 1001 and flag= 1 [ RunTime:0.0002s ]
INFO: [ view_parse ] --START--
INFO: [ template_filter ] --START--
INFO: Run Behavior\ContentReplaceBehavior [ RunTime:0.000232s ]
INFO: [ template_filter ] --END-- [ RunTime:0.000371s ]
INFO: Run Behavior\ParseTemplateBehavior [ RunTime:0.009781s ]
INFO: [ view_parse ] --END-- [ RunTime:0.009839s ]
INFO: [ view_filter ] --START--
INFO: Run Behavior\WriteHtmlCacheBehavior [ RunTime:0.000634s ]
INFO: [ view_filter ] --END-- [ RunTime:0.000677s ]
INFO: [ app_end ] --START--
INFO: Run Behavior\ShowPageTraceBehavior [ RunTime:0.000820s ]
INFO: [ app_end ] --END-- [ RunTime:0.000885s ]

[ 2017-10-16T20:20:17+08:00 ] 192.168.1.108 /paipai/index.php/Home/User/index
INFO: [ app_init ] --START--
INFO: Run Behavior\BuildLiteBehavior [ RunTime:0.000052s ]
INFO: [ app_init ] --END-- [ RunTime:0.001361s ]
INFO: [ app_begin ] --START--
INFO: Run Behavior\ReadHtmlCacheBehavior [ RunTime:0.000540s ]
INFO: [ app_begin ] --END-- [ RunTime:0.000594s ]
SQL: SHOW COLUMNS FROM `gdlist` [ RunTime:0.0100s ]
SQL: SELECT `price` FROM `gdlist` WHERE ( flag = '1' ) ORDER BY price asc LIMIT 1   [ RunTime:0.0004s ]
SQL: SELECT `price` FROM `gdlist` WHERE ( flag = '1' ) ORDER BY price desc LIMIT 1   [ RunTime:0.0003s ]
SQL: select sum(num) num,sum(sumje) sumje from cjlist where flag = 1  [ RunTime:0.0002s ]
SQL: select DATE_FORMAT(operdate,'%m.%d') date,sum(num) num from cjlist where flag = 1 GROUP BY DATE_FORMAT(operdate,'%Y-%m-%d') [ RunTime:0.0002s ]
SQL: select xjnum,pnum from userzj where userid = 1001 [ RunTime:0.0002s ]
SQL: select * from `user` where userid = 1001 and flag= 1 [ RunTime:0.0002s ]
INFO: [ view_parse ] --START--
INFO: [ template_filter ] --START--
INFO: Run Behavior\ContentReplaceBehavior [ RunTime:0.000091s ]
INFO: [ template_filter ] --END-- [ RunTime:0.000189s ]
INFO: Run Behavior\ParseTemplateBehavior [ RunTime:0.010360s ]
INFO: [ view_parse ] --END-- [ RunTime:0.010417s ]
INFO: [ view_filter ] --START--
INFO: Run Behavior\WriteHtmlCacheBehavior [ RunTime:0.000602s ]
INFO: [ view_filter ] --END-- [ RunTime:0.000649s ]
INFO: [ app_end ] --START--
INFO: Run Behavior\ShowPageTraceBehavior [ RunTime:0.001215s ]
INFO: [ app_end ] --END-- [ RunTime:0.001408s ]

[ 2017-10-16T20:25:20+08:00 ] 192.168.1.108 /paipai/index.php/Home/My/trad
INFO: [ app_init ] --START--
INFO: Run Behavior\BuildLiteBehavior [ RunTime:0.000019s ]
INFO: [ app_init ] --END-- [ RunTime:0.000739s ]
INFO: [ app_begin ] --START--
INFO: Run Behavior\ReadHtmlCacheBehavior [ RunTime:0.000632s ]
INFO: [ app_begin ] --END-- [ RunTime:0.000688s ]
SQL: select xjnum,pnum from userzj where userid = 1001 [ RunTime:0.0004s ]
SQL: select DATE_FORMAT(operdate,'%y-%m-%d %H:%i' ) operdate,num,price,sumje from cjlist where flag = 1 ORDER BY operdate desc [ RunTime:0.0003s ]
SQL: select id,DATE_FORMAT(operdate,'%y-%m-%d %H:%i' ) operdate,num,price,sumje from gdlist where userid <> 1001 and flag = 1 ORDER BY price [ RunTime:0.0003s ]
INFO: [ view_parse ] --START--
INFO: [ template_filter ] --START--
INFO: Run Behavior\ContentReplaceBehavior [ RunTime:0.000089s ]
INFO: [ template_filter ] --END-- [ RunTime:0.000136s ]
INFO: Run Behavior\ParseTemplateBehavior [ RunTime:0.009003s ]
INFO: [ view_parse ] --END-- [ RunTime:0.009057s ]
INFO: [ view_filter ] --START--
INFO: Run Behavior\WriteHtmlCacheBehavior [ RunTime:0.000396s ]
INFO: [ view_filter ] --END-- [ RunTime:0.000428s ]
INFO: [ app_end ] --START--
INFO: Run Behavior\ShowPageTraceBehavior [ RunTime:0.001418s ]
INFO: [ app_end ] --END-- [ RunTime:0.001547s ]

[ 2017-10-16T20:25:21+08:00 ] 192.168.1.108 /paipai/index.php/Home/User/index
INFO: [ app_init ] --START--
INFO: Run Behavior\BuildLiteBehavior [ RunTime:0.000014s ]
INFO: [ app_init ] --END-- [ RunTime:0.000355s ]
INFO: [ app_begin ] --START--
INFO: Run Behavior\ReadHtmlCacheBehavior [ RunTime:0.000646s ]
INFO: [ app_begin ] --END-- [ RunTime:0.000705s ]
SQL: SHOW COLUMNS FROM `gdlist` [ RunTime:0.0104s ]
SQL: SELECT `price` FROM `gdlist` WHERE ( flag = '1' ) ORDER BY price asc LIMIT 1   [ RunTime:0.0002s ]
SQL: SELECT `price` FROM `gdlist` WHERE ( flag = '1' ) ORDER BY price desc LIMIT 1   [ RunTime:0.0002s ]
SQL: select sum(num) num,sum(sumje) sumje from cjlist where flag = 1  [ RunTime:0.0002s ]
SQL: select DATE_FORMAT(operdate,'%m.%d') date,sum(num) num from cjlist where flag = 1 GROUP BY DATE_FORMAT(operdate,'%Y-%m-%d') [ RunTime:0.0002s ]
SQL: select xjnum,pnum from userzj where userid = 1001 [ RunTime:0.0002s ]
SQL: select * from `user` where userid = 1001 and flag= 1 [ RunTime:0.0003s ]
INFO: [ view_parse ] --START--
INFO: [ template_filter ] --START--
INFO: Run Behavior\ContentReplaceBehavior [ RunTime:0.000176s ]
INFO: [ template_filter ] --END-- [ RunTime:0.000275s ]
INFO: Run Behavior\ParseTemplateBehavior [ RunTime:0.010255s ]
INFO: [ view_parse ] --END-- [ RunTime:0.010305s ]
INFO: [ view_filter ] --START--
INFO: Run Behavior\WriteHtmlCacheBehavior [ RunTime:0.000431s ]
INFO: [ view_filter ] --END-- [ RunTime:0.000464s ]
INFO: [ app_end ] --START--
INFO: Run Behavior\ShowPageTraceBehavior [ RunTime:0.001484s ]
INFO: [ app_end ] --END-- [ RunTime:0.001593s ]

[ 2017-10-16T20:54:55+08:00 ] 192.168.1.108 /paipai/index.php/Home/User/index
INFO: [ app_init ] --START--
INFO: Run Behavior\BuildLiteBehavior [ RunTime:0.000037s ]
INFO: [ app_init ] --END-- [ RunTime:0.000937s ]
INFO: [ app_begin ] --START--
INFO: Run Behavior\ReadHtmlCacheBehavior [ RunTime:0.001023s ]
INFO: [ app_begin ] --END-- [ RunTime:0.001098s ]
SQL: SHOW COLUMNS FROM `gdlist` [ RunTime:0.0144s ]
SQL: SELECT `price` FROM `gdlist` WHERE ( flag = '1' ) ORDER BY price asc LIMIT 1   [ RunTime:0.0003s ]
SQL: SELECT `price` FROM `gdlist` WHERE ( flag = '1' ) ORDER BY price desc LIMIT 1   [ RunTime:0.0002s ]
SQL: select sum(num) num,sum(sumje) sumje from cjlist where flag = 1  [ RunTime:0.0008s ]
SQL: select DATE_FORMAT(operdate,'%m.%d') date,sum(num) num from cjlist where flag = 1 GROUP BY DATE_FORMAT(operdate,'%Y-%m-%d') [ RunTime:0.0002s ]
SQL: select xjnum,pnum from userzj where userid = 1001 [ RunTime:0.0010s ]
SQL: select * from `user` where userid = 1001 and flag= 1 [ RunTime:0.0009s ]
INFO: [ view_parse ] --START--
INFO: [ template_filter ] --START--
INFO: Run Behavior\ContentReplaceBehavior [ RunTime:0.000243s ]
INFO: [ template_filter ] --END-- [ RunTime:0.000371s ]
INFO: Run Behavior\ParseTemplateBehavior [ RunTime:0.009860s ]
INFO: [ view_parse ] --END-- [ RunTime:0.009910s ]
INFO: [ view_filter ] --START--
INFO: Run Behavior\WriteHtmlCacheBehavior [ RunTime:0.000598s ]
INFO: [ view_filter ] --END-- [ RunTime:0.000644s ]
INFO: [ app_end ] --START--
INFO: Run Behavior\ShowPageTraceBehavior [ RunTime:0.000668s ]
INFO: [ app_end ] --END-- [ RunTime:0.000712s ]

[ 2017-10-16T20:55:01+08:00 ] 192.168.1.108 /paipai/index.php/Home/User/index
INFO: [ app_init ] --START--
INFO: Run Behavior\BuildLiteBehavior [ RunTime:0.000021s ]
INFO: [ app_init ] --END-- [ RunTime:0.001351s ]
INFO: [ app_begin ] --START--
INFO: Run Behavior\ReadHtmlCacheBehavior [ RunTime:0.000729s ]
INFO: [ app_begin ] --END-- [ RunTime:0.000784s ]
SQL: SHOW COLUMNS FROM `gdlist` [ RunTime:0.0106s ]
SQL: SELECT `price` FROM `gdlist` WHERE ( flag = '1' ) ORDER BY price asc LIMIT 1   [ RunTime:0.0004s ]
SQL: SELECT `price` FROM `gdlist` WHERE ( flag = '1' ) ORDER BY price desc LIMIT 1   [ RunTime:0.0002s ]
SQL: select sum(num) num,sum(sumje) sumje from cjlist where flag = 1  [ RunTime:0.0002s ]
SQL: select DATE_FORMAT(operdate,'%m.%d') date,sum(num) num from cjlist where flag = 1 GROUP BY DATE_FORMAT(operdate,'%Y-%m-%d') [ RunTime:0.0003s ]
SQL: select xjnum,pnum from userzj where userid = 1001 [ RunTime:0.0004s ]
SQL: select * from `user` where userid = 1001 and flag= 1 [ RunTime:0.0004s ]
INFO: [ view_parse ] --START--
INFO: [ template_filter ] --START--
INFO: Run Behavior\ContentReplaceBehavior [ RunTime:0.000152s ]
INFO: [ template_filter ] --END-- [ RunTime:0.000222s ]
INFO: Run Behavior\ParseTemplateBehavior [ RunTime:0.010439s ]
INFO: [ view_parse ] --END-- [ RunTime:0.010488s ]
INFO: [ view_filter ] --START--
INFO: Run Behavior\WriteHtmlCacheBehavior [ RunTime:0.000404s ]
INFO: [ view_filter ] --END-- [ RunTime:0.000436s ]
INFO: [ app_end ] --START--
INFO: Run Behavior\ShowPageTraceBehavior [ RunTime:0.000938s ]
INFO: [ app_end ] --END-- [ RunTime:0.000999s ]

[ 2017-10-16T20:55:26+08:00 ] 192.168.1.108 /paipai/index.php/Home/User/index
INFO: [ app_init ] --START--
INFO: Run Behavior\BuildLiteBehavior [ RunTime:0.000018s ]
INFO: [ app_init ] --END-- [ RunTime:0.000577s ]
INFO: [ app_begin ] --START--
INFO: Run Behavior\ReadHtmlCacheBehavior [ RunTime:0.002209s ]
INFO: [ app_begin ] --END-- [ RunTime:0.002338s ]
SQL: SHOW COLUMNS FROM `gdlist` [ RunTime:0.0091s ]
SQL: SELECT `price` FROM `gdlist` WHERE ( flag = '1' ) ORDER BY price asc LIMIT 1   [ RunTime:0.0004s ]
SQL: SELECT `price` FROM `gdlist` WHERE ( flag = '1' ) ORDER BY price desc LIMIT 1   [ RunTime:0.0002s ]
SQL: select sum(num) num,sum(sumje) sumje from cjlist where flag = 1  [ RunTime:0.0002s ]
SQL: select DATE_FORMAT(operdate,'%m.%d') date,sum(num) num from cjlist where flag = 1 GROUP BY DATE_FORMAT(operdate,'%Y-%m-%d') [ RunTime:0.0002s ]
SQL: select xjnum,pnum from userzj where userid = 1001 [ RunTime:0.0002s ]
SQL: select * from `user` where userid = 1001 and flag= 1 [ RunTime:0.0003s ]
INFO: [ view_parse ] --START--
INFO: [ template_filter ] --START--
INFO: Run Behavior\ContentReplaceBehavior [ RunTime:0.000167s ]
INFO: [ template_filter ] --END-- [ RunTime:0.000232s ]
INFO: Run Behavior\ParseTemplateBehavior [ RunTime:0.010953s ]
INFO: [ view_parse ] --END-- [ RunTime:0.011014s ]
INFO: [ view_filter ] --START--
INFO: Run Behavior\WriteHtmlCacheBehavior [ RunTime:0.000555s ]
INFO: [ view_filter ] --END-- [ RunTime:0.000602s ]
INFO: [ app_end ] --START--
INFO: Run Behavior\ShowPageTraceBehavior [ RunTime:0.002403s ]
INFO: [ app_end ] --END-- [ RunTime:0.002510s ]

[ 2017-10-16T20:56:21+08:00 ] 192.168.1.108 /paipai/index.php/Home/User/index
INFO: [ app_init ] --START--
INFO: Run Behavior\BuildLiteBehavior [ RunTime:0.000034s ]
INFO: [ app_init ] --END-- [ RunTime:0.000767s ]
INFO: [ app_begin ] --START--
INFO: Run Behavior\ReadHtmlCacheBehavior [ RunTime:0.000869s ]
INFO: [ app_begin ] --END-- [ RunTime:0.000940s ]
SQL: SHOW COLUMNS FROM `gdlist` [ RunTime:0.0079s ]
SQL: SELECT `price` FROM `gdlist` WHERE ( flag = '1' ) ORDER BY price asc LIMIT 1   [ RunTime:0.0005s ]
SQL: SELECT `price` FROM `gdlist` WHERE ( flag = '1' ) ORDER BY price desc LIMIT 1   [ RunTime:0.0004s ]
SQL: select sum(num) num,sum(sumje) sumje from cjlist where flag = 1  [ RunTime:0.0003s ]
SQL: select DATE_FORMAT(operdate,'%m.%d') date,sum(num) num from cjlist where flag = 1 GROUP BY DATE_FORMAT(operdate,'%Y-%m-%d') [ RunTime:0.0002s ]
SQL: select xjnum,pnum from userzj where userid = 1001 [ RunTime:0.0002s ]
SQL: select * from `user` where userid = 1001 and flag= 1 [ RunTime:0.0003s ]
INFO: [ view_parse ] --START--
INFO: [ template_filter ] --START--
INFO: Run Behavior\ContentReplaceBehavior [ RunTime:0.000108s ]
INFO: [ template_filter ] --END-- [ RunTime:0.000151s ]
INFO: Run Behavior\ParseTemplateBehavior [ RunTime:0.007395s ]
INFO: [ view_parse ] --END-- [ RunTime:0.007432s ]
INFO: [ view_filter ] --START--
INFO: Run Behavior\WriteHtmlCacheBehavior [ RunTime:0.000373s ]
INFO: [ view_filter ] --END-- [ RunTime:0.000407s ]
INFO: [ app_end ] --START--
INFO: Run Behavior\ShowPageTraceBehavior [ RunTime:0.001699s ]
INFO: [ app_end ] --END-- [ RunTime:0.001827s ]

[ 2017-10-16T20:56:34+08:00 ] 192.168.1.108 /paipai/index.php/Home/My/trad/type/2
INFO: [ app_init ] --START--
INFO: Run Behavior\BuildLiteBehavior [ RunTime:0.000017s ]
INFO: [ app_init ] --END-- [ RunTime:0.000560s ]
INFO: [ app_begin ] --START--
INFO: Run Behavior\ReadHtmlCacheBehavior [ RunTime:0.001060s ]
INFO: [ app_begin ] --END-- [ RunTime:0.001138s ]
SQL: select xjnum,pnum from userzj where userid = 1001 [ RunTime:0.0003s ]
SQL: select DATE_FORMAT(operdate,'%y-%m-%d %H:%i' ) operdate,num,price,sumje from cjlist where flag = 1 ORDER BY operdate desc [ RunTime:0.0003s ]
SQL: select id,DATE_FORMAT(operdate,'%y-%m-%d %H:%i' ) operdate,num,price,sumje from gdlist where userid <> 1001 and flag = 1 ORDER BY price [ RunTime:0.0003s ]
INFO: [ view_parse ] --START--
INFO: [ template_filter ] --START--
INFO: Run Behavior\ContentReplaceBehavior [ RunTime:0.000220s ]
INFO: [ template_filter ] --END-- [ RunTime:0.000392s ]
INFO: Run Behavior\ParseTemplateBehavior [ RunTime:0.016903s ]
INFO: [ view_parse ] --END-- [ RunTime:0.017032s ]
INFO: [ view_filter ] --START--
INFO: Run Behavior\WriteHtmlCacheBehavior [ RunTime:0.000825s ]
INFO: [ view_filter ] --END-- [ RunTime:0.000879s ]
INFO: [ app_end ] --START--
INFO: Run Behavior\ShowPageTraceBehavior [ RunTime:0.000854s ]
INFO: [ app_end ] --END-- [ RunTime:0.000913s ]

[ 2017-10-16T20:56:38+08:00 ] 192.168.1.108 /paipai/index.php/Home/User/index
INFO: [ app_init ] --START--
INFO: Run Behavior\BuildLiteBehavior [ RunTime:0.000020s ]
INFO: [ app_init ] --END-- [ RunTime:0.000611s ]
INFO: [ app_begin ] --START--
INFO: Run Behavior\ReadHtmlCacheBehavior [ RunTime:0.001003s ]
INFO: [ app_begin ] --END-- [ RunTime:0.001108s ]
SQL: SHOW COLUMNS FROM `gdlist` [ RunTime:0.0092s ]
SQL: SELECT `price` FROM `gdlist` WHERE ( flag = '1' ) ORDER BY price asc LIMIT 1   [ RunTime:0.0005s ]
SQL: SELECT `price` FROM `gdlist` WHERE ( flag = '1' ) ORDER BY price desc LIMIT 1   [ RunTime:0.0003s ]
SQL: select sum(num) num,sum(sumje) sumje from cjlist where flag = 1  [ RunTime:0.0003s ]
SQL: select DATE_FORMAT(operdate,'%m.%d') date,sum(num) num from cjlist where flag = 1 GROUP BY DATE_FORMAT(operdate,'%Y-%m-%d') [ RunTime:0.0004s ]
SQL: select xjnum,pnum from userzj where userid = 1001 [ RunTime:0.0002s ]
SQL: select * from `user` where userid = 1001 and flag= 1 [ RunTime:0.0003s ]
INFO: [ view_parse ] --START--
INFO: [ template_filter ] --START--
INFO: Run Behavior\ContentReplaceBehavior [ RunTime:0.000092s ]
INFO: [ template_filter ] --END-- [ RunTime:0.000125s ]
INFO: Run Behavior\ParseTemplateBehavior [ RunTime:0.006985s ]
INFO: [ view_parse ] --END-- [ RunTime:0.007019s ]
INFO: [ view_filter ] --START--
INFO: Run Behavior\WriteHtmlCacheBehavior [ RunTime:0.000368s ]
INFO: [ view_filter ] --END-- [ RunTime:0.000397s ]
INFO: [ app_end ] --START--
INFO: Run Behavior\ShowPageTraceBehavior [ RunTime:0.000840s ]
INFO: [ app_end ] --END-- [ RunTime:0.000908s ]

[ 2017-10-16T20:56:39+08:00 ] 192.168.1.108 /paipai/index.php/Home/My/trad
INFO: [ app_init ] --START--
INFO: Run Behavior\BuildLiteBehavior [ RunTime:0.000050s ]
INFO: [ app_init ] --END-- [ RunTime:0.001266s ]
INFO: [ app_begin ] --START--
INFO: Run Behavior\ReadHtmlCacheBehavior [ RunTime:0.000608s ]
INFO: [ app_begin ] --END-- [ RunTime:0.000653s ]
SQL: select xjnum,pnum from userzj where userid = 1001 [ RunTime:0.0003s ]
SQL: select DATE_FORMAT(operdate,'%y-%m-%d %H:%i' ) operdate,num,price,sumje from cjlist where flag = 1 ORDER BY operdate desc [ RunTime:0.0003s ]
SQL: select id,DATE_FORMAT(operdate,'%y-%m-%d %H:%i' ) operdate,num,price,sumje from gdlist where userid <> 1001 and flag = 1 ORDER BY price [ RunTime:0.0003s ]
INFO: [ view_parse ] --START--
INFO: [ template_filter ] --START--
INFO: Run Behavior\ContentReplaceBehavior [ RunTime:0.000203s ]
INFO: [ template_filter ] --END-- [ RunTime:0.000375s ]
INFO: Run Behavior\ParseTemplateBehavior [ RunTime:0.010991s ]
INFO: [ view_parse ] --END-- [ RunTime:0.011057s ]
INFO: [ view_filter ] --START--
INFO: Run Behavior\WriteHtmlCacheBehavior [ RunTime:0.000830s ]
INFO: [ view_filter ] --END-- [ RunTime:0.000896s ]
INFO: [ app_end ] --START--
INFO: Run Behavior\ShowPageTraceBehavior [ RunTime:0.001252s ]
INFO: [ app_end ] --END-- [ RunTime:0.001328s ]

[ 2017-10-16T20:56:41+08:00 ] 192.168.1.108 /paipai/index.php/Home/My/jylist
INFO: [ app_init ] --START--
INFO: Run Behavior\BuildLiteBehavior [ RunTime:0.000012s ]
INFO: [ app_init ] --END-- [ RunTime:0.000410s ]
INFO: [ app_begin ] --START--
INFO: Run Behavior\ReadHtmlCacheBehavior [ RunTime:0.001283s ]
INFO: [ app_begin ] --END-- [ RunTime:0.001442s ]
SQL: select DATE_FORMAT(operdate,'%y-%m-%d %H:%i' ) operdate,num,price,sumje from cjlist where flag = 1 and buy_userid = 1001  ORDER BY operdate desc [ RunTime:0.0005s ]
SQL: select * from (select id,DATE_FORMAT(operdate,'%y-%m-%d %H:%i' ) operdate,num,price,sumje,'完成' type from cjlist where flag = 1 and sell_userid = 1001 UNION select id,DATE_FORMAT(operdate,'%y-%m-%d %H:%i' ) operdate,num,price,sumje,'挂单' type from gdlist where flag = 1 and userid = 1001 and gdtype = 2 ) t ORDER BY type desc [ RunTime:0.0075s ]
INFO: [ view_parse ] --START--
INFO: [ template_filter ] --START--
INFO: Run Behavior\ContentReplaceBehavior [ RunTime:0.000091s ]
INFO: [ template_filter ] --END-- [ RunTime:0.000135s ]
INFO: Run Behavior\ParseTemplateBehavior [ RunTime:0.009940s ]
INFO: [ view_parse ] --END-- [ RunTime:0.010014s ]
INFO: [ view_filter ] --START--
INFO: Run Behavior\WriteHtmlCacheBehavior [ RunTime:0.000619s ]
INFO: [ view_filter ] --END-- [ RunTime:0.000675s ]
INFO: [ app_end ] --START--
INFO: Run Behavior\ShowPageTraceBehavior [ RunTime:0.001379s ]
INFO: [ app_end ] --END-- [ RunTime:0.001611s ]

[ 2017-10-16T20:56:42+08:00 ] 192.168.1.108 /paipai/index.php/Home/My/index
INFO: [ app_init ] --START--
INFO: Run Behavior\BuildLiteBehavior [ RunTime:0.000018s ]
INFO: [ app_init ] --END-- [ RunTime:0.000474s ]
INFO: [ app_begin ] --START--
INFO: Run Behavior\ReadHtmlCacheBehavior [ RunTime:0.001632s ]
INFO: [ app_begin ] --END-- [ RunTime:0.001757s ]
SQL: select * from `user` where userid = 1001 and flag= 1 [ RunTime:0.0003s ]
SQL: select count(1) js from `user` where pid = 1001  [ RunTime:0.0002s ]
SQL: select xjnum,pnum from userzj where userid = 1001 [ RunTime:0.0002s ]
SQL: select sum(num) num from gdlist where userid = 1001 and flag = 1 [ RunTime:0.0002s ]
INFO: [ view_parse ] --START--
INFO: [ template_filter ] --START--
INFO: Run Behavior\ContentReplaceBehavior [ RunTime:0.000085s ]
INFO: [ template_filter ] --END-- [ RunTime:0.000129s ]
INFO: Run Behavior\ParseTemplateBehavior [ RunTime:0.009152s ]
INFO: [ view_parse ] --END-- [ RunTime:0.009252s ]
INFO: [ view_filter ] --START--
INFO: Run Behavior\WriteHtmlCacheBehavior [ RunTime:0.000736s ]
INFO: [ view_filter ] --END-- [ RunTime:0.000795s ]
INFO: [ app_end ] --START--
INFO: Run Behavior\ShowPageTraceBehavior [ RunTime:0.000976s ]
INFO: [ app_end ] --END-- [ RunTime:0.001055s ]

[ 2017-10-16T20:56:44+08:00 ] 192.168.1.108 /paipai/index.php/Home/User/index
INFO: [ app_init ] --START--
INFO: Run Behavior\BuildLiteBehavior [ RunTime:0.000013s ]
INFO: [ app_init ] --END-- [ RunTime:0.000487s ]
INFO: [ app_begin ] --START--
INFO: Run Behavior\ReadHtmlCacheBehavior [ RunTime:0.001964s ]
INFO: [ app_begin ] --END-- [ RunTime:0.002133s ]
SQL: SHOW COLUMNS FROM `gdlist` [ RunTime:0.0288s ]
SQL: SELECT `price` FROM `gdlist` WHERE ( flag = '1' ) ORDER BY price asc LIMIT 1   [ RunTime:0.0003s ]
SQL: SELECT `price` FROM `gdlist` WHERE ( flag = '1' ) ORDER BY price desc LIMIT 1   [ RunTime:0.0002s ]
SQL: select sum(num) num,sum(sumje) sumje from cjlist where flag = 1  [ RunTime:0.0002s ]
SQL: select DATE_FORMAT(operdate,'%m.%d') date,sum(num) num from cjlist where flag = 1 GROUP BY DATE_FORMAT(operdate,'%Y-%m-%d') [ RunTime:0.0002s ]
SQL: select xjnum,pnum from userzj where userid = 1001 [ RunTime:0.0002s ]
SQL: select * from `user` where userid = 1001 and flag= 1 [ RunTime:0.0003s ]
INFO: [ view_parse ] --START--
INFO: [ template_filter ] --START--
INFO: Run Behavior\ContentReplaceBehavior [ RunTime:0.000240s ]
INFO: [ template_filter ] --END-- [ RunTime:0.000318s ]
INFO: Run Behavior\ParseTemplateBehavior [ RunTime:0.011548s ]
INFO: [ view_parse ] --END-- [ RunTime:0.011652s ]
INFO: [ view_filter ] --START--
INFO: Run Behavior\WriteHtmlCacheBehavior [ RunTime:0.000975s ]
INFO: [ view_filter ] --END-- [ RunTime:0.001052s ]
INFO: [ app_end ] --START--
INFO: Run Behavior\ShowPageTraceBehavior [ RunTime:0.001247s ]
INFO: [ app_end ] --END-- [ RunTime:0.001401s ]

[ 2017-10-16T20:56:46+08:00 ] 192.168.1.108 /paipai/index.php/Home/My/trad
INFO: [ app_init ] --START--
INFO: Run Behavior\BuildLiteBehavior [ RunTime:0.000012s ]
INFO: [ app_init ] --END-- [ RunTime:0.000353s ]
INFO: [ app_begin ] --START--
INFO: Run Behavior\ReadHtmlCacheBehavior [ RunTime:0.001087s ]
INFO: [ app_begin ] --END-- [ RunTime:0.001168s ]
SQL: select xjnum,pnum from userzj where userid = 1001 [ RunTime:0.0006s ]
SQL: select DATE_FORMAT(operdate,'%y-%m-%d %H:%i' ) operdate,num,price,sumje from cjlist where flag = 1 ORDER BY operdate desc [ RunTime:0.0006s ]
SQL: select id,DATE_FORMAT(operdate,'%y-%m-%d %H:%i' ) operdate,num,price,sumje from gdlist where userid <> 1001 and flag = 1 ORDER BY price [ RunTime:0.0004s ]
INFO: [ view_parse ] --START--
INFO: [ template_filter ] --START--
INFO: Run Behavior\ContentReplaceBehavior [ RunTime:0.000090s ]
INFO: [ template_filter ] --END-- [ RunTime:0.000139s ]
INFO: Run Behavior\ParseTemplateBehavior [ RunTime:0.012685s ]
INFO: [ view_parse ] --END-- [ RunTime:0.012743s ]
INFO: [ view_filter ] --START--
INFO: Run Behavior\WriteHtmlCacheBehavior [ RunTime:0.000672s ]
INFO: [ view_filter ] --END-- [ RunTime:0.000717s ]
INFO: [ app_end ] --START--
INFO: Run Behavior\ShowPageTraceBehavior [ RunTime:0.001137s ]
INFO: [ app_end ] --END-- [ RunTime:0.001227s ]

[ 2017-10-16T20:56:46+08:00 ] 192.168.1.108 /paipai/index.php/Home/My/jylist
INFO: [ app_init ] --START--
INFO: Run Behavior\BuildLiteBehavior [ RunTime:0.000016s ]
INFO: [ app_init ] --END-- [ RunTime:0.000618s ]
INFO: [ app_begin ] --START--
INFO: Run Behavior\ReadHtmlCacheBehavior [ RunTime:0.001539s ]
INFO: [ app_begin ] --END-- [ RunTime:0.001757s ]
SQL: select DATE_FORMAT(operdate,'%y-%m-%d %H:%i' ) operdate,num,price,sumje from cjlist where flag = 1 and buy_userid = 1001  ORDER BY operdate desc [ RunTime:0.0005s ]
SQL: select * from (select id,DATE_FORMAT(operdate,'%y-%m-%d %H:%i' ) operdate,num,price,sumje,'完成' type from cjlist where flag = 1 and sell_userid = 1001 UNION select id,DATE_FORMAT(operdate,'%y-%m-%d %H:%i' ) operdate,num,price,sumje,'挂单' type from gdlist where flag = 1 and userid = 1001 and gdtype = 2 ) t ORDER BY type desc [ RunTime:0.0008s ]
INFO: [ view_parse ] --START--
INFO: [ template_filter ] --START--
INFO: Run Behavior\ContentReplaceBehavior [ RunTime:0.000136s ]
INFO: [ template_filter ] --END-- [ RunTime:0.000216s ]
INFO: Run Behavior\ParseTemplateBehavior [ RunTime:0.015139s ]
INFO: [ view_parse ] --END-- [ RunTime:0.015202s ]
INFO: [ view_filter ] --START--
INFO: Run Behavior\WriteHtmlCacheBehavior [ RunTime:0.000401s ]
INFO: [ view_filter ] --END-- [ RunTime:0.000438s ]
INFO: [ app_end ] --START--
INFO: Run Behavior\ShowPageTraceBehavior [ RunTime:0.000786s ]
INFO: [ app_end ] --END-- [ RunTime:0.000841s ]

[ 2017-10-16T20:56:47+08:00 ] 192.168.1.108 /paipai/index.php/Home/My/index
INFO: [ app_init ] --START--
INFO: Run Behavior\BuildLiteBehavior [ RunTime:0.000014s ]
INFO: [ app_init ] --END-- [ RunTime:0.000517s ]
INFO: [ app_begin ] --START--
INFO: Run Behavior\ReadHtmlCacheBehavior [ RunTime:0.001344s ]
INFO: [ app_begin ] --END-- [ RunTime:0.001457s ]
SQL: select * from `user` where userid = 1001 and flag= 1 [ RunTime:0.0003s ]
SQL: select count(1) js from `user` where pid = 1001  [ RunTime:0.0002s ]
SQL: select xjnum,pnum from userzj where userid = 1001 [ RunTime:0.0002s ]
SQL: select sum(num) num from gdlist where userid = 1001 and flag = 1 [ RunTime:0.0002s ]
INFO: [ view_parse ] --START--
INFO: [ template_filter ] --START--
INFO: Run Behavior\ContentReplaceBehavior [ RunTime:0.000146s ]
INFO: [ template_filter ] --END-- [ RunTime:0.000237s ]
INFO: Run Behavior\ParseTemplateBehavior [ RunTime:0.014542s ]
INFO: [ view_parse ] --END-- [ RunTime:0.014612s ]
INFO: [ view_filter ] --START--
INFO: Run Behavior\WriteHtmlCacheBehavior [ RunTime:0.000723s ]
INFO: [ view_filter ] --END-- [ RunTime:0.000778s ]
INFO: [ app_end ] --START--
INFO: Run Behavior\ShowPageTraceBehavior [ RunTime:0.000947s ]
INFO: [ app_end ] --END-- [ RunTime:0.001024s ]

[ 2017-10-16T20:56:48+08:00 ] 192.168.1.108 /paipai/index.php/Home/User/index
INFO: [ app_init ] --START--
INFO: Run Behavior\BuildLiteBehavior [ RunTime:0.000018s ]
INFO: [ app_init ] --END-- [ RunTime:0.000697s ]
INFO: [ app_begin ] --START--
INFO: Run Behavior\ReadHtmlCacheBehavior [ RunTime:0.000551s ]
INFO: [ app_begin ] --END-- [ RunTime:0.000596s ]
SQL: SHOW COLUMNS FROM `gdlist` [ RunTime:0.0094s ]
SQL: SELECT `price` FROM `gdlist` WHERE ( flag = '1' ) ORDER BY price asc LIMIT 1   [ RunTime:0.0003s ]
SQL: SELECT `price` FROM `gdlist` WHERE ( flag = '1' ) ORDER BY price desc LIMIT 1   [ RunTime:0.0002s ]
SQL: select sum(num) num,sum(sumje) sumje from cjlist where flag = 1  [ RunTime:0.0002s ]
SQL: select DATE_FORMAT(operdate,'%m.%d') date,sum(num) num from cjlist where flag = 1 GROUP BY DATE_FORMAT(operdate,'%Y-%m-%d') [ RunTime:0.0002s ]
SQL: select xjnum,pnum from userzj where userid = 1001 [ RunTime:0.0002s ]
SQL: select * from `user` where userid = 1001 and flag= 1 [ RunTime:0.0002s ]
INFO: [ view_parse ] --START--
INFO: [ template_filter ] --START--
INFO: Run Behavior\ContentReplaceBehavior [ RunTime:0.000103s ]
INFO: [ template_filter ] --END-- [ RunTime:0.000147s ]
INFO: Run Behavior\ParseTemplateBehavior [ RunTime:0.012147s ]
INFO: [ view_parse ] --END-- [ RunTime:0.012184s ]
INFO: [ view_filter ] --START--
INFO: Run Behavior\WriteHtmlCacheBehavior [ RunTime:0.000383s ]
INFO: [ view_filter ] --END-- [ RunTime:0.000414s ]
INFO: [ app_end ] --START--
INFO: Run Behavior\ShowPageTraceBehavior [ RunTime:0.000751s ]
INFO: [ app_end ] --END-- [ RunTime:0.000805s ]

[ 2017-10-16T20:56:55+08:00 ] 192.168.1.108 /paipai/index.php/Home/My/trad
INFO: [ app_init ] --START--
INFO: Run Behavior\BuildLiteBehavior [ RunTime:0.000016s ]
INFO: [ app_init ] --END-- [ RunTime:0.000629s ]
INFO: [ app_begin ] --START--
INFO: Run Behavior\ReadHtmlCacheBehavior [ RunTime:0.001807s ]
INFO: [ app_begin ] --END-- [ RunTime:0.002017s ]
SQL: select xjnum,pnum from userzj where userid = 1001 [ RunTime:0.0003s ]
SQL: select DATE_FORMAT(operdate,'%y-%m-%d %H:%i' ) operdate,num,price,sumje from cjlist where flag = 1 ORDER BY operdate desc [ RunTime:0.0002s ]
SQL: select id,DATE_FORMAT(operdate,'%y-%m-%d %H:%i' ) operdate,num,price,sumje from gdlist where userid <> 1001 and flag = 1 ORDER BY price [ RunTime:0.0002s ]
INFO: [ view_parse ] --START--
INFO: [ template_filter ] --START--
INFO: Run Behavior\ContentReplaceBehavior [ RunTime:0.000176s ]
INFO: [ template_filter ] --END-- [ RunTime:0.000322s ]
INFO: Run Behavior\ParseTemplateBehavior [ RunTime:0.012435s ]
INFO: [ view_parse ] --END-- [ RunTime:0.012519s ]
INFO: [ view_filter ] --START--
INFO: Run Behavior\WriteHtmlCacheBehavior [ RunTime:0.000581s ]
INFO: [ view_filter ] --END-- [ RunTime:0.000636s ]
INFO: [ app_end ] --START--
INFO: Run Behavior\ShowPageTraceBehavior [ RunTime:0.000836s ]
INFO: [ app_end ] --END-- [ RunTime:0.000898s ]

[ 2017-10-16T20:56:56+08:00 ] 192.168.1.108 /paipai/index.php/Home/My/jylist
INFO: [ app_init ] --START--
INFO: Run Behavior\BuildLiteBehavior [ RunTime:0.000042s ]
INFO: [ app_init ] --END-- [ RunTime:0.001182s ]
INFO: [ app_begin ] --START--
INFO: Run Behavior\ReadHtmlCacheBehavior [ RunTime:0.000622s ]
INFO: [ app_begin ] --END-- [ RunTime:0.000676s ]
SQL: select DATE_FORMAT(operdate,'%y-%m-%d %H:%i' ) operdate,num,price,sumje from cjlist where flag = 1 and buy_userid = 1001  ORDER BY operdate desc [ RunTime:0.0003s ]
SQL: select * from (select id,DATE_FORMAT(operdate,'%y-%m-%d %H:%i' ) operdate,num,price,sumje,'完成' type from cjlist where flag = 1 and sell_userid = 1001 UNION select id,DATE_FORMAT(operdate,'%y-%m-%d %H:%i' ) operdate,num,price,sumje,'挂单' type from gdlist where flag = 1 and userid = 1001 and gdtype = 2 ) t ORDER BY type desc [ RunTime:0.0005s ]
INFO: [ view_parse ] --START--
INFO: [ template_filter ] --START--
INFO: Run Behavior\ContentReplaceBehavior [ RunTime:0.000162s ]
INFO: [ template_filter ] --END-- [ RunTime:0.000257s ]
INFO: Run Behavior\ParseTemplateBehavior [ RunTime:0.014521s ]
INFO: [ view_parse ] --END-- [ RunTime:0.014604s ]
INFO: [ view_filter ] --START--
INFO: Run Behavior\WriteHtmlCacheBehavior [ RunTime:0.000707s ]
INFO: [ view_filter ] --END-- [ RunTime:0.000768s ]
INFO: [ app_end ] --START--
INFO: Run Behavior\ShowPageTraceBehavior [ RunTime:0.000925s ]
INFO: [ app_end ] --END-- [ RunTime:0.001003s ]

[ 2017-10-16T20:56:57+08:00 ] 192.168.1.108 /paipai/index.php/Home/My/index
INFO: [ app_init ] --START--
INFO: Run Behavior\BuildLiteBehavior [ RunTime:0.000048s ]
INFO: [ app_init ] --END-- [ RunTime:0.001197s ]
INFO: [ app_begin ] --START--
INFO: Run Behavior\ReadHtmlCacheBehavior [ RunTime:0.001004s ]
INFO: [ app_begin ] --END-- [ RunTime:0.001095s ]
SQL: select * from `user` where userid = 1001 and flag= 1 [ RunTime:0.0003s ]
SQL: select count(1) js from `user` where pid = 1001  [ RunTime:0.0002s ]
SQL: select xjnum,pnum from userzj where userid = 1001 [ RunTime:0.0002s ]
SQL: select sum(num) num from gdlist where userid = 1001 and flag = 1 [ RunTime:0.0003s ]
INFO: [ view_parse ] --START--
INFO: [ template_filter ] --START--
INFO: Run Behavior\ContentReplaceBehavior [ RunTime:0.000082s ]
INFO: [ template_filter ] --END-- [ RunTime:0.000124s ]
INFO: Run Behavior\ParseTemplateBehavior [ RunTime:0.010655s ]
INFO: [ view_parse ] --END-- [ RunTime:0.010711s ]
INFO: [ view_filter ] --START--
INFO: Run Behavior\WriteHtmlCacheBehavior [ RunTime:0.000423s ]
INFO: [ view_filter ] --END-- [ RunTime:0.000453s ]
INFO: [ app_end ] --START--
INFO: Run Behavior\ShowPageTraceBehavior [ RunTime:0.000623s ]
INFO: [ app_end ] --END-- [ RunTime:0.000673s ]

[ 2017-10-16T20:57:03+08:00 ] 192.168.1.108 /paipai/index.php/Home/My/jylist
INFO: [ app_init ] --START--
INFO: Run Behavior\BuildLiteBehavior [ RunTime:0.000017s ]
INFO: [ app_init ] --END-- [ RunTime:0.000602s ]
INFO: [ app_begin ] --START--
INFO: Run Behavior\ReadHtmlCacheBehavior [ RunTime:0.001769s ]
INFO: [ app_begin ] --END-- [ RunTime:0.001971s ]
SQL: select DATE_FORMAT(operdate,'%y-%m-%d %H:%i' ) operdate,num,price,sumje from cjlist where flag = 1 and buy_userid = 1001  ORDER BY operdate desc [ RunTime:0.0003s ]
SQL: select * from (select id,DATE_FORMAT(operdate,'%y-%m-%d %H:%i' ) operdate,num,price,sumje,'完成' type from cjlist where flag = 1 and sell_userid = 1001 UNION select id,DATE_FORMAT(operdate,'%y-%m-%d %H:%i' ) operdate,num,price,sumje,'挂单' type from gdlist where flag = 1 and userid = 1001 and gdtype = 2 ) t ORDER BY type desc [ RunTime:0.0006s ]
INFO: [ view_parse ] --START--
INFO: [ template_filter ] --START--
INFO: Run Behavior\ContentReplaceBehavior [ RunTime:0.000104s ]
INFO: [ template_filter ] --END-- [ RunTime:0.000149s ]
INFO: Run Behavior\ParseTemplateBehavior [ RunTime:0.009664s ]
INFO: [ view_parse ] --END-- [ RunTime:0.009715s ]
INFO: [ view_filter ] --START--
INFO: Run Behavior\WriteHtmlCacheBehavior [ RunTime:0.000578s ]
INFO: [ view_filter ] --END-- [ RunTime:0.000669s ]
INFO: [ app_end ] --START--
INFO: Run Behavior\ShowPageTraceBehavior [ RunTime:0.001241s ]
INFO: [ app_end ] --END-- [ RunTime:0.001326s ]

[ 2017-10-16T20:57:04+08:00 ] 192.168.1.108 /paipai/index.php/Home/My/trad
INFO: [ app_init ] --START--
INFO: Run Behavior\BuildLiteBehavior [ RunTime:0.000033s ]
INFO: [ app_init ] --END-- [ RunTime:0.001494s ]
INFO: [ app_begin ] --START--
INFO: Run Behavior\ReadHtmlCacheBehavior [ RunTime:0.000591s ]
INFO: [ app_begin ] --END-- [ RunTime:0.000639s ]
SQL: select xjnum,pnum from userzj where userid = 1001 [ RunTime:0.0007s ]
SQL: select DATE_FORMAT(operdate,'%y-%m-%d %H:%i' ) operdate,num,price,sumje from cjlist where flag = 1 ORDER BY operdate desc [ RunTime:0.0004s ]
SQL: select id,DATE_FORMAT(operdate,'%y-%m-%d %H:%i' ) operdate,num,price,sumje from gdlist where userid <> 1001 and flag = 1 ORDER BY price [ RunTime:0.0005s ]
INFO: [ view_parse ] --START--
INFO: [ template_filter ] --START--
INFO: Run Behavior\ContentReplaceBehavior [ RunTime:0.000075s ]
INFO: [ template_filter ] --END-- [ RunTime:0.000126s ]
INFO: Run Behavior\ParseTemplateBehavior [ RunTime:0.009808s ]
INFO: [ view_parse ] --END-- [ RunTime:0.009854s ]
INFO: [ view_filter ] --START--
INFO: Run Behavior\WriteHtmlCacheBehavior [ RunTime:0.000380s ]
INFO: [ view_filter ] --END-- [ RunTime:0.000412s ]
INFO: [ app_end ] --START--
INFO: Run Behavior\ShowPageTraceBehavior [ RunTime:0.000952s ]
INFO: [ app_end ] --END-- [ RunTime:0.001020s ]

[ 2017-10-16T20:57:05+08:00 ] 192.168.1.108 /paipai/index.php/Home/User/index
INFO: [ app_init ] --START--
INFO: Run Behavior\BuildLiteBehavior [ RunTime:0.000021s ]
INFO: [ app_init ] --END-- [ RunTime:0.000746s ]
INFO: [ app_begin ] --START--
INFO: Run Behavior\ReadHtmlCacheBehavior [ RunTime:0.002170s ]
INFO: [ app_begin ] --END-- [ RunTime:0.002338s ]
SQL: SHOW COLUMNS FROM `gdlist` [ RunTime:0.0116s ]
SQL: SELECT `price` FROM `gdlist` WHERE ( flag = '1' ) ORDER BY price asc LIMIT 1   [ RunTime:0.0003s ]
SQL: SELECT `price` FROM `gdlist` WHERE ( flag = '1' ) ORDER BY price desc LIMIT 1   [ RunTime:0.0002s ]
SQL: select sum(num) num,sum(sumje) sumje from cjlist where flag = 1  [ RunTime:0.0002s ]
SQL: select DATE_FORMAT(operdate,'%m.%d') date,sum(num) num from cjlist where flag = 1 GROUP BY DATE_FORMAT(operdate,'%Y-%m-%d') [ RunTime:0.0002s ]
SQL: select xjnum,pnum from userzj where userid = 1001 [ RunTime:0.0002s ]
SQL: select * from `user` where userid = 1001 and flag= 1 [ RunTime:0.0003s ]
INFO: [ view_parse ] --START--
INFO: [ template_filter ] --START--
INFO: Run Behavior\ContentReplaceBehavior [ RunTime:0.000392s ]
INFO: [ template_filter ] --END-- [ RunTime:0.000659s ]
INFO: Run Behavior\ParseTemplateBehavior [ RunTime:0.010339s ]
INFO: [ view_parse ] --END-- [ RunTime:0.010405s ]
INFO: [ view_filter ] --START--
INFO: Run Behavior\WriteHtmlCacheBehavior [ RunTime:0.000968s ]
INFO: [ view_filter ] --END-- [ RunTime:0.001031s ]
INFO: [ app_end ] --START--
INFO: Run Behavior\ShowPageTraceBehavior [ RunTime:0.001056s ]
INFO: [ app_end ] --END-- [ RunTime:0.001140s ]

[ 2017-10-16T20:57:44+08:00 ] 192.168.1.108 /paipai/index.php/Home/My/index
INFO: [ app_init ] --START--
INFO: Run Behavior\BuildLiteBehavior [ RunTime:0.000016s ]
INFO: [ app_init ] --END-- [ RunTime:0.000597s ]
INFO: [ app_begin ] --START--
INFO: Run Behavior\ReadHtmlCacheBehavior [ RunTime:0.000671s ]
INFO: [ app_begin ] --END-- [ RunTime:0.000741s ]
SQL: select * from `user` where userid = 1001 and flag= 1 [ RunTime:0.0003s ]
SQL: select count(1) js from `user` where pid = 1001  [ RunTime:0.0002s ]
SQL: select xjnum,pnum from userzj where userid = 1001 [ RunTime:0.0002s ]
SQL: select sum(num) num from gdlist where userid = 1001 and flag = 1 [ RunTime:0.0002s ]
INFO: [ view_parse ] --START--
INFO: [ template_filter ] --START--
INFO: Run Behavior\ContentReplaceBehavior [ RunTime:0.000089s ]
INFO: [ template_filter ] --END-- [ RunTime:0.000136s ]
INFO: Run Behavior\ParseTemplateBehavior [ RunTime:0.009939s ]
INFO: [ view_parse ] --END-- [ RunTime:0.010000s ]
INFO: [ view_filter ] --START--
INFO: Run Behavior\WriteHtmlCacheBehavior [ RunTime:0.000404s ]
INFO: [ view_filter ] --END-- [ RunTime:0.000438s ]
INFO: [ app_end ] --START--
INFO: Run Behavior\ShowPageTraceBehavior [ RunTime:0.000775s ]
INFO: [ app_end ] --END-- [ RunTime:0.000838s ]

[ 2017-10-16T20:57:45+08:00 ] 192.168.1.108 /paipai/index.php/Home/User/loginout
INFO: [ app_init ] --START--
INFO: Run Behavior\BuildLiteBehavior [ RunTime:0.000013s ]
INFO: [ app_init ] --END-- [ RunTime:0.000627s ]
INFO: [ app_begin ] --START--
INFO: Run Behavior\ReadHtmlCacheBehavior [ RunTime:0.000605s ]
INFO: [ app_begin ] --END-- [ RunTime:0.000673s ]

[ 2017-10-16T20:57:45+08:00 ] 192.168.1.108 /paipai/index.php/Home/User/login.html
INFO: [ app_init ] --START--
INFO: Run Behavior\BuildLiteBehavior [ RunTime:0.000022s ]
INFO: [ app_init ] --END-- [ RunTime:0.000808s ]
INFO: [ app_begin ] --START--
INFO: Run Behavior\ReadHtmlCacheBehavior [ RunTime:0.001227s ]
INFO: [ app_begin ] --END-- [ RunTime:0.001318s ]
INFO: [ view_parse ] --START--
INFO: [ template_filter ] --START--
INFO: Run Behavior\ContentReplaceBehavior [ RunTime:0.000098s ]
INFO: [ template_filter ] --END-- [ RunTime:0.000186s ]
INFO: Run Behavior\ParseTemplateBehavior [ RunTime:0.009771s ]
INFO: [ view_parse ] --END-- [ RunTime:0.009855s ]
INFO: [ view_filter ] --START--
INFO: Run Behavior\WriteHtmlCacheBehavior [ RunTime:0.000615s ]
INFO: [ view_filter ] --END-- [ RunTime:0.000668s ]
INFO: [ app_end ] --START--
INFO: Run Behavior\ShowPageTraceBehavior [ RunTime:0.000905s ]
INFO: [ app_end ] --END-- [ RunTime:0.000962s ]

[ 2017-10-16T21:01:00+08:00 ] 192.168.1.108 /paipai/index.php/Home/User/checkLogined
INFO: [ app_init ] --START--
INFO: Run Behavior\BuildLiteBehavior [ RunTime:0.000014s ]
INFO: [ app_init ] --END-- [ RunTime:0.000462s ]
INFO: [ app_begin ] --START--
INFO: Run Behavior\ReadHtmlCacheBehavior [ RunTime:0.001167s ]
INFO: [ app_begin ] --END-- [ RunTime:0.001251s ]
SQL: SHOW COLUMNS FROM `user` [ RunTime:0.0078s ]
SQL: SELECT * FROM `user` WHERE ( user="ceshi01" and pasword="c4ca4238a0b923820dcc509a6f75849b" ) LIMIT 1   [ RunTime:0.0004s ]

[ 2017-10-16T21:01:01+08:00 ] 192.168.1.108 /paipai/index.php/Home/User/Index.html
INFO: [ app_init ] --START--
INFO: Run Behavior\BuildLiteBehavior [ RunTime:0.000018s ]
INFO: [ app_init ] --END-- [ RunTime:0.000606s ]
INFO: [ app_begin ] --START--
INFO: Run Behavior\ReadHtmlCacheBehavior [ RunTime:0.000941s ]
INFO: [ app_begin ] --END-- [ RunTime:0.001027s ]
SQL: SHOW COLUMNS FROM `gdlist` [ RunTime:0.0122s ]
SQL: SELECT `price` FROM `gdlist` WHERE ( flag = '1' ) ORDER BY price asc LIMIT 1   [ RunTime:0.0004s ]
SQL: SELECT `price` FROM `gdlist` WHERE ( flag = '1' ) ORDER BY price desc LIMIT 1   [ RunTime:0.0003s ]
SQL: select sum(num) num,sum(sumje) sumje from cjlist where flag = 1  [ RunTime:0.0016s ]
SQL: select DATE_FORMAT(operdate,'%m.%d') date,sum(num) num from cjlist where flag = 1 GROUP BY DATE_FORMAT(operdate,'%Y-%m-%d') [ RunTime:0.0003s ]
SQL: select xjnum,pnum from userzj where userid = 1001 [ RunTime:0.0011s ]
SQL: select * from `user` where userid = 1001 and flag= 1 [ RunTime:0.0003s ]
INFO: [ view_parse ] --START--
INFO: [ template_filter ] --START--
INFO: Run Behavior\ContentReplaceBehavior [ RunTime:0.000154s ]
INFO: [ template_filter ] --END-- [ RunTime:0.000250s ]
INFO: Run Behavior\ParseTemplateBehavior [ RunTime:0.013407s ]
INFO: [ view_parse ] --END-- [ RunTime:0.013486s ]
INFO: [ view_filter ] --START--
INFO: Run Behavior\WriteHtmlCacheBehavior [ RunTime:0.000493s ]
INFO: [ view_filter ] --END-- [ RunTime:0.000529s ]
INFO: [ app_end ] --START--
INFO: Run Behavior\ShowPageTraceBehavior [ RunTime:0.001165s ]
INFO: [ app_end ] --END-- [ RunTime:0.001224s ]

[ 2017-10-16T21:01:08+08:00 ] 192.168.1.108 /paipai/index.php/Home/My/jylist
INFO: [ app_init ] --START--
INFO: Run Behavior\BuildLiteBehavior [ RunTime:0.000014s ]
INFO: [ app_init ] --END-- [ RunTime:0.000559s ]
INFO: [ app_begin ] --START--
INFO: Run Behavior\ReadHtmlCacheBehavior [ RunTime:0.001059s ]
INFO: [ app_begin ] --END-- [ RunTime:0.001224s ]
SQL: select DATE_FORMAT(operdate,'%y-%m-%d %H:%i' ) operdate,num,price,sumje from cjlist where flag = 1 and buy_userid = 1001  ORDER BY operdate desc [ RunTime:0.0008s ]
SQL: select * from (select id,DATE_FORMAT(operdate,'%y-%m-%d %H:%i' ) operdate,num,price,sumje,'完成' type from cjlist where flag = 1 and sell_userid = 1001 UNION select id,DATE_FORMAT(operdate,'%y-%m-%d %H:%i' ) operdate,num,price,sumje,'挂单' type from gdlist where flag = 1 and userid = 1001 and gdtype = 2 ) t ORDER BY type desc [ RunTime:0.0015s ]
INFO: [ view_parse ] --START--
INFO: [ template_filter ] --START--
INFO: Run Behavior\ContentReplaceBehavior [ RunTime:0.000341s ]
INFO: [ template_filter ] --END-- [ RunTime:0.000599s ]
INFO: Run Behavior\ParseTemplateBehavior [ RunTime:0.013483s ]
INFO: [ view_parse ] --END-- [ RunTime:0.013606s ]
INFO: [ view_filter ] --START--
INFO: Run Behavior\WriteHtmlCacheBehavior [ RunTime:0.000889s ]
INFO: [ view_filter ] --END-- [ RunTime:0.000950s ]
INFO: [ app_end ] --START--
INFO: Run Behavior\ShowPageTraceBehavior [ RunTime:0.001047s ]
INFO: [ app_end ] --END-- [ RunTime:0.001116s ]

[ 2017-10-16T21:06:52+08:00 ] 192.168.1.108 /paipai/index.php/Home/My/jylist
INFO: [ app_init ] --START--
INFO: Run Behavior\BuildLiteBehavior [ RunTime:0.000017s ]
INFO: [ app_init ] --END-- [ RunTime:0.000603s ]
INFO: [ app_begin ] --START--
INFO: Run Behavior\ReadHtmlCacheBehavior [ RunTime:0.000848s ]
INFO: [ app_begin ] --END-- [ RunTime:0.000931s ]
SQL: select DATE_FORMAT(operdate,'%y-%m-%d %H:%i' ) operdate,num,price,sumje from cjlist where flag = 1 and buy_userid = 1001  ORDER BY operdate desc [ RunTime:0.0003s ]
SQL: select * from (select id,DATE_FORMAT(operdate,'%y-%m-%d %H:%i' ) operdate,num,price,sumje,'完成' type from cjlist where flag = 1 and sell_userid = 1001 UNION select id,DATE_FORMAT(operdate,'%y-%m-%d %H:%i' ) operdate,num,price,sumje,'挂单' type from gdlist where flag = 1 and userid = 1001 and gdtype = 2 ) t ORDER BY type desc [ RunTime:0.0005s ]
INFO: [ view_parse ] --START--
INFO: [ template_filter ] --START--
INFO: Run Behavior\ContentReplaceBehavior [ RunTime:0.000121s ]
INFO: [ template_filter ] --END-- [ RunTime:0.000179s ]
INFO: Run Behavior\ParseTemplateBehavior [ RunTime:0.014212s ]
INFO: [ view_parse ] --END-- [ RunTime:0.014264s ]
INFO: [ view_filter ] --START--
INFO: Run Behavior\WriteHtmlCacheBehavior [ RunTime:0.000412s ]
INFO: [ view_filter ] --END-- [ RunTime:0.000444s ]
INFO: [ app_end ] --START--
INFO: Run Behavior\ShowPageTraceBehavior [ RunTime:0.000773s ]
INFO: [ app_end ] --END-- [ RunTime:0.000822s ]

[ 2017-10-16T21:06:56+08:00 ] 192.168.1.108 /paipai/index.php/Home/My/trad
INFO: [ app_init ] --START--
INFO: Run Behavior\BuildLiteBehavior [ RunTime:0.000011s ]
INFO: [ app_init ] --END-- [ RunTime:0.000444s ]
INFO: [ app_begin ] --START--
INFO: Run Behavior\ReadHtmlCacheBehavior [ RunTime:0.000594s ]
INFO: [ app_begin ] --END-- [ RunTime:0.000631s ]
SQL: select xjnum,pnum from userzj where userid = 1001 [ RunTime:0.0003s ]
SQL: select DATE_FORMAT(operdate,'%y-%m-%d %H:%i' ) operdate,num,price,sumje from cjlist where flag = 1 ORDER BY operdate desc [ RunTime:0.0002s ]
SQL: select id,DATE_FORMAT(operdate,'%y-%m-%d %H:%i' ) operdate,num,price,sumje from gdlist where userid <> 1001 and flag = 1 ORDER BY price [ RunTime:0.0003s ]
INFO: [ view_parse ] --START--
INFO: [ template_filter ] --START--
INFO: Run Behavior\ContentReplaceBehavior [ RunTime:0.000089s ]
INFO: [ template_filter ] --END-- [ RunTime:0.000140s ]
INFO: Run Behavior\ParseTemplateBehavior [ RunTime:0.010507s ]
INFO: [ view_parse ] --END-- [ RunTime:0.010572s ]
INFO: [ view_filter ] --START--
INFO: Run Behavior\WriteHtmlCacheBehavior [ RunTime:0.000622s ]
INFO: [ view_filter ] --END-- [ RunTime:0.000678s ]
INFO: [ app_end ] --START--
INFO: Run Behavior\ShowPageTraceBehavior [ RunTime:0.000993s ]
INFO: [ app_end ] --END-- [ RunTime:0.001042s ]

[ 2017-10-16T21:07:04+08:00 ] 192.168.1.108 /paipai/index.php/Home/My/jylist
INFO: [ app_init ] --START--
INFO: Run Behavior\BuildLiteBehavior [ RunTime:0.000047s ]
INFO: [ app_init ] --END-- [ RunTime:0.001003s ]
INFO: [ app_begin ] --START--
INFO: Run Behavior\ReadHtmlCacheBehavior [ RunTime:0.000591s ]
INFO: [ app_begin ] --END-- [ RunTime:0.000645s ]
SQL: select DATE_FORMAT(operdate,'%y-%m-%d %H:%i' ) operdate,num,price,sumje from cjlist where flag = 1 and buy_userid = 1001  ORDER BY operdate desc [ RunTime:0.0008s ]
SQL: select * from (select id,DATE_FORMAT(operdate,'%y-%m-%d %H:%i' ) operdate,num,price,sumje,'完成' type from cjlist where flag = 1 and sell_userid = 1001 UNION select id,DATE_FORMAT(operdate,'%y-%m-%d %H:%i' ) operdate,num,price,sumje,'挂单' type from gdlist where flag = 1 and userid = 1001 and gdtype = 2 ) t ORDER BY type desc [ RunTime:0.0016s ]
INFO: [ view_parse ] --START--
INFO: [ template_filter ] --START--
INFO: Run Behavior\ContentReplaceBehavior [ RunTime:0.000089s ]
INFO: [ template_filter ] --END-- [ RunTime:0.000131s ]
INFO: Run Behavior\ParseTemplateBehavior [ RunTime:0.010584s ]
INFO: [ view_parse ] --END-- [ RunTime:0.010678s ]
INFO: [ view_filter ] --START--
INFO: Run Behavior\WriteHtmlCacheBehavior [ RunTime:0.000394s ]
INFO: [ view_filter ] --END-- [ RunTime:0.000436s ]
INFO: [ app_end ] --START--
INFO: Run Behavior\ShowPageTraceBehavior [ RunTime:0.001903s ]
INFO: [ app_end ] --END-- [ RunTime:0.002031s ]

[ 2017-10-16T21:07:32+08:00 ] 192.168.1.108 /paipai/index.php/Home/My/jylist
INFO: [ app_init ] --START--
INFO: Run Behavior\BuildLiteBehavior [ RunTime:0.000014s ]
INFO: [ app_init ] --END-- [ RunTime:0.000591s ]
INFO: [ app_begin ] --START--
INFO: Run Behavior\ReadHtmlCacheBehavior [ RunTime:0.001224s ]
INFO: [ app_begin ] --END-- [ RunTime:0.001384s ]
SQL: select DATE_FORMAT(operdate,'%y-%m-%d %H:%i' ) operdate,num,price,sumje from cjlist where flag = 1 and buy_userid = 1001  ORDER BY operdate desc [ RunTime:0.0003s ]
SQL: select * from (select id,DATE_FORMAT(operdate,'%y-%m-%d %H:%i' ) operdate,num,price,sumje,'完成' type from cjlist where flag = 1 and sell_userid = 1001 UNION select id,DATE_FORMAT(operdate,'%y-%m-%d %H:%i' ) operdate,num,price,sumje,'挂单' type from gdlist where flag = 1 and userid = 1001 and gdtype = 2 ) t ORDER BY type desc [ RunTime:0.0011s ]
INFO: [ view_parse ] --START--
INFO: [ template_filter ] --START--
INFO: Run Behavior\ContentReplaceBehavior [ RunTime:0.000109s ]
INFO: [ template_filter ] --END-- [ RunTime:0.000158s ]
INFO: Run Behavior\ParseTemplateBehavior [ RunTime:0.013583s ]
INFO: [ view_parse ] --END-- [ RunTime:0.013661s ]
INFO: [ view_filter ] --START--
INFO: Run Behavior\WriteHtmlCacheBehavior [ RunTime:0.000385s ]
INFO: [ view_filter ] --END-- [ RunTime:0.000417s ]
INFO: [ app_end ] --START--
INFO: Run Behavior\ShowPageTraceBehavior [ RunTime:0.001025s ]
INFO: [ app_end ] --END-- [ RunTime:0.001176s ]

[ 2017-10-16T21:10:39+08:00 ] 192.168.1.108 /paipai/index.php/Home/My/jylist
INFO: [ app_init ] --START--
INFO: Run Behavior\BuildLiteBehavior [ RunTime:0.000012s ]
INFO: [ app_init ] --END-- [ RunTime:0.000429s ]
INFO: [ app_begin ] --START--
INFO: Run Behavior\ReadHtmlCacheBehavior [ RunTime:0.000739s ]
INFO: [ app_begin ] --END-- [ RunTime:0.000804s ]
SQL: select DATE_FORMAT(operdate,'%y-%m-%d %H:%i' ) operdate,num,price,sumje from cjlist where flag = 1 and buy_userid = 1001  ORDER BY operdate desc [ RunTime:0.0003s ]
SQL: select * from (select id,DATE_FORMAT(operdate,'%y-%m-%d %H:%i' ) operdate,num,price,sumje,'完成' type from cjlist where flag = 1 and sell_userid = 1001 UNION select id,DATE_FORMAT(operdate,'%y-%m-%d %H:%i' ) operdate,num,price,sumje,'挂单' type from gdlist where flag = 1 and userid = 1001 and gdtype = 2 ) t ORDER BY type desc [ RunTime:0.0006s ]
INFO: [ view_parse ] --START--
INFO: [ template_filter ] --START--
INFO: Run Behavior\ContentReplaceBehavior [ RunTime:0.000096s ]
INFO: [ template_filter ] --END-- [ RunTime:0.000145s ]
INFO: Run Behavior\ParseTemplateBehavior [ RunTime:0.009617s ]
INFO: [ view_parse ] --END-- [ RunTime:0.009777s ]
INFO: [ view_filter ] --START--
INFO: Run Behavior\WriteHtmlCacheBehavior [ RunTime:0.001093s ]
INFO: [ view_filter ] --END-- [ RunTime:0.001227s ]
INFO: [ app_end ] --START--
INFO: Run Behavior\ShowPageTraceBehavior [ RunTime:0.001270s ]
INFO: [ app_end ] --END-- [ RunTime:0.001372s ]

[ 2017-10-16T21:10:44+08:00 ] 192.168.1.108 /paipai/index.php/Home/My/trad
INFO: [ app_init ] --START--
INFO: Run Behavior\BuildLiteBehavior [ RunTime:0.000018s ]
INFO: [ app_init ] --END-- [ RunTime:0.000622s ]
INFO: [ app_begin ] --START--
INFO: Run Behavior\ReadHtmlCacheBehavior [ RunTime:0.000983s ]
INFO: [ app_begin ] --END-- [ RunTime:0.001052s ]
SQL: select xjnum,pnum from userzj where userid = 1001 [ RunTime:0.0002s ]
SQL: select DATE_FORMAT(operdate,'%y-%m-%d %H:%i' ) operdate,num,price,sumje from cjlist where flag = 1 ORDER BY operdate desc [ RunTime:0.0002s ]
SQL: select id,DATE_FORMAT(operdate,'%y-%m-%d %H:%i' ) operdate,num,price,sumje from gdlist where userid <> 1001 and flag = 1 ORDER BY price [ RunTime:0.0002s ]
INFO: [ view_parse ] --START--
INFO: [ template_filter ] --START--
INFO: Run Behavior\ContentReplaceBehavior [ RunTime:0.000165s ]
INFO: [ template_filter ] --END-- [ RunTime:0.000257s ]
INFO: Run Behavior\ParseTemplateBehavior [ RunTime:0.012480s ]
INFO: [ view_parse ] --END-- [ RunTime:0.012612s ]
INFO: [ view_filter ] --START--
INFO: Run Behavior\WriteHtmlCacheBehavior [ RunTime:0.000731s ]
INFO: [ view_filter ] --END-- [ RunTime:0.000781s ]
INFO: [ app_end ] --START--
INFO: Run Behavior\ShowPageTraceBehavior [ RunTime:0.000810s ]
INFO: [ app_end ] --END-- [ RunTime:0.000875s ]

[ 2017-10-16T21:37:59+08:00 ] 192.168.1.108 /paipai/index.php/Home/My/index
INFO: [ app_init ] --START--
INFO: Run Behavior\BuildLiteBehavior [ RunTime:0.000017s ]
INFO: [ app_init ] --END-- [ RunTime:0.000623s ]
INFO: [ app_begin ] --START--
INFO: Run Behavior\ReadHtmlCacheBehavior [ RunTime:0.000844s ]
INFO: [ app_begin ] --END-- [ RunTime:0.000913s ]
SQL: select * from `user` where userid = 1001 and flag= 1 [ RunTime:0.0015s ]
SQL: select count(1) js from `user` where pid = 1001  [ RunTime:0.0003s ]
SQL: select xjnum,pnum from userzj where userid = 1001 [ RunTime:0.0011s ]
SQL: select sum(num) num from gdlist where userid = 1001 and flag = 1 [ RunTime:0.0010s ]
INFO: [ view_parse ] --START--
INFO: [ template_filter ] --START--
INFO: Run Behavior\ContentReplaceBehavior [ RunTime:0.000180s ]
INFO: [ template_filter ] --END-- [ RunTime:0.000376s ]
INFO: Run Behavior\ParseTemplateBehavior [ RunTime:0.013215s ]
INFO: [ view_parse ] --END-- [ RunTime:0.013280s ]
INFO: [ view_filter ] --START--
INFO: Run Behavior\WriteHtmlCacheBehavior [ RunTime:0.000427s ]
INFO: [ view_filter ] --END-- [ RunTime:0.000471s ]
INFO: [ app_end ] --START--
INFO: Run Behavior\ShowPageTraceBehavior [ RunTime:0.000902s ]
INFO: [ app_end ] --END-- [ RunTime:0.000970s ]

[ 2017-10-16T21:38:00+08:00 ] 192.168.1.108 /paipai/index.php/Home/My/reg_invitation
INFO: [ app_init ] --START--
INFO: Run Behavior\BuildLiteBehavior [ RunTime:0.000019s ]
INFO: [ app_init ] --END-- [ RunTime:0.000665s ]
INFO: [ app_begin ] --START--
INFO: Run Behavior\ReadHtmlCacheBehavior [ RunTime:0.000762s ]
INFO: [ app_begin ] --END-- [ RunTime:0.000840s ]
INFO: [ view_parse ] --START--
INFO: [ template_filter ] --START--
INFO: Run Behavior\ContentReplaceBehavior [ RunTime:0.000112s ]
INFO: [ template_filter ] --END-- [ RunTime:0.000189s ]
INFO: Run Behavior\ParseTemplateBehavior [ RunTime:0.011348s ]
INFO: [ view_parse ] --END-- [ RunTime:0.011518s ]
INFO: [ view_filter ] --START--
INFO: Run Behavior\WriteHtmlCacheBehavior [ RunTime:0.000399s ]
INFO: [ view_filter ] --END-- [ RunTime:0.000430s ]
INFO: [ app_end ] --START--
INFO: Run Behavior\ShowPageTraceBehavior [ RunTime:0.000533s ]
INFO: [ app_end ] --END-- [ RunTime:0.000566s ]

[ 2017-10-16T21:56:06+08:00 ] 192.168.1.108 /paipai/index.php/Home/My/reg_invitation
INFO: [ app_init ] --START--
INFO: Run Behavior\BuildLiteBehavior [ RunTime:0.000018s ]
INFO: [ app_init ] --END-- [ RunTime:0.000757s ]
INFO: [ app_begin ] --START--
INFO: Run Behavior\ReadHtmlCacheBehavior [ RunTime:0.000886s ]
INFO: [ app_begin ] --END-- [ RunTime:0.000956s ]
INFO: [ view_parse ] --START--
INFO: [ template_filter ] --START--
INFO: Run Behavior\ContentReplaceBehavior [ RunTime:0.000201s ]
INFO: [ template_filter ] --END-- [ RunTime:0.000449s ]
INFO: Run Behavior\ParseTemplateBehavior [ RunTime:0.012266s ]
INFO: [ view_parse ] --END-- [ RunTime:0.012575s ]
INFO: [ view_filter ] --START--
INFO: Run Behavior\WriteHtmlCacheBehavior [ RunTime:0.001826s ]
INFO: [ view_filter ] --END-- [ RunTime:0.001966s ]
INFO: [ app_end ] --START--
INFO: Run Behavior\ShowPageTraceBehavior [ RunTime:0.000905s ]
INFO: [ app_end ] --END-- [ RunTime:0.000987s ]

[ 2017-10-16T21:56:08+08:00 ] 192.168.1.108 /paipai/index.php/Home/My/index
INFO: [ app_init ] --START--
INFO: Run Behavior\BuildLiteBehavior [ RunTime:0.000036s ]
INFO: [ app_init ] --END-- [ RunTime:0.000710s ]
INFO: [ app_begin ] --START--
INFO: Run Behavior\ReadHtmlCacheBehavior [ RunTime:0.000615s ]
INFO: [ app_begin ] --END-- [ RunTime:0.000661s ]
SQL: select * from `user` where userid = 1001 and flag= 1 [ RunTime:0.0005s ]
SQL: select count(1) js from `user` where pid = 1001  [ RunTime:0.0003s ]
SQL: select xjnum,pnum from userzj where userid = 1001 [ RunTime:0.0003s ]
SQL: select sum(num) num from gdlist where userid = 1001 and flag = 1 [ RunTime:0.0002s ]
INFO: [ view_parse ] --START--
INFO: [ template_filter ] --START--
INFO: Run Behavior\ContentReplaceBehavior [ RunTime:0.000084s ]
INFO: [ template_filter ] --END-- [ RunTime:0.000127s ]
INFO: Run Behavior\ParseTemplateBehavior [ RunTime:0.006840s ]
INFO: [ view_parse ] --END-- [ RunTime:0.006889s ]
INFO: [ view_filter ] --START--
INFO: Run Behavior\WriteHtmlCacheBehavior [ RunTime:0.000471s ]
INFO: [ view_filter ] --END-- [ RunTime:0.000512s ]
INFO: [ app_end ] --START--
INFO: Run Behavior\ShowPageTraceBehavior [ RunTime:0.003092s ]
INFO: [ app_end ] --END-- [ RunTime:0.003183s ]

[ 2017-10-16T21:56:11+08:00 ] 192.168.1.108 /paipai/index.php/Home/My/paicz/type/1
INFO: [ app_init ] --START--
INFO: Run Behavior\BuildLiteBehavior [ RunTime:0.000012s ]
INFO: [ app_init ] --END-- [ RunTime:0.000569s ]
INFO: [ app_begin ] --START--
INFO: Run Behavior\ReadHtmlCacheBehavior [ RunTime:0.000756s ]
INFO: [ app_begin ] --END-- [ RunTime:0.000808s ]
INFO: [ view_parse ] --START--
INFO: [ template_filter ] --START--
INFO: Run Behavior\ContentReplaceBehavior [ RunTime:0.000072s ]
INFO: [ template_filter ] --END-- [ RunTime:0.000117s ]
INFO: Run Behavior\ParseTemplateBehavior [ RunTime:0.007866s ]
INFO: [ view_parse ] --END-- [ RunTime:0.008065s ]
INFO: [ view_filter ] --START--
INFO: Run Behavior\WriteHtmlCacheBehavior [ RunTime:0.001378s ]
INFO: [ view_filter ] --END-- [ RunTime:0.001437s ]
INFO: [ app_end ] --START--
INFO: Run Behavior\ShowPageTraceBehavior [ RunTime:0.001393s ]
INFO: [ app_end ] --END-- [ RunTime:0.001449s ]

