[ 2018-09-22T19:20:24+08:00 ] ::1 /xhr/
INFO: [ app_init ] --START--
INFO: Run Behavior\BuildLiteBehavior [ RunTime:0.000021s ]
INFO: [ app_init ] --END-- [ RunTime:0.001335s ]
INFO: [ app_begin ] --START--
INFO: Run Behavior\ReadHtmlCacheBehavior [ RunTime:0.003859s ]
INFO: [ app_begin ] --END-- [ RunTime:0.004029s ]
SQL: SHOW COLUMNS FROM `videolist` [ RunTime:0.0125s ]
SQL: SELECT * FROM `videolist` ORDER BY id desc LIMIT 10   [ RunTime:0.0010s ]
INFO: [ view_parse ] --START--
INFO: [ template_filter ] --START--
INFO: Run Behavior\ContentReplaceBehavior [ RunTime:0.000133s ]
INFO: [ template_filter ] --END-- [ RunTime:0.000218s ]
INFO: Run Behavior\ParseTemplateBehavior [ RunTime:0.022947s ]
INFO: [ view_parse ] --END-- [ RunTime:0.023033s ]
INFO: [ view_filter ] --START--
INFO: Run Behavior\WriteHtmlCacheBehavior [ RunTime:0.002124s ]
INFO: [ view_filter ] --END-- [ RunTime:0.002178s ]
INFO: [ app_end ] --START--
INFO: Run Behavior\ShowPageTraceBehavior [ RunTime:0.003002s ]
INFO: [ app_end ] --END-- [ RunTime:0.003087s ]

[ 2018-09-22T19:20:32+08:00 ] ::1 /xhr/index.php/Home/Index/tab_list
INFO: [ app_init ] --START--
INFO: Run Behavior\BuildLiteBehavior [ RunTime:0.000018s ]
INFO: [ app_init ] --END-- [ RunTime:0.000877s ]
INFO: [ app_begin ] --START--
INFO: Run Behavior\ReadHtmlCacheBehavior [ RunTime:0.001353s ]
INFO: [ app_begin ] --END-- [ RunTime:0.001417s ]
SQL: SHOW COLUMNS FROM `videolist` [ RunTime:0.0080s ]
SQL: SELECT * FROM `videolist` ORDER BY v_buyCount desc LIMIT 10   [ RunTime:0.0008s ]
SQL: SELECT * FROM `videolist` WHERE ( v_type = 1 ) ORDER BY id desc LIMIT 10   [ RunTime:0.0012s ]
SQL: SELECT * FROM `videolist` WHERE ( v_type = 2 ) ORDER BY id desc LIMIT 10   [ RunTime:0.0018s ]
SQL: SELECT * FROM `videolist` WHERE ( v_type = 3 ) ORDER BY id desc LIMIT 10   [ RunTime:0.0011s ]
SQL: SELECT * FROM `videolist` WHERE ( v_type = 4 ) ORDER BY id desc LIMIT 10   [ RunTime:0.0009s ]
INFO: [ view_parse ] --START--
INFO: [ template_filter ] --START--
INFO: Run Behavior\ContentReplaceBehavior [ RunTime:0.000147s ]
INFO: [ template_filter ] --END-- [ RunTime:0.000195s ]
INFO: Run Behavior\ParseTemplateBehavior [ RunTime:0.020736s ]
INFO: [ view_parse ] --END-- [ RunTime:0.020803s ]
INFO: [ view_filter ] --START--
INFO: Run Behavior\WriteHtmlCacheBehavior [ RunTime:0.001099s ]
INFO: [ view_filter ] --END-- [ RunTime:0.001142s ]
INFO: [ app_end ] --START--
INFO: Run Behavior\ShowPageTraceBehavior [ RunTime:0.006068s ]
INFO: [ app_end ] --END-- [ RunTime:0.006179s ]

[ 2018-09-22T19:20:36+08:00 ] ::1 /xhr/index.php/Home/Index/new_tab_list
INFO: [ app_init ] --START--
INFO: Run Behavior\BuildLiteBehavior [ RunTime:0.000012s ]
INFO: [ app_init ] --END-- [ RunTime:0.000561s ]
INFO: [ app_begin ] --START--
INFO: Run Behavior\ReadHtmlCacheBehavior [ RunTime:0.001543s ]
INFO: [ app_begin ] --END-- [ RunTime:0.001610s ]
SQL: SHOW COLUMNS FROM `videolist` [ RunTime:0.0112s ]
SQL: SELECT * FROM `videolist` ORDER BY v_buyCount desc LIMIT 10,10   [ RunTime:0.0006s ]

[ 2018-09-22T19:20:38+08:00 ] ::1 /xhr/index.php/Home/Index/new_tab_list
INFO: [ app_init ] --START--
INFO: Run Behavior\BuildLiteBehavior [ RunTime:0.000017s ]
INFO: [ app_init ] --END-- [ RunTime:0.000637s ]
INFO: [ app_begin ] --START--
INFO: Run Behavior\ReadHtmlCacheBehavior [ RunTime:0.001242s ]
INFO: [ app_begin ] --END-- [ RunTime:0.001298s ]
SQL: SHOW COLUMNS FROM `videolist` [ RunTime:0.0103s ]
SQL: SELECT * FROM `videolist` ORDER BY v_buyCount desc LIMIT 20,10   [ RunTime:0.0006s ]

[ 2018-09-22T19:20:40+08:00 ] ::1 /xhr/index.php/Home/Index/video/id/5
INFO: [ app_init ] --START--
INFO: Run Behavior\BuildLiteBehavior [ RunTime:0.000050s ]
INFO: [ app_init ] --END-- [ RunTime:0.001056s ]
INFO: [ app_begin ] --START--
INFO: Run Behavior\ReadHtmlCacheBehavior [ RunTime:0.001085s ]
INFO: [ app_begin ] --END-- [ RunTime:0.001142s ]
SQL: SHOW COLUMNS FROM `videolist` [ RunTime:0.0158s ]
SQL: SELECT * FROM `videolist` WHERE ( id = 5 ) LIMIT 1   [ RunTime:0.0004s ]
NOTIC: [8] Undefined index: userid D:\phpStudy\PHPTutorial\WWW\xhr\xhr\Home\Controller\IndexController.class.php 第 45 行.
SQL: select * from `user` where userid = '' and flag = 1 [ RunTime:0.0038s ]
NOTIC: [8] Undefined offset: 0 D:\phpStudy\PHPTutorial\WWW\xhr\xhr\Home\Controller\IndexController.class.php 第 54 行.
INFO: [ view_parse ] --START--
INFO: [ template_filter ] --START--
INFO: Run Behavior\ContentReplaceBehavior [ RunTime:0.000093s ]
INFO: [ template_filter ] --END-- [ RunTime:0.000137s ]
INFO: Run Behavior\ParseTemplateBehavior [ RunTime:0.013938s ]
INFO: [ view_parse ] --END-- [ RunTime:0.014037s ]
INFO: [ view_filter ] --START--
INFO: Run Behavior\WriteHtmlCacheBehavior [ RunTime:0.001052s ]
INFO: [ view_filter ] --END-- [ RunTime:0.001088s ]
INFO: [ app_end ] --START--
INFO: Run Behavior\ShowPageTraceBehavior [ RunTime:0.001391s ]
INFO: [ app_end ] --END-- [ RunTime:0.001469s ]

[ 2018-09-22T19:20:41+08:00 ] ::1 /xhr/index.php/Home/My/geturl
INFO: [ app_init ] --START--
INFO: Run Behavior\BuildLiteBehavior [ RunTime:0.000025s ]
INFO: [ app_init ] --END-- [ RunTime:0.001037s ]
INFO: [ app_begin ] --START--
INFO: Run Behavior\ReadHtmlCacheBehavior [ RunTime:0.001923s ]
INFO: [ app_begin ] --END-- [ RunTime:0.002027s ]
SQL: select * from videolist where id = 5 and dele = 1 [ RunTime:0.0005s ]

[ 2018-09-22T19:20:42+08:00 ] ::1 /xhr/index.php/Home/My/my_vip
INFO: [ app_init ] --START--
INFO: Run Behavior\BuildLiteBehavior [ RunTime:0.000021s ]
INFO: [ app_init ] --END-- [ RunTime:0.000910s ]
INFO: [ app_begin ] --START--
INFO: Run Behavior\ReadHtmlCacheBehavior [ RunTime:0.001041s ]
INFO: [ app_begin ] --END-- [ RunTime:0.001095s ]
NOTIC: [8] Undefined index: userid D:\phpStudy\PHPTutorial\WWW\xhr\xhr\Home\Controller\MyController.class.php 第 595 行.
ERR: 1064:You have an error in your SQL syntax; check the manual that corresponds to your MySQL server version for the right syntax to use near 'and flag= 1' at line 1
 [ SQL语句 ] : select * from `user` where userid =  and flag= 1
ERR: 1064:You have an error in your SQL syntax; check the manual that corresponds to your MySQL server version for the right syntax to use near 'and flag= 1' at line 1
 [ SQL语句 ] : select * from `user` where userid =  and flag= 1

[ 2018-09-22T19:20:45+08:00 ] ::1 /xhr/index.php/Home/My/geturl
INFO: [ app_init ] --START--
INFO: Run Behavior\BuildLiteBehavior [ RunTime:0.000026s ]
INFO: [ app_init ] --END-- [ RunTime:0.001941s ]
INFO: [ app_begin ] --START--
INFO: Run Behavior\ReadHtmlCacheBehavior [ RunTime:0.001965s ]
INFO: [ app_begin ] --END-- [ RunTime:0.002056s ]
SQL: select * from videolist where id = 5 and dele = 1 [ RunTime:0.0012s ]

[ 2018-09-22T19:20:55+08:00 ] ::1 /xhr/index.php/Home/Index/new_tab_list
INFO: [ app_init ] --START--
INFO: Run Behavior\BuildLiteBehavior [ RunTime:0.000020s ]
INFO: [ app_init ] --END-- [ RunTime:0.000996s ]
INFO: [ app_begin ] --START--
INFO: Run Behavior\ReadHtmlCacheBehavior [ RunTime:0.002238s ]
INFO: [ app_begin ] --END-- [ RunTime:0.002342s ]
SQL: SHOW COLUMNS FROM `videolist` [ RunTime:0.0104s ]
SQL: SELECT * FROM `videolist` ORDER BY v_buyCount desc LIMIT 10,10   [ RunTime:0.0007s ]

