[ 2018-03-22T10:22:42+08:00 ] ::1 /xhr/
INFO: [ app_init ] --START--
INFO: Run Behavior\BuildLiteBehavior [ RunTime:0.000023s ]
INFO: [ app_init ] --END-- [ RunTime:0.002473s ]
INFO: [ app_begin ] --START--
INFO: Run Behavior\ReadHtmlCacheBehavior [ RunTime:0.001729s ]
INFO: [ app_begin ] --END-- [ RunTime:0.001784s ]
SQL: SHOW COLUMNS FROM `videolist` [ RunTime:0.0247s ]
SQL: SELECT * FROM `videolist` ORDER BY id desc LIMIT 10   [ RunTime:0.0030s ]
INFO: [ view_parse ] --START--
INFO: [ template_filter ] --START--
INFO: Run Behavior\ContentReplaceBehavior [ RunTime:0.001162s ]
INFO: [ template_filter ] --END-- [ RunTime:0.001233s ]
INFO: Run Behavior\ParseTemplateBehavior [ RunTime:0.028134s ]
INFO: [ view_parse ] --END-- [ RunTime:0.028192s ]
INFO: [ view_filter ] --START--
INFO: Run Behavior\WriteHtmlCacheBehavior [ RunTime:0.001856s ]
INFO: [ view_filter ] --END-- [ RunTime:0.001889s ]
INFO: [ app_end ] --START--
INFO: Run Behavior\ShowPageTraceBehavior [ RunTime:0.002791s ]
INFO: [ app_end ] --END-- [ RunTime:0.002873s ]

[ 2018-03-22T10:22:45+08:00 ] ::1 /xhr/
INFO: [ app_init ] --START--
INFO: Run Behavior\BuildLiteBehavior [ RunTime:0.000017s ]
INFO: [ app_init ] --END-- [ RunTime:0.000873s ]
INFO: [ app_begin ] --START--
INFO: Run Behavior\ReadHtmlCacheBehavior [ RunTime:0.001877s ]
INFO: [ app_begin ] --END-- [ RunTime:0.002003s ]
SQL: SHOW COLUMNS FROM `videolist` [ RunTime:0.0117s ]
SQL: SELECT * FROM `videolist` ORDER BY id desc LIMIT 10   [ RunTime:0.0009s ]
INFO: [ view_parse ] --START--
INFO: [ template_filter ] --START--
INFO: Run Behavior\ContentReplaceBehavior [ RunTime:0.000092s ]
INFO: [ template_filter ] --END-- [ RunTime:0.000134s ]
INFO: Run Behavior\ParseTemplateBehavior [ RunTime:0.016485s ]
INFO: [ view_parse ] --END-- [ RunTime:0.016532s ]
INFO: [ view_filter ] --START--
INFO: Run Behavior\WriteHtmlCacheBehavior [ RunTime:0.001070s ]
INFO: [ view_filter ] --END-- [ RunTime:0.001102s ]
INFO: [ app_end ] --START--
INFO: Run Behavior\ShowPageTraceBehavior [ RunTime:0.001176s ]
INFO: [ app_end ] --END-- [ RunTime:0.001237s ]

[ 2018-03-22T10:22:46+08:00 ] ::1 /xhr/index.php/Home/Index/video/id/48
INFO: [ app_init ] --START--
INFO: Run Behavior\BuildLiteBehavior [ RunTime:0.000024s ]
INFO: [ app_init ] --END-- [ RunTime:0.001997s ]
INFO: [ app_begin ] --START--
INFO: Run Behavior\ReadHtmlCacheBehavior [ RunTime:0.001398s ]
INFO: [ app_begin ] --END-- [ RunTime:0.001465s ]
SQL: SHOW COLUMNS FROM `videolist` [ RunTime:0.0129s ]
SQL: SELECT * FROM `videolist` WHERE ( id = 48 ) LIMIT 1   [ RunTime:0.0021s ]
INFO: [ view_parse ] --START--
INFO: [ template_filter ] --START--
INFO: Run Behavior\ContentReplaceBehavior [ RunTime:0.000097s ]
INFO: [ template_filter ] --END-- [ RunTime:0.000140s ]
INFO: Run Behavior\ParseTemplateBehavior [ RunTime:0.024840s ]
INFO: [ view_parse ] --END-- [ RunTime:0.024916s ]
INFO: [ view_filter ] --START--
INFO: Run Behavior\WriteHtmlCacheBehavior [ RunTime:0.001300s ]
INFO: [ view_filter ] --END-- [ RunTime:0.001355s ]
INFO: [ app_end ] --START--
INFO: Run Behavior\ShowPageTraceBehavior [ RunTime:0.001529s ]
INFO: [ app_end ] --END-- [ RunTime:0.001596s ]

[ 2018-03-22T10:22:46+08:00 ] ::1 /xhr/index.php/Home/My/geturl
INFO: [ app_init ] --START--
INFO: Run Behavior\BuildLiteBehavior [ RunTime:0.000014s ]
INFO: [ app_init ] --END-- [ RunTime:0.000909s ]
INFO: [ app_begin ] --START--
INFO: Run Behavior\ReadHtmlCacheBehavior [ RunTime:0.001804s ]
INFO: [ app_begin ] --END-- [ RunTime:0.001894s ]

[ 2018-03-22T10:23:07+08:00 ] ::1 /xhr/index.php/Home/Index/video/id/48
INFO: [ app_init ] --START--
INFO: Run Behavior\BuildLiteBehavior [ RunTime:0.000018s ]
INFO: [ app_init ] --END-- [ RunTime:0.001061s ]
INFO: [ app_begin ] --START--
INFO: Run Behavior\ReadHtmlCacheBehavior [ RunTime:0.012715s ]
INFO: [ app_begin ] --END-- [ RunTime:0.012885s ]
SQL: SHOW COLUMNS FROM `videolist` [ RunTime:0.0172s ]
SQL: SELECT * FROM `videolist` WHERE ( id = 48 ) LIMIT 1   [ RunTime:0.0038s ]
INFO: [ view_parse ] --START--
INFO: [ template_filter ] --START--
INFO: Run Behavior\ContentReplaceBehavior [ RunTime:0.000160s ]
INFO: [ template_filter ] --END-- [ RunTime:0.000250s ]
INFO: Run Behavior\ParseTemplateBehavior [ RunTime:0.018867s ]
INFO: [ view_parse ] --END-- [ RunTime:0.018956s ]
INFO: [ view_filter ] --START--
INFO: Run Behavior\WriteHtmlCacheBehavior [ RunTime:0.001418s ]
INFO: [ view_filter ] --END-- [ RunTime:0.001480s ]
INFO: [ app_end ] --START--
INFO: Run Behavior\ShowPageTraceBehavior [ RunTime:0.001481s ]
INFO: [ app_end ] --END-- [ RunTime:0.001546s ]

[ 2018-03-22T10:23:08+08:00 ] ::1 /xhr/index.php/Home/My/geturl
INFO: [ app_init ] --START--
INFO: Run Behavior\BuildLiteBehavior [ RunTime:0.000021s ]
INFO: [ app_init ] --END-- [ RunTime:0.001555s ]
INFO: [ app_begin ] --START--
INFO: Run Behavior\ReadHtmlCacheBehavior [ RunTime:0.001655s ]
INFO: [ app_begin ] --END-- [ RunTime:0.001735s ]

[ 2018-03-22T13:47:03+08:00 ] ::1 /xhr/index.php/Home/Index/video/id/48
INFO: [ app_init ] --START--
INFO: Run Behavior\BuildLiteBehavior [ RunTime:0.000011s ]
INFO: [ app_init ] --END-- [ RunTime:0.000886s ]
INFO: [ app_begin ] --START--
INFO: Run Behavior\ReadHtmlCacheBehavior [ RunTime:0.001542s ]
INFO: [ app_begin ] --END-- [ RunTime:0.001634s ]
SQL: SHOW COLUMNS FROM `videolist` [ RunTime:0.0168s ]
SQL: SELECT * FROM `videolist` WHERE ( id = 48 ) LIMIT 1   [ RunTime:0.0012s ]
INFO: [ view_parse ] --START--
INFO: [ template_filter ] --START--
INFO: Run Behavior\ContentReplaceBehavior [ RunTime:0.000104s ]
INFO: [ template_filter ] --END-- [ RunTime:0.000164s ]
INFO: Run Behavior\ParseTemplateBehavior [ RunTime:0.014514s ]
INFO: [ view_parse ] --END-- [ RunTime:0.014559s ]
INFO: [ view_filter ] --START--
INFO: Run Behavior\WriteHtmlCacheBehavior [ RunTime:0.001196s ]
INFO: [ view_filter ] --END-- [ RunTime:0.001228s ]
INFO: [ app_end ] --START--
INFO: Run Behavior\ShowPageTraceBehavior [ RunTime:0.001691s ]
INFO: [ app_end ] --END-- [ RunTime:0.001737s ]

[ 2018-03-22T13:47:03+08:00 ] ::1 /xhr/index.php/Home/My/geturl
INFO: [ app_init ] --START--
INFO: Run Behavior\BuildLiteBehavior [ RunTime:0.000019s ]
INFO: [ app_init ] --END-- [ RunTime:0.000924s ]
INFO: [ app_begin ] --START--
INFO: Run Behavior\ReadHtmlCacheBehavior [ RunTime:0.001745s ]
INFO: [ app_begin ] --END-- [ RunTime:0.001826s ]

[ 2018-03-22T13:48:08+08:00 ] ::1 /xhr/index.php/Home/Index/index
INFO: [ app_init ] --START--
INFO: Run Behavior\BuildLiteBehavior [ RunTime:0.000015s ]
INFO: [ app_init ] --END-- [ RunTime:0.000833s ]
INFO: [ app_begin ] --START--
INFO: Run Behavior\ReadHtmlCacheBehavior [ RunTime:0.001399s ]
INFO: [ app_begin ] --END-- [ RunTime:0.001446s ]
SQL: SHOW COLUMNS FROM `videolist` [ RunTime:0.0149s ]
SQL: SELECT * FROM `videolist` ORDER BY id desc LIMIT 10   [ RunTime:0.0010s ]
INFO: [ view_parse ] --START--
INFO: [ template_filter ] --START--
INFO: Run Behavior\ContentReplaceBehavior [ RunTime:0.000086s ]
INFO: [ template_filter ] --END-- [ RunTime:0.000133s ]
INFO: Run Behavior\ParseTemplateBehavior [ RunTime:0.015420s ]
INFO: [ view_parse ] --END-- [ RunTime:0.015487s ]
INFO: [ view_filter ] --START--
INFO: Run Behavior\WriteHtmlCacheBehavior [ RunTime:0.002295s ]
INFO: [ view_filter ] --END-- [ RunTime:0.002519s ]
INFO: [ app_end ] --START--
INFO: Run Behavior\ShowPageTraceBehavior [ RunTime:0.002513s ]
INFO: [ app_end ] --END-- [ RunTime:0.002591s ]

[ 2018-03-22T13:48:28+08:00 ] ::1 /xhr/index.php/Home/Index/video/id/48
INFO: [ app_init ] --START--
INFO: Run Behavior\BuildLiteBehavior [ RunTime:0.000014s ]
INFO: [ app_init ] --END-- [ RunTime:0.000771s ]
INFO: [ app_begin ] --START--
INFO: Run Behavior\ReadHtmlCacheBehavior [ RunTime:0.002513s ]
INFO: [ app_begin ] --END-- [ RunTime:0.002639s ]
SQL: SHOW COLUMNS FROM `videolist` [ RunTime:0.0088s ]
SQL: SELECT * FROM `videolist` WHERE ( id = 48 ) LIMIT 1   [ RunTime:0.0009s ]
INFO: [ view_parse ] --START--
INFO: [ template_filter ] --START--
INFO: Run Behavior\ContentReplaceBehavior [ RunTime:0.000122s ]
INFO: [ template_filter ] --END-- [ RunTime:0.000178s ]
INFO: Run Behavior\ParseTemplateBehavior [ RunTime:0.016202s ]
INFO: [ view_parse ] --END-- [ RunTime:0.016340s ]
INFO: [ view_filter ] --START--
INFO: Run Behavior\WriteHtmlCacheBehavior [ RunTime:0.002411s ]
INFO: [ view_filter ] --END-- [ RunTime:0.002486s ]
INFO: [ app_end ] --START--
INFO: Run Behavior\ShowPageTraceBehavior [ RunTime:0.004864s ]
INFO: [ app_end ] --END-- [ RunTime:0.004945s ]

[ 2018-03-22T13:48:29+08:00 ] ::1 /xhr/index.php/Home/My/geturl
INFO: [ app_init ] --START--
INFO: Run Behavior\BuildLiteBehavior [ RunTime:0.000020s ]
INFO: [ app_init ] --END-- [ RunTime:0.001256s ]
INFO: [ app_begin ] --START--
INFO: Run Behavior\ReadHtmlCacheBehavior [ RunTime:0.001709s ]
INFO: [ app_begin ] --END-- [ RunTime:0.001764s ]

[ 2018-03-22T13:49:23+08:00 ] ::1 /xhr/index.php/Home/Index/index
INFO: [ app_init ] --START--
INFO: Run Behavior\BuildLiteBehavior [ RunTime:0.000011s ]
INFO: [ app_init ] --END-- [ RunTime:0.000669s ]
INFO: [ app_begin ] --START--
INFO: Run Behavior\ReadHtmlCacheBehavior [ RunTime:0.001593s ]
INFO: [ app_begin ] --END-- [ RunTime:0.001728s ]
SQL: SHOW COLUMNS FROM `videolist` [ RunTime:0.0131s ]
SQL: SELECT * FROM `videolist` ORDER BY id desc LIMIT 10   [ RunTime:0.0013s ]
INFO: [ view_parse ] --START--
INFO: [ template_filter ] --START--
INFO: Run Behavior\ContentReplaceBehavior [ RunTime:0.000073s ]
INFO: [ template_filter ] --END-- [ RunTime:0.000112s ]
INFO: Run Behavior\ParseTemplateBehavior [ RunTime:0.013000s ]
INFO: [ view_parse ] --END-- [ RunTime:0.013085s ]
INFO: [ view_filter ] --START--
INFO: Run Behavior\WriteHtmlCacheBehavior [ RunTime:0.001104s ]
INFO: [ view_filter ] --END-- [ RunTime:0.001140s ]
INFO: [ app_end ] --START--
INFO: Run Behavior\ShowPageTraceBehavior [ RunTime:0.001595s ]
INFO: [ app_end ] --END-- [ RunTime:0.001657s ]

[ 2018-03-22T13:49:24+08:00 ] ::1 /xhr/index.php/Home/Index/video/id/48
INFO: [ app_init ] --START--
INFO: Run Behavior\BuildLiteBehavior [ RunTime:0.000040s ]
INFO: [ app_init ] --END-- [ RunTime:0.001633s ]
INFO: [ app_begin ] --START--
INFO: Run Behavior\ReadHtmlCacheBehavior [ RunTime:0.001229s ]
INFO: [ app_begin ] --END-- [ RunTime:0.001276s ]

[ 2018-03-22T13:49:26+08:00 ] ::1 /xhr/index.php/Home/User/login.html
INFO: [ app_init ] --START--
INFO: Run Behavior\BuildLiteBehavior [ RunTime:0.000012s ]
INFO: [ app_init ] --END-- [ RunTime:0.000731s ]
INFO: [ app_begin ] --START--
INFO: Run Behavior\ReadHtmlCacheBehavior [ RunTime:0.003710s ]
INFO: [ app_begin ] --END-- [ RunTime:0.003918s ]
INFO: [ view_parse ] --START--
INFO: [ template_filter ] --START--
INFO: Run Behavior\ContentReplaceBehavior [ RunTime:0.000072s ]
INFO: [ template_filter ] --END-- [ RunTime:0.000126s ]
INFO: Run Behavior\ParseTemplateBehavior [ RunTime:0.015969s ]
INFO: [ view_parse ] --END-- [ RunTime:0.016067s ]
INFO: [ view_filter ] --START--
INFO: Run Behavior\WriteHtmlCacheBehavior [ RunTime:0.002319s ]
INFO: [ view_filter ] --END-- [ RunTime:0.002575s ]
INFO: [ app_end ] --START--
INFO: Run Behavior\ShowPageTraceBehavior [ RunTime:0.003888s ]
INFO: [ app_end ] --END-- [ RunTime:0.004009s ]

[ 2018-03-22T13:49:28+08:00 ] ::1 /xhr/index.php/Home/Index/index
INFO: [ app_init ] --START--
INFO: Run Behavior\BuildLiteBehavior [ RunTime:0.000012s ]
INFO: [ app_init ] --END-- [ RunTime:0.000739s ]
INFO: [ app_begin ] --START--
INFO: Run Behavior\ReadHtmlCacheBehavior [ RunTime:0.001763s ]
INFO: [ app_begin ] --END-- [ RunTime:0.001833s ]
SQL: SHOW COLUMNS FROM `videolist` [ RunTime:0.0106s ]
SQL: SELECT * FROM `videolist` ORDER BY id desc LIMIT 10   [ RunTime:0.0019s ]
INFO: [ view_parse ] --START--
INFO: [ template_filter ] --START--
INFO: Run Behavior\ContentReplaceBehavior [ RunTime:0.000073s ]
INFO: [ template_filter ] --END-- [ RunTime:0.000112s ]
INFO: Run Behavior\ParseTemplateBehavior [ RunTime:0.013267s ]
INFO: [ view_parse ] --END-- [ RunTime:0.013310s ]
INFO: [ view_filter ] --START--
INFO: Run Behavior\WriteHtmlCacheBehavior [ RunTime:0.001113s ]
INFO: [ view_filter ] --END-- [ RunTime:0.001143s ]
INFO: [ app_end ] --START--
INFO: Run Behavior\ShowPageTraceBehavior [ RunTime:0.002455s ]
INFO: [ app_end ] --END-- [ RunTime:0.002556s ]

[ 2018-03-22T13:57:16+08:00 ] ::1 /xhr/index.php/Home/Index/video/id/48
INFO: [ app_init ] --START--
INFO: Run Behavior\BuildLiteBehavior [ RunTime:0.000010s ]
INFO: [ app_init ] --END-- [ RunTime:0.000710s ]
INFO: [ app_begin ] --START--
INFO: Run Behavior\ReadHtmlCacheBehavior [ RunTime:0.002351s ]
INFO: [ app_begin ] --END-- [ RunTime:0.002419s ]

[ 2018-03-22T13:57:18+08:00 ] ::1 /xhr/index.php/Home/User/login.html
INFO: [ app_init ] --START--
INFO: Run Behavior\BuildLiteBehavior [ RunTime:0.000012s ]
INFO: [ app_init ] --END-- [ RunTime:0.000789s ]
INFO: [ app_begin ] --START--
INFO: Run Behavior\ReadHtmlCacheBehavior [ RunTime:0.001255s ]
INFO: [ app_begin ] --END-- [ RunTime:0.001305s ]
INFO: [ view_parse ] --START--
INFO: [ template_filter ] --START--
INFO: Run Behavior\ContentReplaceBehavior [ RunTime:0.000063s ]
INFO: [ template_filter ] --END-- [ RunTime:0.000117s ]
INFO: Run Behavior\ParseTemplateBehavior [ RunTime:0.011230s ]
INFO: [ view_parse ] --END-- [ RunTime:0.011294s ]
INFO: [ view_filter ] --START--
INFO: Run Behavior\WriteHtmlCacheBehavior [ RunTime:0.002634s ]
INFO: [ view_filter ] --END-- [ RunTime:0.002741s ]
INFO: [ app_end ] --START--
INFO: Run Behavior\ShowPageTraceBehavior [ RunTime:0.003073s ]
INFO: [ app_end ] --END-- [ RunTime:0.003154s ]

[ 2018-03-22T13:57:21+08:00 ] ::1 /xhr/index.php/Home/User/checkLogined
INFO: [ app_init ] --START--
INFO: Run Behavior\BuildLiteBehavior [ RunTime:0.000013s ]
INFO: [ app_init ] --END-- [ RunTime:0.000836s ]
INFO: [ app_begin ] --START--
INFO: Run Behavior\ReadHtmlCacheBehavior [ RunTime:0.001297s ]
INFO: [ app_begin ] --END-- [ RunTime:0.001347s ]
SQL: SHOW COLUMNS FROM `user` [ RunTime:0.0117s ]
SQL: SELECT * FROM `user` WHERE ( user="yj" ) LIMIT 1   [ RunTime:0.0012s ]

[ 2018-03-22T13:57:21+08:00 ] ::1 /xhr/index.php/Home/My/Index.html
INFO: [ app_init ] --START--
INFO: Run Behavior\BuildLiteBehavior [ RunTime:0.000018s ]
INFO: [ app_init ] --END-- [ RunTime:0.001319s ]
INFO: [ app_begin ] --START--
INFO: Run Behavior\ReadHtmlCacheBehavior [ RunTime:0.001308s ]
INFO: [ app_begin ] --END-- [ RunTime:0.001353s ]
SQL: select * from `user` where userid = 1002 and flag= 1 [ RunTime:0.0008s ]
SQL: select count(1) js from `user` where pid = 1002  [ RunTime:0.0038s ]
SQL: select xjnum from userzj where userid = 1002 [ RunTime:0.0041s ]
SQL: select sum(num) num from gdlist where userid = 1002 and flag = 1 [ RunTime:0.0038s ]
INFO: [ view_parse ] --START--
INFO: [ template_filter ] --START--
INFO: Run Behavior\ContentReplaceBehavior [ RunTime:0.000101s ]
INFO: [ template_filter ] --END-- [ RunTime:0.000150s ]
INFO: Run Behavior\ParseTemplateBehavior [ RunTime:0.033817s ]
INFO: [ view_parse ] --END-- [ RunTime:0.033883s ]
INFO: [ view_filter ] --START--
INFO: Run Behavior\WriteHtmlCacheBehavior [ RunTime:0.001369s ]
INFO: [ view_filter ] --END-- [ RunTime:0.001407s ]
INFO: [ app_end ] --START--
INFO: Run Behavior\ShowPageTraceBehavior [ RunTime:0.001754s ]
INFO: [ app_end ] --END-- [ RunTime:0.001803s ]

[ 2018-03-22T13:57:23+08:00 ] ::1 /xhr/index.php/Home/Index/index
INFO: [ app_init ] --START--
INFO: Run Behavior\BuildLiteBehavior [ RunTime:0.000010s ]
INFO: [ app_init ] --END-- [ RunTime:0.000774s ]
INFO: [ app_begin ] --START--
INFO: Run Behavior\ReadHtmlCacheBehavior [ RunTime:0.001385s ]
INFO: [ app_begin ] --END-- [ RunTime:0.001441s ]
SQL: SHOW COLUMNS FROM `videolist` [ RunTime:0.0115s ]
SQL: SELECT * FROM `videolist` ORDER BY id desc LIMIT 10   [ RunTime:0.0011s ]
INFO: [ view_parse ] --START--
INFO: [ template_filter ] --START--
INFO: Run Behavior\ContentReplaceBehavior [ RunTime:0.000078s ]
INFO: [ template_filter ] --END-- [ RunTime:0.000117s ]
INFO: Run Behavior\ParseTemplateBehavior [ RunTime:0.014287s ]
INFO: [ view_parse ] --END-- [ RunTime:0.014330s ]
INFO: [ view_filter ] --START--
INFO: Run Behavior\WriteHtmlCacheBehavior [ RunTime:0.001187s ]
INFO: [ view_filter ] --END-- [ RunTime:0.001252s ]
INFO: [ app_end ] --START--
INFO: Run Behavior\ShowPageTraceBehavior [ RunTime:0.001611s ]
INFO: [ app_end ] --END-- [ RunTime:0.001712s ]

[ 2018-03-22T13:57:24+08:00 ] ::1 /xhr/index.php/Home/Index/video/id/48
INFO: [ app_init ] --START--
INFO: Run Behavior\BuildLiteBehavior [ RunTime:0.000022s ]
INFO: [ app_init ] --END-- [ RunTime:0.001607s ]
INFO: [ app_begin ] --START--
INFO: Run Behavior\ReadHtmlCacheBehavior [ RunTime:0.001239s ]
INFO: [ app_begin ] --END-- [ RunTime:0.001290s ]
SQL: SHOW COLUMNS FROM `videolist` [ RunTime:0.0121s ]
SQL: SELECT * FROM `videolist` WHERE ( id = 48 ) LIMIT 1   [ RunTime:0.0009s ]
SQL: select * from `user` where userid = '1002' and flag = 1 [ RunTime:0.0008s ]
INFO: [ view_parse ] --START--
INFO: [ template_filter ] --START--
INFO: Run Behavior\ContentReplaceBehavior [ RunTime:0.000153s ]
INFO: [ template_filter ] --END-- [ RunTime:0.000220s ]
INFO: Run Behavior\ParseTemplateBehavior [ RunTime:0.016728s ]
INFO: [ view_parse ] --END-- [ RunTime:0.016783s ]
INFO: [ view_filter ] --START--
INFO: Run Behavior\WriteHtmlCacheBehavior [ RunTime:0.001158s ]
INFO: [ view_filter ] --END-- [ RunTime:0.001193s ]
INFO: [ app_end ] --START--
INFO: Run Behavior\ShowPageTraceBehavior [ RunTime:0.001989s ]
INFO: [ app_end ] --END-- [ RunTime:0.002075s ]

[ 2018-03-22T13:57:24+08:00 ] ::1 /xhr/index.php/Home/My/geturl
INFO: [ app_init ] --START--
INFO: Run Behavior\BuildLiteBehavior [ RunTime:0.000013s ]
INFO: [ app_init ] --END-- [ RunTime:0.000834s ]
INFO: [ app_begin ] --START--
INFO: Run Behavior\ReadHtmlCacheBehavior [ RunTime:0.002251s ]
INFO: [ app_begin ] --END-- [ RunTime:0.002390s ]

[ 2018-03-22T13:57:24+08:00 ] ::1 /xhr/index.php/Home/Index/video/id/48
INFO: [ app_init ] --START--
INFO: Run Behavior\BuildLiteBehavior [ RunTime:0.000011s ]
INFO: [ app_init ] --END-- [ RunTime:0.000703s ]
INFO: [ app_begin ] --START--
INFO: Run Behavior\ReadHtmlCacheBehavior [ RunTime:0.003674s ]
INFO: [ app_begin ] --END-- [ RunTime:0.003751s ]
SQL: SHOW COLUMNS FROM `videolist` [ RunTime:0.0105s ]
SQL: SELECT * FROM `videolist` WHERE ( id = 48 ) LIMIT 1   [ RunTime:0.0012s ]
SQL: select * from `user` where userid = '1002' and flag = 1 [ RunTime:0.0013s ]
INFO: [ view_parse ] --START--
INFO: [ template_filter ] --START--
INFO: Run Behavior\ContentReplaceBehavior [ RunTime:0.000090s ]
INFO: [ template_filter ] --END-- [ RunTime:0.000131s ]
INFO: Run Behavior\ParseTemplateBehavior [ RunTime:0.013798s ]
INFO: [ view_parse ] --END-- [ RunTime:0.013861s ]
INFO: [ view_filter ] --START--
INFO: Run Behavior\WriteHtmlCacheBehavior [ RunTime:0.001273s ]
INFO: [ view_filter ] --END-- [ RunTime:0.001311s ]
INFO: [ app_end ] --START--
INFO: Run Behavior\ShowPageTraceBehavior [ RunTime:0.002013s ]
INFO: [ app_end ] --END-- [ RunTime:0.002081s ]

[ 2018-03-22T14:11:12+08:00 ] ::1 /xhr/index.php/Home/Index/video/id/48
INFO: [ app_init ] --START--
INFO: Run Behavior\BuildLiteBehavior [ RunTime:0.000015s ]
INFO: [ app_init ] --END-- [ RunTime:0.000861s ]
INFO: [ app_begin ] --START--
INFO: Run Behavior\ReadHtmlCacheBehavior [ RunTime:0.001910s ]
INFO: [ app_begin ] --END-- [ RunTime:0.001976s ]
SQL: SHOW COLUMNS FROM `videolist` [ RunTime:0.0114s ]
SQL: SELECT * FROM `videolist` WHERE ( id = 48 ) LIMIT 1   [ RunTime:0.0008s ]
SQL: select * from `user` where userid = '1002' and flag = 1 [ RunTime:0.0007s ]
INFO: [ view_parse ] --START--
INFO: [ template_filter ] --START--
INFO: Run Behavior\ContentReplaceBehavior [ RunTime:0.000109s ]
INFO: [ template_filter ] --END-- [ RunTime:0.000158s ]
INFO: Run Behavior\ParseTemplateBehavior [ RunTime:0.014741s ]
INFO: [ view_parse ] --END-- [ RunTime:0.014793s ]
INFO: [ view_filter ] --START--
INFO: Run Behavior\WriteHtmlCacheBehavior [ RunTime:0.001254s ]
INFO: [ view_filter ] --END-- [ RunTime:0.001296s ]
INFO: [ app_end ] --START--
INFO: Run Behavior\ShowPageTraceBehavior [ RunTime:0.001775s ]
INFO: [ app_end ] --END-- [ RunTime:0.001839s ]

[ 2018-03-22T14:11:13+08:00 ] ::1 /xhr/index.php/Home/My/geturl
INFO: [ app_init ] --START--
INFO: Run Behavior\BuildLiteBehavior [ RunTime:0.000020s ]
INFO: [ app_init ] --END-- [ RunTime:0.001834s ]
INFO: [ app_begin ] --START--
INFO: Run Behavior\ReadHtmlCacheBehavior [ RunTime:0.008386s ]
INFO: [ app_begin ] --END-- [ RunTime:0.008510s ]
SQL: select * from videolist where id = 48 and dele = 1 [ RunTime:0.0016s ]

[ 2018-03-22T14:11:13+08:00 ] ::1 /xhr/index.php/Home/Index/video/id/PUBLIC+'/upload/vigoookwi%7Fk~ow4'
INFO: [ app_init ] --START--
INFO: Run Behavior\BuildLiteBehavior [ RunTime:0.000017s ]
INFO: [ app_init ] --END-- [ RunTime:0.001843s ]
INFO: [ app_begin ] --START--
INFO: Run Behavior\ReadHtmlCacheBehavior [ RunTime:0.001292s ]
INFO: [ app_begin ] --END-- [ RunTime:0.001337s ]
SQL: SHOW COLUMNS FROM `videolist` [ RunTime:0.0133s ]
ERR: 1064:You have an error in your SQL syntax; check the manual that corresponds to your MySQL server version for the right syntax to use near '' ) LIMIT 1' at line 1
 [ SQL语句 ] : SELECT * FROM `videolist` WHERE ( id = PUBLIC+' ) LIMIT 1  
ERR: 1064:You have an error in your SQL syntax; check the manual that corresponds to your MySQL server version for the right syntax to use near '' ) LIMIT 1' at line 1
 [ SQL语句 ] : SELECT * FROM `videolist` WHERE ( id = PUBLIC+' ) LIMIT 1  

[ 2018-03-22T14:12:06+08:00 ] ::1 /xhr/index.php/Home/Index/video/id/48
INFO: [ app_init ] --START--
INFO: Run Behavior\BuildLiteBehavior [ RunTime:0.000021s ]
INFO: [ app_init ] --END-- [ RunTime:0.001130s ]
INFO: [ app_begin ] --START--
INFO: Run Behavior\ReadHtmlCacheBehavior [ RunTime:0.001255s ]
INFO: [ app_begin ] --END-- [ RunTime:0.001311s ]
SQL: SHOW COLUMNS FROM `videolist` [ RunTime:0.0104s ]
SQL: SELECT * FROM `videolist` WHERE ( id = 48 ) LIMIT 1   [ RunTime:0.0016s ]
SQL: select * from `user` where userid = '1002' and flag = 1 [ RunTime:0.0011s ]
INFO: [ view_parse ] --START--
INFO: [ template_filter ] --START--
INFO: Run Behavior\ContentReplaceBehavior [ RunTime:0.000091s ]
INFO: [ template_filter ] --END-- [ RunTime:0.000130s ]
INFO: Run Behavior\ParseTemplateBehavior [ RunTime:0.011683s ]
INFO: [ view_parse ] --END-- [ RunTime:0.011766s ]
INFO: [ view_filter ] --START--
INFO: Run Behavior\WriteHtmlCacheBehavior [ RunTime:0.001569s ]
INFO: [ view_filter ] --END-- [ RunTime:0.001625s ]
INFO: [ app_end ] --START--
INFO: Run Behavior\ShowPageTraceBehavior [ RunTime:0.003057s ]
INFO: [ app_end ] --END-- [ RunTime:0.003203s ]

[ 2018-03-22T14:12:07+08:00 ] ::1 /xhr/index.php/Home/My/geturl
INFO: [ app_init ] --START--
INFO: Run Behavior\BuildLiteBehavior [ RunTime:0.000018s ]
INFO: [ app_init ] --END-- [ RunTime:0.000992s ]
INFO: [ app_begin ] --START--
INFO: Run Behavior\ReadHtmlCacheBehavior [ RunTime:0.004306s ]
INFO: [ app_begin ] --END-- [ RunTime:0.004404s ]
SQL: select * from videolist where id = 48 and dele = 1 [ RunTime:0.0012s ]

[ 2018-03-22T14:12:09+08:00 ] ::1 /xhr/index.php/Home/Index/video/id/48
INFO: [ app_init ] --START--
INFO: Run Behavior\BuildLiteBehavior [ RunTime:0.000010s ]
INFO: [ app_init ] --END-- [ RunTime:0.000712s ]
INFO: [ app_begin ] --START--
INFO: Run Behavior\ReadHtmlCacheBehavior [ RunTime:0.002192s ]
INFO: [ app_begin ] --END-- [ RunTime:0.002284s ]
SQL: SHOW COLUMNS FROM `videolist` [ RunTime:0.0156s ]
SQL: SELECT * FROM `videolist` WHERE ( id = 48 ) LIMIT 1   [ RunTime:0.0012s ]
SQL: select * from `user` where userid = '1002' and flag = 1 [ RunTime:0.0010s ]
INFO: [ view_parse ] --START--
INFO: [ template_filter ] --START--
INFO: Run Behavior\ContentReplaceBehavior [ RunTime:0.000090s ]
INFO: [ template_filter ] --END-- [ RunTime:0.000127s ]
INFO: Run Behavior\ParseTemplateBehavior [ RunTime:0.012047s ]
INFO: [ view_parse ] --END-- [ RunTime:0.012116s ]
INFO: [ view_filter ] --START--
INFO: Run Behavior\WriteHtmlCacheBehavior [ RunTime:0.002019s ]
INFO: [ view_filter ] --END-- [ RunTime:0.002078s ]
INFO: [ app_end ] --START--
INFO: Run Behavior\ShowPageTraceBehavior [ RunTime:0.002017s ]
INFO: [ app_end ] --END-- [ RunTime:0.002084s ]

[ 2018-03-22T14:12:09+08:00 ] ::1 /xhr/index.php/Home/My/geturl
INFO: [ app_init ] --START--
INFO: Run Behavior\BuildLiteBehavior [ RunTime:0.000022s ]
INFO: [ app_init ] --END-- [ RunTime:0.001228s ]
INFO: [ app_begin ] --START--
INFO: Run Behavior\ReadHtmlCacheBehavior [ RunTime:0.002367s ]
INFO: [ app_begin ] --END-- [ RunTime:0.002463s ]
SQL: select * from videolist where id = 48 and dele = 1 [ RunTime:0.0008s ]

[ 2018-03-22T14:12:19+08:00 ] ::1 /xhr/index.php/Home/Index/video/id/48
INFO: [ app_init ] --START--
INFO: Run Behavior\BuildLiteBehavior [ RunTime:0.000021s ]
INFO: [ app_init ] --END-- [ RunTime:0.001863s ]
INFO: [ app_begin ] --START--
INFO: Run Behavior\ReadHtmlCacheBehavior [ RunTime:0.001316s ]
INFO: [ app_begin ] --END-- [ RunTime:0.001367s ]
SQL: SHOW COLUMNS FROM `videolist` [ RunTime:0.0113s ]
SQL: SELECT * FROM `videolist` WHERE ( id = 48 ) LIMIT 1   [ RunTime:0.0009s ]
SQL: select * from `user` where userid = '1002' and flag = 1 [ RunTime:0.0006s ]
INFO: [ view_parse ] --START--
INFO: [ template_filter ] --START--
INFO: Run Behavior\ContentReplaceBehavior [ RunTime:0.000158s ]
INFO: [ template_filter ] --END-- [ RunTime:0.000224s ]
INFO: Run Behavior\ParseTemplateBehavior [ RunTime:0.019799s ]
INFO: [ view_parse ] --END-- [ RunTime:0.019871s ]
INFO: [ view_filter ] --START--
INFO: Run Behavior\WriteHtmlCacheBehavior [ RunTime:0.001823s ]
INFO: [ view_filter ] --END-- [ RunTime:0.001910s ]
INFO: [ app_end ] --START--
INFO: Run Behavior\ShowPageTraceBehavior [ RunTime:0.003297s ]
INFO: [ app_end ] --END-- [ RunTime:0.003411s ]

[ 2018-03-22T14:12:19+08:00 ] ::1 /xhr/index.php/Home/My/geturl
INFO: [ app_init ] --START--
INFO: Run Behavior\BuildLiteBehavior [ RunTime:0.000012s ]
INFO: [ app_init ] --END-- [ RunTime:0.000754s ]
INFO: [ app_begin ] --START--
INFO: Run Behavior\ReadHtmlCacheBehavior [ RunTime:0.002801s ]
INFO: [ app_begin ] --END-- [ RunTime:0.002910s ]
SQL: select * from videolist where id = 48 and dele = 1 [ RunTime:0.0012s ]

[ 2018-03-22T14:12:41+08:00 ] ::1 /xhr/index.php/Home/Index/video/id/48
INFO: [ app_init ] --START--
INFO: Run Behavior\BuildLiteBehavior [ RunTime:0.000014s ]
INFO: [ app_init ] --END-- [ RunTime:0.000811s ]
INFO: [ app_begin ] --START--
INFO: Run Behavior\ReadHtmlCacheBehavior [ RunTime:0.002556s ]
INFO: [ app_begin ] --END-- [ RunTime:0.002664s ]
SQL: SHOW COLUMNS FROM `videolist` [ RunTime:0.0098s ]
SQL: SELECT * FROM `videolist` WHERE ( id = 48 ) LIMIT 1   [ RunTime:0.0008s ]
SQL: select * from `user` where userid = '1002' and flag = 1 [ RunTime:0.0007s ]
INFO: [ view_parse ] --START--
INFO: [ template_filter ] --START--
INFO: Run Behavior\ContentReplaceBehavior [ RunTime:0.000117s ]
INFO: [ template_filter ] --END-- [ RunTime:0.000173s ]
INFO: Run Behavior\ParseTemplateBehavior [ RunTime:0.015140s ]
INFO: [ view_parse ] --END-- [ RunTime:0.015198s ]
INFO: [ view_filter ] --START--
INFO: Run Behavior\WriteHtmlCacheBehavior [ RunTime:0.001274s ]
INFO: [ view_filter ] --END-- [ RunTime:0.001319s ]
INFO: [ app_end ] --START--
INFO: Run Behavior\ShowPageTraceBehavior [ RunTime:0.002206s ]
INFO: [ app_end ] --END-- [ RunTime:0.002368s ]

[ 2018-03-22T14:12:42+08:00 ] ::1 /xhr/index.php/Home/My/geturl
INFO: [ app_init ] --START--
INFO: Run Behavior\BuildLiteBehavior [ RunTime:0.000018s ]
INFO: [ app_init ] --END-- [ RunTime:0.001055s ]
INFO: [ app_begin ] --START--
INFO: Run Behavior\ReadHtmlCacheBehavior [ RunTime:0.004711s ]
INFO: [ app_begin ] --END-- [ RunTime:0.004835s ]
SQL: select * from videolist where id = 48 and dele = 1 [ RunTime:0.0015s ]

[ 2018-03-22T14:12:42+08:00 ] ::1 /xhr/index.php/Home/Index/video/id/PUBLIC+'//upload//pic//beiwa.jpg'
INFO: [ app_init ] --START--
INFO: Run Behavior\BuildLiteBehavior [ RunTime:0.000012s ]
INFO: [ app_init ] --END-- [ RunTime:0.000724s ]
INFO: [ app_begin ] --START--
INFO: Run Behavior\ReadHtmlCacheBehavior [ RunTime:0.001336s ]
INFO: [ app_begin ] --END-- [ RunTime:0.001386s ]
SQL: SHOW COLUMNS FROM `videolist` [ RunTime:0.0094s ]
ERR: 1064:You have an error in your SQL syntax; check the manual that corresponds to your MySQL server version for the right syntax to use near '' ) LIMIT 1' at line 1
 [ SQL语句 ] : SELECT * FROM `videolist` WHERE ( id = PUBLIC+' ) LIMIT 1  
ERR: 1064:You have an error in your SQL syntax; check the manual that corresponds to your MySQL server version for the right syntax to use near '' ) LIMIT 1' at line 1
 [ SQL语句 ] : SELECT * FROM `videolist` WHERE ( id = PUBLIC+' ) LIMIT 1  

[ 2018-03-22T14:13:19+08:00 ] ::1 /xhr/index.php/Home/Index/video/id/48
INFO: [ app_init ] --START--
INFO: Run Behavior\BuildLiteBehavior [ RunTime:0.000012s ]
INFO: [ app_init ] --END-- [ RunTime:0.000767s ]
INFO: [ app_begin ] --START--
INFO: Run Behavior\ReadHtmlCacheBehavior [ RunTime:0.002328s ]
INFO: [ app_begin ] --END-- [ RunTime:0.002424s ]
SQL: SHOW COLUMNS FROM `videolist` [ RunTime:0.0110s ]
SQL: SELECT * FROM `videolist` WHERE ( id = 48 ) LIMIT 1   [ RunTime:0.0010s ]
SQL: select * from `user` where userid = '1002' and flag = 1 [ RunTime:0.0010s ]
INFO: [ view_parse ] --START--
INFO: [ template_filter ] --START--
INFO: Run Behavior\ContentReplaceBehavior [ RunTime:0.000104s ]
INFO: [ template_filter ] --END-- [ RunTime:0.000149s ]
INFO: Run Behavior\ParseTemplateBehavior [ RunTime:0.013100s ]
INFO: [ view_parse ] --END-- [ RunTime:0.013181s ]
INFO: [ view_filter ] --START--
INFO: Run Behavior\WriteHtmlCacheBehavior [ RunTime:0.002057s ]
INFO: [ view_filter ] --END-- [ RunTime:0.002141s ]
INFO: [ app_end ] --START--
INFO: Run Behavior\ShowPageTraceBehavior [ RunTime:0.002341s ]
INFO: [ app_end ] --END-- [ RunTime:0.002426s ]

[ 2018-03-22T14:13:19+08:00 ] ::1 /xhr/index.php/Home/My/geturl
INFO: [ app_init ] --START--
INFO: Run Behavior\BuildLiteBehavior [ RunTime:0.000022s ]
INFO: [ app_init ] --END-- [ RunTime:0.001206s ]
INFO: [ app_begin ] --START--
INFO: Run Behavior\ReadHtmlCacheBehavior [ RunTime:0.002546s ]
INFO: [ app_begin ] --END-- [ RunTime:0.002638s ]
SQL: select * from videolist where id = 48 and dele = 1 [ RunTime:0.0007s ]

[ 2018-03-22T14:13:20+08:00 ] ::1 /xhr/index.php/Home/Index/video/id/PUBLIC+'/upload/pic/beiwa.jpg'
INFO: [ app_init ] --START--
INFO: Run Behavior\BuildLiteBehavior [ RunTime:0.000018s ]
INFO: [ app_init ] --END-- [ RunTime:0.001065s ]
INFO: [ app_begin ] --START--
INFO: Run Behavior\ReadHtmlCacheBehavior [ RunTime:0.001970s ]
INFO: [ app_begin ] --END-- [ RunTime:0.002107s ]
SQL: SHOW COLUMNS FROM `videolist` [ RunTime:0.0143s ]
ERR: 1064:You have an error in your SQL syntax; check the manual that corresponds to your MySQL server version for the right syntax to use near '' ) LIMIT 1' at line 1
 [ SQL语句 ] : SELECT * FROM `videolist` WHERE ( id = PUBLIC+' ) LIMIT 1  
ERR: 1064:You have an error in your SQL syntax; check the manual that corresponds to your MySQL server version for the right syntax to use near '' ) LIMIT 1' at line 1
 [ SQL语句 ] : SELECT * FROM `videolist` WHERE ( id = PUBLIC+' ) LIMIT 1  

[ 2018-03-22T14:13:20+08:00 ] ::1 /xhr/index.php/Home/Index/video/id/PUBLIC+'/upload/video/beiwa.mp4'
INFO: [ app_init ] --START--
INFO: Run Behavior\BuildLiteBehavior [ RunTime:0.000020s ]
INFO: [ app_init ] --END-- [ RunTime:0.000977s ]
INFO: [ app_begin ] --START--
INFO: Run Behavior\ReadHtmlCacheBehavior [ RunTime:0.002428s ]
INFO: [ app_begin ] --END-- [ RunTime:0.002575s ]
SQL: SHOW COLUMNS FROM `videolist` [ RunTime:0.0079s ]
ERR: 1064:You have an error in your SQL syntax; check the manual that corresponds to your MySQL server version for the right syntax to use near '' ) LIMIT 1' at line 1
 [ SQL语句 ] : SELECT * FROM `videolist` WHERE ( id = PUBLIC+' ) LIMIT 1  
ERR: 1064:You have an error in your SQL syntax; check the manual that corresponds to your MySQL server version for the right syntax to use near '' ) LIMIT 1' at line 1
 [ SQL语句 ] : SELECT * FROM `videolist` WHERE ( id = PUBLIC+' ) LIMIT 1  

[ 2018-03-22T14:13:54+08:00 ] ::1 /xhr/index.php/Home/Index/video/id/48
INFO: [ app_init ] --START--
INFO: Run Behavior\BuildLiteBehavior [ RunTime:0.000023s ]
INFO: [ app_init ] --END-- [ RunTime:0.000927s ]
INFO: [ app_begin ] --START--
INFO: Run Behavior\ReadHtmlCacheBehavior [ RunTime:0.001947s ]
INFO: [ app_begin ] --END-- [ RunTime:0.002117s ]
SQL: SHOW COLUMNS FROM `videolist` [ RunTime:0.0159s ]
SQL: SELECT * FROM `videolist` WHERE ( id = 48 ) LIMIT 1   [ RunTime:0.0023s ]
SQL: select * from `user` where userid = '1002' and flag = 1 [ RunTime:0.0056s ]
INFO: [ view_parse ] --START--
INFO: [ template_filter ] --START--
INFO: Run Behavior\ContentReplaceBehavior [ RunTime:0.000156s ]
INFO: [ template_filter ] --END-- [ RunTime:0.000240s ]
INFO: Run Behavior\ParseTemplateBehavior [ RunTime:0.016452s ]
INFO: [ view_parse ] --END-- [ RunTime:0.016541s ]
INFO: [ view_filter ] --START--
INFO: Run Behavior\WriteHtmlCacheBehavior [ RunTime:0.001539s ]
INFO: [ view_filter ] --END-- [ RunTime:0.001597s ]
INFO: [ app_end ] --START--
INFO: Run Behavior\ShowPageTraceBehavior [ RunTime:0.001603s ]
INFO: [ app_end ] --END-- [ RunTime:0.001671s ]

[ 2018-03-22T14:13:55+08:00 ] ::1 /xhr/index.php/Home/My/geturl
INFO: [ app_init ] --START--
INFO: Run Behavior\BuildLiteBehavior [ RunTime:0.000019s ]
INFO: [ app_init ] --END-- [ RunTime:0.000985s ]
INFO: [ app_begin ] --START--
INFO: Run Behavior\ReadHtmlCacheBehavior [ RunTime:0.001581s ]
INFO: [ app_begin ] --END-- [ RunTime:0.001648s ]
SQL: select * from videolist where id = 48 and dele = 1 [ RunTime:0.0015s ]

[ 2018-03-22T14:13:55+08:00 ] ::1 /xhr/index.php/Home/Index/video/id/PUBLIC+'/upload/pic/beiwa.jpg'
INFO: [ app_init ] --START--
INFO: Run Behavior\BuildLiteBehavior [ RunTime:0.000048s ]
INFO: [ app_init ] --END-- [ RunTime:0.001343s ]
INFO: [ app_begin ] --START--
INFO: Run Behavior\ReadHtmlCacheBehavior [ RunTime:0.001732s ]
INFO: [ app_begin ] --END-- [ RunTime:0.001836s ]
SQL: SHOW COLUMNS FROM `videolist` [ RunTime:0.0120s ]
ERR: 1064:You have an error in your SQL syntax; check the manual that corresponds to your MySQL server version for the right syntax to use near '' ) LIMIT 1' at line 1
 [ SQL语句 ] : SELECT * FROM `videolist` WHERE ( id = PUBLIC+' ) LIMIT 1  
ERR: 1064:You have an error in your SQL syntax; check the manual that corresponds to your MySQL server version for the right syntax to use near '' ) LIMIT 1' at line 1
 [ SQL语句 ] : SELECT * FROM `videolist` WHERE ( id = PUBLIC+' ) LIMIT 1  

[ 2018-03-22T14:13:55+08:00 ] ::1 /xhr/index.php/Home/Index/video/id/PUBLIC+'/upload/video/beiwa.mp4'
INFO: [ app_init ] --START--
INFO: Run Behavior\BuildLiteBehavior [ RunTime:0.000026s ]
INFO: [ app_init ] --END-- [ RunTime:0.001025s ]
INFO: [ app_begin ] --START--
INFO: Run Behavior\ReadHtmlCacheBehavior [ RunTime:0.003463s ]
INFO: [ app_begin ] --END-- [ RunTime:0.003616s ]
SQL: SHOW COLUMNS FROM `videolist` [ RunTime:0.0099s ]
ERR: 1064:You have an error in your SQL syntax; check the manual that corresponds to your MySQL server version for the right syntax to use near '' ) LIMIT 1' at line 1
 [ SQL语句 ] : SELECT * FROM `videolist` WHERE ( id = PUBLIC+' ) LIMIT 1  
ERR: 1064:You have an error in your SQL syntax; check the manual that corresponds to your MySQL server version for the right syntax to use near '' ) LIMIT 1' at line 1
 [ SQL语句 ] : SELECT * FROM `videolist` WHERE ( id = PUBLIC+' ) LIMIT 1  

[ 2018-03-22T14:16:33+08:00 ] ::1 /xhr/index.php/Home/Index/video/id/48
INFO: [ app_init ] --START--
INFO: Run Behavior\BuildLiteBehavior [ RunTime:0.000011s ]
INFO: [ app_init ] --END-- [ RunTime:0.000943s ]
INFO: [ app_begin ] --START--
INFO: Run Behavior\ReadHtmlCacheBehavior [ RunTime:0.002496s ]
INFO: [ app_begin ] --END-- [ RunTime:0.002592s ]
SQL: SHOW COLUMNS FROM `videolist` [ RunTime:0.0112s ]
SQL: SELECT * FROM `videolist` WHERE ( id = 48 ) LIMIT 1   [ RunTime:0.0013s ]
SQL: select * from `user` where userid = '1002' and flag = 1 [ RunTime:0.0011s ]
INFO: [ view_parse ] --START--
INFO: [ template_filter ] --START--
INFO: Run Behavior\ContentReplaceBehavior [ RunTime:0.000113s ]
INFO: [ template_filter ] --END-- [ RunTime:0.000163s ]
INFO: Run Behavior\ParseTemplateBehavior [ RunTime:0.013350s ]
INFO: [ view_parse ] --END-- [ RunTime:0.013473s ]
INFO: [ view_filter ] --START--
INFO: Run Behavior\WriteHtmlCacheBehavior [ RunTime:0.001818s ]
INFO: [ view_filter ] --END-- [ RunTime:0.001931s ]
INFO: [ app_end ] --START--
INFO: Run Behavior\ShowPageTraceBehavior [ RunTime:0.002693s ]
INFO: [ app_end ] --END-- [ RunTime:0.002777s ]

[ 2018-03-22T14:16:33+08:00 ] ::1 /xhr/index.php/Home/My/geturl
INFO: [ app_init ] --START--
INFO: Run Behavior\BuildLiteBehavior [ RunTime:0.000022s ]
INFO: [ app_init ] --END-- [ RunTime:0.001252s ]
INFO: [ app_begin ] --START--
INFO: Run Behavior\ReadHtmlCacheBehavior [ RunTime:0.001531s ]
INFO: [ app_begin ] --END-- [ RunTime:0.001618s ]
SQL: select * from videolist where id = 48 and dele = 1 [ RunTime:0.0012s ]

[ 2018-03-22T14:19:37+08:00 ] ::1 /xhr/index.php/Home/Index/video/id/48
INFO: [ app_init ] --START--
INFO: Run Behavior\BuildLiteBehavior [ RunTime:0.000017s ]
INFO: [ app_init ] --END-- [ RunTime:0.001110s ]
INFO: [ app_begin ] --START--
INFO: Run Behavior\ReadHtmlCacheBehavior [ RunTime:0.001187s ]
INFO: [ app_begin ] --END-- [ RunTime:0.001249s ]
SQL: SHOW COLUMNS FROM `videolist` [ RunTime:0.0170s ]
SQL: SELECT * FROM `videolist` WHERE ( id = 48 ) LIMIT 1   [ RunTime:0.0065s ]
SQL: select * from `user` where userid = '1002' and flag = 1 [ RunTime:0.0028s ]
INFO: [ view_parse ] --START--
INFO: [ template_filter ] --START--
INFO: Run Behavior\ContentReplaceBehavior [ RunTime:0.000133s ]
INFO: [ template_filter ] --END-- [ RunTime:0.000199s ]
INFO: Run Behavior\ParseTemplateBehavior [ RunTime:0.015716s ]
INFO: [ view_parse ] --END-- [ RunTime:0.015799s ]
INFO: [ view_filter ] --START--
INFO: Run Behavior\WriteHtmlCacheBehavior [ RunTime:0.001668s ]
INFO: [ view_filter ] --END-- [ RunTime:0.001738s ]
INFO: [ app_end ] --START--
INFO: Run Behavior\ShowPageTraceBehavior [ RunTime:0.001710s ]
INFO: [ app_end ] --END-- [ RunTime:0.001784s ]

[ 2018-03-22T14:19:38+08:00 ] ::1 /xhr/index.php/Home/My/geturl
INFO: [ app_init ] --START--
INFO: Run Behavior\BuildLiteBehavior [ RunTime:0.000011s ]
INFO: [ app_init ] --END-- [ RunTime:0.000633s ]
INFO: [ app_begin ] --START--
INFO: Run Behavior\ReadHtmlCacheBehavior [ RunTime:0.001689s ]
INFO: [ app_begin ] --END-- [ RunTime:0.001775s ]
SQL: select * from videolist where id = 48 and dele = 1 [ RunTime:0.0014s ]

[ 2018-03-22T14:19:38+08:00 ] ::1 /xhr/index.php/Home/Index/video/id/PUBLIC+'/upload/pic/beiwa.jpg'
INFO: [ app_init ] --START--
INFO: Run Behavior\BuildLiteBehavior [ RunTime:0.000087s ]
INFO: [ app_init ] --END-- [ RunTime:0.001785s ]
INFO: [ app_begin ] --START--
INFO: Run Behavior\ReadHtmlCacheBehavior [ RunTime:0.001625s ]
INFO: [ app_begin ] --END-- [ RunTime:0.001708s ]
SQL: SHOW COLUMNS FROM `videolist` [ RunTime:0.0125s ]
ERR: 1064:You have an error in your SQL syntax; check the manual that corresponds to your MySQL server version for the right syntax to use near '' ) LIMIT 1' at line 1
 [ SQL语句 ] : SELECT * FROM `videolist` WHERE ( id = PUBLIC+' ) LIMIT 1  
ERR: 1064:You have an error in your SQL syntax; check the manual that corresponds to your MySQL server version for the right syntax to use near '' ) LIMIT 1' at line 1
 [ SQL语句 ] : SELECT * FROM `videolist` WHERE ( id = PUBLIC+' ) LIMIT 1  

[ 2018-03-22T14:19:38+08:00 ] ::1 /xhr/index.php/Home/Index/video/id/PUBLIC+'/upload/video/beiwa.mp4'
INFO: [ app_init ] --START--
INFO: Run Behavior\BuildLiteBehavior [ RunTime:0.000024s ]
INFO: [ app_init ] --END-- [ RunTime:0.001032s ]
INFO: [ app_begin ] --START--
INFO: Run Behavior\ReadHtmlCacheBehavior [ RunTime:0.002582s ]
INFO: [ app_begin ] --END-- [ RunTime:0.002680s ]
SQL: SHOW COLUMNS FROM `videolist` [ RunTime:0.0084s ]
ERR: 1064:You have an error in your SQL syntax; check the manual that corresponds to your MySQL server version for the right syntax to use near '' ) LIMIT 1' at line 1
 [ SQL语句 ] : SELECT * FROM `videolist` WHERE ( id = PUBLIC+' ) LIMIT 1  
ERR: 1064:You have an error in your SQL syntax; check the manual that corresponds to your MySQL server version for the right syntax to use near '' ) LIMIT 1' at line 1
 [ SQL语句 ] : SELECT * FROM `videolist` WHERE ( id = PUBLIC+' ) LIMIT 1  

[ 2018-03-22T14:20:35+08:00 ] ::1 /xhr/index.php/Home/Index/video/id/48
INFO: [ app_init ] --START--
INFO: Run Behavior\BuildLiteBehavior [ RunTime:0.000020s ]
INFO: [ app_init ] --END-- [ RunTime:0.001088s ]
INFO: [ app_begin ] --START--
INFO: Run Behavior\ReadHtmlCacheBehavior [ RunTime:0.002471s ]
INFO: [ app_begin ] --END-- [ RunTime:0.002608s ]
SQL: SHOW COLUMNS FROM `videolist` [ RunTime:0.0153s ]
SQL: SELECT * FROM `videolist` WHERE ( id = 48 ) LIMIT 1   [ RunTime:0.0015s ]
SQL: select * from `user` where userid = '1002' and flag = 1 [ RunTime:0.0012s ]
INFO: [ view_parse ] --START--
INFO: [ template_filter ] --START--
INFO: Run Behavior\ContentReplaceBehavior [ RunTime:0.000170s ]
INFO: [ template_filter ] --END-- [ RunTime:0.000244s ]
INFO: Run Behavior\ParseTemplateBehavior [ RunTime:0.017291s ]
INFO: [ view_parse ] --END-- [ RunTime:0.017383s ]
INFO: [ view_filter ] --START--
INFO: Run Behavior\WriteHtmlCacheBehavior [ RunTime:0.001824s ]
INFO: [ view_filter ] --END-- [ RunTime:0.001880s ]
INFO: [ app_end ] --START--
INFO: Run Behavior\ShowPageTraceBehavior [ RunTime:0.002197s ]
INFO: [ app_end ] --END-- [ RunTime:0.002274s ]

[ 2018-03-22T14:20:36+08:00 ] ::1 /xhr/index.php/Home/My/geturl
INFO: [ app_init ] --START--
INFO: Run Behavior\BuildLiteBehavior [ RunTime:0.000011s ]
INFO: [ app_init ] --END-- [ RunTime:0.000645s ]
INFO: [ app_begin ] --START--
INFO: Run Behavior\ReadHtmlCacheBehavior [ RunTime:0.003116s ]
INFO: [ app_begin ] --END-- [ RunTime:0.003203s ]
SQL: select * from videolist where id = 48 and dele = 1 [ RunTime:0.0011s ]

[ 2018-03-22T14:20:44+08:00 ] ::1 /xhr/index.php/Home/Index/video/id/48
INFO: [ app_init ] --START--
INFO: Run Behavior\BuildLiteBehavior [ RunTime:0.000014s ]
INFO: [ app_init ] --END-- [ RunTime:0.000815s ]
INFO: [ app_begin ] --START--
INFO: Run Behavior\ReadHtmlCacheBehavior [ RunTime:0.001120s ]
INFO: [ app_begin ] --END-- [ RunTime:0.001171s ]
SQL: SHOW COLUMNS FROM `videolist` [ RunTime:0.0133s ]
SQL: SELECT * FROM `videolist` WHERE ( id = 48 ) LIMIT 1   [ RunTime:0.0015s ]
SQL: select * from `user` where userid = '1002' and flag = 1 [ RunTime:0.0008s ]
INFO: [ view_parse ] --START--
INFO: [ template_filter ] --START--
INFO: Run Behavior\ContentReplaceBehavior [ RunTime:0.000175s ]
INFO: [ template_filter ] --END-- [ RunTime:0.000277s ]
INFO: Run Behavior\ParseTemplateBehavior [ RunTime:0.014733s ]
INFO: [ view_parse ] --END-- [ RunTime:0.014799s ]
INFO: [ view_filter ] --START--
INFO: Run Behavior\WriteHtmlCacheBehavior [ RunTime:0.001264s ]
INFO: [ view_filter ] --END-- [ RunTime:0.001317s ]
INFO: [ app_end ] --START--
INFO: Run Behavior\ShowPageTraceBehavior [ RunTime:0.001657s ]
INFO: [ app_end ] --END-- [ RunTime:0.001721s ]

[ 2018-03-22T14:20:44+08:00 ] ::1 /xhr/index.php/Home/My/geturl
INFO: [ app_init ] --START--
INFO: Run Behavior\BuildLiteBehavior [ RunTime:0.000017s ]
INFO: [ app_init ] --END-- [ RunTime:0.000930s ]
INFO: [ app_begin ] --START--
INFO: Run Behavior\ReadHtmlCacheBehavior [ RunTime:0.001696s ]
INFO: [ app_begin ] --END-- [ RunTime:0.001771s ]
SQL: select * from videolist where id = 48 and dele = 1 [ RunTime:0.0060s ]

[ 2018-03-22T14:22:44+08:00 ] ::1 /xhr/index.php/Home/Index/video/id/48
INFO: [ app_init ] --START--
INFO: Run Behavior\BuildLiteBehavior [ RunTime:0.000024s ]
INFO: [ app_init ] --END-- [ RunTime:0.001025s ]
INFO: [ app_begin ] --START--
INFO: Run Behavior\ReadHtmlCacheBehavior [ RunTime:0.002392s ]
INFO: [ app_begin ] --END-- [ RunTime:0.002534s ]
SQL: SHOW COLUMNS FROM `videolist` [ RunTime:0.0109s ]
SQL: SELECT * FROM `videolist` WHERE ( id = 48 ) LIMIT 1   [ RunTime:0.0015s ]
SQL: select * from `user` where userid = '1002' and flag = 1 [ RunTime:0.0009s ]
INFO: [ view_parse ] --START--
INFO: [ template_filter ] --START--
INFO: Run Behavior\ContentReplaceBehavior [ RunTime:0.000191s ]
INFO: [ template_filter ] --END-- [ RunTime:0.000256s ]
INFO: Run Behavior\ParseTemplateBehavior [ RunTime:0.015438s ]
INFO: [ view_parse ] --END-- [ RunTime:0.015506s ]
INFO: [ view_filter ] --START--
INFO: Run Behavior\WriteHtmlCacheBehavior [ RunTime:0.001214s ]
INFO: [ view_filter ] --END-- [ RunTime:0.001263s ]
INFO: [ app_end ] --START--
INFO: Run Behavior\ShowPageTraceBehavior [ RunTime:0.001586s ]
INFO: [ app_end ] --END-- [ RunTime:0.001647s ]

[ 2018-03-22T14:22:45+08:00 ] ::1 /xhr/index.php/Home/My/geturl
INFO: [ app_init ] --START--
INFO: Run Behavior\BuildLiteBehavior [ RunTime:0.000012s ]
INFO: [ app_init ] --END-- [ RunTime:0.000689s ]
INFO: [ app_begin ] --START--
INFO: Run Behavior\ReadHtmlCacheBehavior [ RunTime:0.001768s ]
INFO: [ app_begin ] --END-- [ RunTime:0.001850s ]
SQL: select * from videolist where id = 48 and dele = 1 [ RunTime:0.0012s ]

[ 2018-03-22T14:23:03+08:00 ] ::1 /xhr/index.php/Home/Index/video/id/48
INFO: [ app_init ] --START--
INFO: Run Behavior\BuildLiteBehavior [ RunTime:0.000012s ]
INFO: [ app_init ] --END-- [ RunTime:0.000706s ]
INFO: [ app_begin ] --START--
INFO: Run Behavior\ReadHtmlCacheBehavior [ RunTime:0.001817s ]
INFO: [ app_begin ] --END-- [ RunTime:0.001898s ]
SQL: SHOW COLUMNS FROM `videolist` [ RunTime:0.0129s ]
SQL: SELECT * FROM `videolist` WHERE ( id = 48 ) LIMIT 1   [ RunTime:0.0010s ]
SQL: select * from `user` where userid = '1002' and flag = 1 [ RunTime:0.0008s ]
INFO: [ view_parse ] --START--
INFO: [ template_filter ] --START--
INFO: Run Behavior\ContentReplaceBehavior [ RunTime:0.000092s ]
INFO: [ template_filter ] --END-- [ RunTime:0.000147s ]
INFO: Run Behavior\ParseTemplateBehavior [ RunTime:0.016337s ]
INFO: [ view_parse ] --END-- [ RunTime:0.016389s ]
INFO: [ view_filter ] --START--
INFO: Run Behavior\WriteHtmlCacheBehavior [ RunTime:0.001287s ]
INFO: [ view_filter ] --END-- [ RunTime:0.001328s ]
INFO: [ app_end ] --START--
INFO: Run Behavior\ShowPageTraceBehavior [ RunTime:0.001380s ]
INFO: [ app_end ] --END-- [ RunTime:0.001418s ]

[ 2018-03-22T14:23:04+08:00 ] ::1 /xhr/index.php/Home/My/geturl
INFO: [ app_init ] --START--
INFO: Run Behavior\BuildLiteBehavior [ RunTime:0.000017s ]
INFO: [ app_init ] --END-- [ RunTime:0.000811s ]
INFO: [ app_begin ] --START--
INFO: Run Behavior\ReadHtmlCacheBehavior [ RunTime:0.002245s ]
INFO: [ app_begin ] --END-- [ RunTime:0.002337s ]
SQL: select * from videolist where id = 48 and dele = 1 [ RunTime:0.0014s ]

[ 2018-03-22T14:24:17+08:00 ] ::1 /xhr/index.php/Home/Index/video/id/48
INFO: [ app_init ] --START--
INFO: Run Behavior\BuildLiteBehavior [ RunTime:0.000022s ]
INFO: [ app_init ] --END-- [ RunTime:0.003225s ]
INFO: [ app_begin ] --START--
INFO: Run Behavior\ReadHtmlCacheBehavior [ RunTime:0.001739s ]
INFO: [ app_begin ] --END-- [ RunTime:0.001801s ]
SQL: SHOW COLUMNS FROM `videolist` [ RunTime:0.0142s ]
SQL: SELECT * FROM `videolist` WHERE ( id = 48 ) LIMIT 1   [ RunTime:0.0009s ]
SQL: select * from `user` where userid = '1002' and flag = 1 [ RunTime:0.0007s ]
INFO: [ view_parse ] --START--
INFO: [ template_filter ] --START--
INFO: Run Behavior\ContentReplaceBehavior [ RunTime:0.000114s ]
INFO: [ template_filter ] --END-- [ RunTime:0.000166s ]
INFO: Run Behavior\ParseTemplateBehavior [ RunTime:0.014342s ]
INFO: [ view_parse ] --END-- [ RunTime:0.014415s ]
INFO: [ view_filter ] --START--
INFO: Run Behavior\WriteHtmlCacheBehavior [ RunTime:0.001471s ]
INFO: [ view_filter ] --END-- [ RunTime:0.001524s ]
INFO: [ app_end ] --START--
INFO: Run Behavior\ShowPageTraceBehavior [ RunTime:0.001955s ]
INFO: [ app_end ] --END-- [ RunTime:0.002027s ]

[ 2018-03-22T14:24:18+08:00 ] ::1 /xhr/index.php/Home/My/geturl
INFO: [ app_init ] --START--
INFO: Run Behavior\BuildLiteBehavior [ RunTime:0.000013s ]
INFO: [ app_init ] --END-- [ RunTime:0.000758s ]
INFO: [ app_begin ] --START--
INFO: Run Behavior\ReadHtmlCacheBehavior [ RunTime:0.002286s ]
INFO: [ app_begin ] --END-- [ RunTime:0.002374s ]
SQL: select * from videolist where id = 48 and dele = 1 [ RunTime:0.0011s ]

[ 2018-03-22T14:24:28+08:00 ] ::1 /xhr/index.php/Home/Index/video/id/48
INFO: [ app_init ] --START--
INFO: Run Behavior\BuildLiteBehavior [ RunTime:0.000045s ]
INFO: [ app_init ] --END-- [ RunTime:0.001680s ]
INFO: [ app_begin ] --START--
INFO: Run Behavior\ReadHtmlCacheBehavior [ RunTime:0.001787s ]
INFO: [ app_begin ] --END-- [ RunTime:0.001857s ]
SQL: SHOW COLUMNS FROM `videolist` [ RunTime:0.0168s ]
SQL: SELECT * FROM `videolist` WHERE ( id = 48 ) LIMIT 1   [ RunTime:0.0024s ]
SQL: select * from `user` where userid = '1002' and flag = 1 [ RunTime:0.0011s ]
INFO: [ view_parse ] --START--
INFO: [ template_filter ] --START--
INFO: Run Behavior\ContentReplaceBehavior [ RunTime:0.000131s ]
INFO: [ template_filter ] --END-- [ RunTime:0.000199s ]
INFO: Run Behavior\ParseTemplateBehavior [ RunTime:0.016489s ]
INFO: [ view_parse ] --END-- [ RunTime:0.016605s ]
INFO: [ view_filter ] --START--
INFO: Run Behavior\WriteHtmlCacheBehavior [ RunTime:0.002098s ]
INFO: [ view_filter ] --END-- [ RunTime:0.002162s ]
INFO: [ app_end ] --START--
INFO: Run Behavior\ShowPageTraceBehavior [ RunTime:0.002828s ]
INFO: [ app_end ] --END-- [ RunTime:0.002998s ]

[ 2018-03-22T14:24:29+08:00 ] ::1 /xhr/index.php/Home/My/geturl
INFO: [ app_init ] --START--
INFO: Run Behavior\BuildLiteBehavior [ RunTime:0.000017s ]
INFO: [ app_init ] --END-- [ RunTime:0.000891s ]
INFO: [ app_begin ] --START--
INFO: Run Behavior\ReadHtmlCacheBehavior [ RunTime:0.004488s ]
INFO: [ app_begin ] --END-- [ RunTime:0.004574s ]
SQL: select * from videolist where id = 48 and dele = 1 [ RunTime:0.0012s ]

[ 2018-03-22T14:24:47+08:00 ] ::1 /xhr/index.php/Home/Index/video/id/48
INFO: [ app_init ] --START--
INFO: Run Behavior\BuildLiteBehavior [ RunTime:0.000011s ]
INFO: [ app_init ] --END-- [ RunTime:0.000648s ]
INFO: [ app_begin ] --START--
INFO: Run Behavior\ReadHtmlCacheBehavior [ RunTime:0.001789s ]
INFO: [ app_begin ] --END-- [ RunTime:0.001867s ]
SQL: SHOW COLUMNS FROM `videolist` [ RunTime:0.0166s ]
SQL: SELECT * FROM `videolist` WHERE ( id = 48 ) LIMIT 1   [ RunTime:0.0010s ]
SQL: select * from `user` where userid = '1002' and flag = 1 [ RunTime:0.0009s ]
INFO: [ view_parse ] --START--
INFO: [ template_filter ] --START--
INFO: Run Behavior\ContentReplaceBehavior [ RunTime:0.000144s ]
INFO: [ template_filter ] --END-- [ RunTime:0.000213s ]
INFO: Run Behavior\ParseTemplateBehavior [ RunTime:0.012158s ]
INFO: [ view_parse ] --END-- [ RunTime:0.012213s ]
INFO: [ view_filter ] --START--
INFO: Run Behavior\WriteHtmlCacheBehavior [ RunTime:0.001285s ]
INFO: [ view_filter ] --END-- [ RunTime:0.001321s ]
INFO: [ app_end ] --START--
INFO: Run Behavior\ShowPageTraceBehavior [ RunTime:0.001754s ]
INFO: [ app_end ] --END-- [ RunTime:0.001835s ]

[ 2018-03-22T14:24:47+08:00 ] ::1 /xhr/index.php/Home/My/geturl
INFO: [ app_init ] --START--
INFO: Run Behavior\BuildLiteBehavior [ RunTime:0.000014s ]
INFO: [ app_init ] --END-- [ RunTime:0.000934s ]
INFO: [ app_begin ] --START--
INFO: Run Behavior\ReadHtmlCacheBehavior [ RunTime:0.002218s ]
INFO: [ app_begin ] --END-- [ RunTime:0.002310s ]
SQL: select * from videolist where id = 48 and dele = 1 [ RunTime:0.0008s ]

[ 2018-03-22T14:24:48+08:00 ] ::1 /xhr/index.php/Home/My/my_vip
INFO: [ app_init ] --START--
INFO: Run Behavior\BuildLiteBehavior [ RunTime:0.000012s ]
INFO: [ app_init ] --END-- [ RunTime:0.000745s ]
INFO: [ app_begin ] --START--
INFO: Run Behavior\ReadHtmlCacheBehavior [ RunTime:0.003970s ]
INFO: [ app_begin ] --END-- [ RunTime:0.004213s ]
SQL: select * from `user` where userid = 1002 and flag= 1 [ RunTime:0.0013s ]
SQL: select xjnum from userzj where userid = 1002 [ RunTime:0.0022s ]
INFO: [ view_parse ] --START--
INFO: [ template_filter ] --START--
INFO: Run Behavior\ContentReplaceBehavior [ RunTime:0.000073s ]
INFO: [ template_filter ] --END-- [ RunTime:0.000114s ]
INFO: Run Behavior\ParseTemplateBehavior [ RunTime:0.020428s ]
INFO: [ view_parse ] --END-- [ RunTime:0.020470s ]
INFO: [ view_filter ] --START--
INFO: Run Behavior\WriteHtmlCacheBehavior [ RunTime:0.001144s ]
INFO: [ view_filter ] --END-- [ RunTime:0.001186s ]
INFO: [ app_end ] --START--
INFO: Run Behavior\ShowPageTraceBehavior [ RunTime:0.007029s ]
INFO: [ app_end ] --END-- [ RunTime:0.007107s ]

[ 2018-03-22T14:25:00+08:00 ] ::1 /xhr/index.php/Home/My/Index
INFO: [ app_init ] --START--
INFO: Run Behavior\BuildLiteBehavior [ RunTime:0.000012s ]
INFO: [ app_init ] --END-- [ RunTime:0.000712s ]
INFO: [ app_begin ] --START--
INFO: Run Behavior\ReadHtmlCacheBehavior [ RunTime:0.001539s ]
INFO: [ app_begin ] --END-- [ RunTime:0.001594s ]
SQL: select * from `user` where userid = 1002 and flag= 1 [ RunTime:0.0015s ]
SQL: select count(1) js from `user` where pid = 1002  [ RunTime:0.0012s ]
SQL: select xjnum from userzj where userid = 1002 [ RunTime:0.0010s ]
SQL: select sum(num) num from gdlist where userid = 1002 and flag = 1 [ RunTime:0.0031s ]
INFO: [ view_parse ] --START--
INFO: [ template_filter ] --START--
INFO: Run Behavior\ContentReplaceBehavior [ RunTime:0.000097s ]
INFO: [ template_filter ] --END-- [ RunTime:0.000143s ]
INFO: Run Behavior\ParseTemplateBehavior [ RunTime:0.011236s ]
INFO: [ view_parse ] --END-- [ RunTime:0.011351s ]
INFO: [ view_filter ] --START--
INFO: Run Behavior\WriteHtmlCacheBehavior [ RunTime:0.002115s ]
INFO: [ view_filter ] --END-- [ RunTime:0.002184s ]
INFO: [ app_end ] --START--
INFO: Run Behavior\ShowPageTraceBehavior [ RunTime:0.001911s ]
INFO: [ app_end ] --END-- [ RunTime:0.001990s ]

[ 2018-03-22T14:25:01+08:00 ] ::1 /xhr/index.php/Home/My/my_vip
INFO: [ app_init ] --START--
INFO: Run Behavior\BuildLiteBehavior [ RunTime:0.000013s ]
INFO: [ app_init ] --END-- [ RunTime:0.000680s ]
INFO: [ app_begin ] --START--
INFO: Run Behavior\ReadHtmlCacheBehavior [ RunTime:0.001440s ]
INFO: [ app_begin ] --END-- [ RunTime:0.001487s ]
SQL: select * from `user` where userid = 1002 and flag= 1 [ RunTime:0.0010s ]
SQL: select xjnum from userzj where userid = 1002 [ RunTime:0.0007s ]
INFO: [ view_parse ] --START--
INFO: [ template_filter ] --START--
INFO: Run Behavior\ContentReplaceBehavior [ RunTime:0.000080s ]
INFO: [ template_filter ] --END-- [ RunTime:0.000124s ]
INFO: Run Behavior\ParseTemplateBehavior [ RunTime:0.012957s ]
INFO: [ view_parse ] --END-- [ RunTime:0.013011s ]
INFO: [ view_filter ] --START--
INFO: Run Behavior\WriteHtmlCacheBehavior [ RunTime:0.001474s ]
INFO: [ view_filter ] --END-- [ RunTime:0.001516s ]
INFO: [ app_end ] --START--
INFO: Run Behavior\ShowPageTraceBehavior [ RunTime:0.002714s ]
INFO: [ app_end ] --END-- [ RunTime:0.002789s ]

[ 2018-03-22T14:25:02+08:00 ] ::1 /xhr/index.php/Home/My/Index
INFO: [ app_init ] --START--
INFO: Run Behavior\BuildLiteBehavior [ RunTime:0.000012s ]
INFO: [ app_init ] --END-- [ RunTime:0.000685s ]
INFO: [ app_begin ] --START--
INFO: Run Behavior\ReadHtmlCacheBehavior [ RunTime:0.002834s ]
INFO: [ app_begin ] --END-- [ RunTime:0.002981s ]
SQL: select * from `user` where userid = 1002 and flag= 1 [ RunTime:0.0017s ]
SQL: select count(1) js from `user` where pid = 1002  [ RunTime:0.0012s ]
SQL: select xjnum from userzj where userid = 1002 [ RunTime:0.0011s ]
SQL: select sum(num) num from gdlist where userid = 1002 and flag = 1 [ RunTime:0.0010s ]
INFO: [ view_parse ] --START--
INFO: [ template_filter ] --START--
INFO: Run Behavior\ContentReplaceBehavior [ RunTime:0.000080s ]
INFO: [ template_filter ] --END-- [ RunTime:0.000131s ]
INFO: Run Behavior\ParseTemplateBehavior [ RunTime:0.011530s ]
INFO: [ view_parse ] --END-- [ RunTime:0.011676s ]
INFO: [ view_filter ] --START--
INFO: Run Behavior\WriteHtmlCacheBehavior [ RunTime:0.002342s ]
INFO: [ view_filter ] --END-- [ RunTime:0.002423s ]
INFO: [ app_end ] --START--
INFO: Run Behavior\ShowPageTraceBehavior [ RunTime:0.001620s ]
INFO: [ app_end ] --END-- [ RunTime:0.001669s ]

[ 2018-03-22T14:25:04+08:00 ] ::1 /xhr/index.php/Home/Index/index
INFO: [ app_init ] --START--
INFO: Run Behavior\BuildLiteBehavior [ RunTime:0.000013s ]
INFO: [ app_init ] --END-- [ RunTime:0.000670s ]
INFO: [ app_begin ] --START--
INFO: Run Behavior\ReadHtmlCacheBehavior [ RunTime:0.001845s ]
INFO: [ app_begin ] --END-- [ RunTime:0.001896s ]
SQL: SHOW COLUMNS FROM `videolist` [ RunTime:0.0112s ]
SQL: SELECT * FROM `videolist` ORDER BY id desc LIMIT 10   [ RunTime:0.0010s ]
INFO: [ view_parse ] --START--
INFO: [ template_filter ] --START--
INFO: Run Behavior\ContentReplaceBehavior [ RunTime:0.000100s ]
INFO: [ template_filter ] --END-- [ RunTime:0.000143s ]
INFO: Run Behavior\ParseTemplateBehavior [ RunTime:0.014305s ]
INFO: [ view_parse ] --END-- [ RunTime:0.014350s ]
INFO: [ view_filter ] --START--
INFO: Run Behavior\WriteHtmlCacheBehavior [ RunTime:0.001150s ]
INFO: [ view_filter ] --END-- [ RunTime:0.001181s ]
INFO: [ app_end ] --START--
INFO: Run Behavior\ShowPageTraceBehavior [ RunTime:0.001514s ]
INFO: [ app_end ] --END-- [ RunTime:0.001571s ]

[ 2018-03-22T14:25:06+08:00 ] ::1 /xhr/index.php/Home/My/my_vip
INFO: [ app_init ] --START--
INFO: Run Behavior\BuildLiteBehavior [ RunTime:0.000020s ]
INFO: [ app_init ] --END-- [ RunTime:0.000855s ]
INFO: [ app_begin ] --START--
INFO: Run Behavior\ReadHtmlCacheBehavior [ RunTime:0.001347s ]
INFO: [ app_begin ] --END-- [ RunTime:0.001394s ]
SQL: select * from `user` where userid = 1002 and flag= 1 [ RunTime:0.0008s ]
SQL: select xjnum from userzj where userid = 1002 [ RunTime:0.0007s ]
INFO: [ view_parse ] --START--
INFO: [ template_filter ] --START--
INFO: Run Behavior\ContentReplaceBehavior [ RunTime:0.000084s ]
INFO: [ template_filter ] --END-- [ RunTime:0.000138s ]
INFO: Run Behavior\ParseTemplateBehavior [ RunTime:0.012374s ]
INFO: [ view_parse ] --END-- [ RunTime:0.012413s ]
INFO: [ view_filter ] --START--
INFO: Run Behavior\WriteHtmlCacheBehavior [ RunTime:0.001509s ]
INFO: [ view_filter ] --END-- [ RunTime:0.001543s ]
INFO: [ app_end ] --START--
INFO: Run Behavior\ShowPageTraceBehavior [ RunTime:0.001592s ]
INFO: [ app_end ] --END-- [ RunTime:0.001636s ]

[ 2018-03-22T14:26:54+08:00 ] ::1 /xhr/index.php/Home/Index/index
INFO: [ app_init ] --START--
INFO: Run Behavior\BuildLiteBehavior [ RunTime:0.000011s ]
INFO: [ app_init ] --END-- [ RunTime:0.000606s ]
INFO: [ app_begin ] --START--
INFO: Run Behavior\ReadHtmlCacheBehavior [ RunTime:0.001371s ]
INFO: [ app_begin ] --END-- [ RunTime:0.001425s ]
SQL: SHOW COLUMNS FROM `videolist` [ RunTime:0.0132s ]
SQL: SELECT * FROM `videolist` ORDER BY id desc LIMIT 10   [ RunTime:0.0013s ]
INFO: [ view_parse ] --START--
INFO: [ template_filter ] --START--
INFO: Run Behavior\ContentReplaceBehavior [ RunTime:0.000116s ]
INFO: [ template_filter ] --END-- [ RunTime:0.000170s ]
INFO: Run Behavior\ParseTemplateBehavior [ RunTime:0.014522s ]
INFO: [ view_parse ] --END-- [ RunTime:0.014567s ]
INFO: [ view_filter ] --START--
INFO: Run Behavior\WriteHtmlCacheBehavior [ RunTime:0.001286s ]
INFO: [ view_filter ] --END-- [ RunTime:0.001328s ]
INFO: [ app_end ] --START--
INFO: Run Behavior\ShowPageTraceBehavior [ RunTime:0.001558s ]
INFO: [ app_end ] --END-- [ RunTime:0.001611s ]

[ 2018-03-22T14:26:55+08:00 ] ::1 /xhr/index.php/Home/Index/video/id/47
INFO: [ app_init ] --START--
INFO: Run Behavior\BuildLiteBehavior [ RunTime:0.000026s ]
INFO: [ app_init ] --END-- [ RunTime:0.001547s ]
INFO: [ app_begin ] --START--
INFO: Run Behavior\ReadHtmlCacheBehavior [ RunTime:0.001477s ]
INFO: [ app_begin ] --END-- [ RunTime:0.001527s ]
SQL: SHOW COLUMNS FROM `videolist` [ RunTime:0.0164s ]
SQL: SELECT * FROM `videolist` WHERE ( id = 47 ) LIMIT 1   [ RunTime:0.0012s ]
SQL: select * from `user` where userid = '1002' and flag = 1 [ RunTime:0.0010s ]
INFO: [ view_parse ] --START--
INFO: [ template_filter ] --START--
INFO: Run Behavior\ContentReplaceBehavior [ RunTime:0.000108s ]
INFO: [ template_filter ] --END-- [ RunTime:0.000149s ]
INFO: Run Behavior\ParseTemplateBehavior [ RunTime:0.013640s ]
INFO: [ view_parse ] --END-- [ RunTime:0.013684s ]
INFO: [ view_filter ] --START--
INFO: Run Behavior\WriteHtmlCacheBehavior [ RunTime:0.001240s ]
INFO: [ view_filter ] --END-- [ RunTime:0.001272s ]
INFO: [ app_end ] --START--
INFO: Run Behavior\ShowPageTraceBehavior [ RunTime:0.002016s ]
INFO: [ app_end ] --END-- [ RunTime:0.002079s ]

[ 2018-03-22T14:26:55+08:00 ] ::1 /xhr/index.php/Home/My/geturl
INFO: [ app_init ] --START--
INFO: Run Behavior\BuildLiteBehavior [ RunTime:0.000012s ]
INFO: [ app_init ] --END-- [ RunTime:0.000644s ]
INFO: [ app_begin ] --START--
INFO: Run Behavior\ReadHtmlCacheBehavior [ RunTime:0.001815s ]
INFO: [ app_begin ] --END-- [ RunTime:0.001891s ]
SQL: select * from videolist where id = 47 and dele = 1 [ RunTime:0.0011s ]

[ 2018-03-22T14:27:25+08:00 ] ::1 /xhr/index.php/Home/Index/video/id/47
INFO: [ app_init ] --START--
INFO: Run Behavior\BuildLiteBehavior [ RunTime:0.000016s ]
INFO: [ app_init ] --END-- [ RunTime:0.000956s ]
INFO: [ app_begin ] --START--
INFO: Run Behavior\ReadHtmlCacheBehavior [ RunTime:0.001392s ]
INFO: [ app_begin ] --END-- [ RunTime:0.001439s ]
SQL: SHOW COLUMNS FROM `videolist` [ RunTime:0.0114s ]
SQL: SELECT * FROM `videolist` WHERE ( id = 47 ) LIMIT 1   [ RunTime:0.0012s ]
SQL: select * from `user` where userid = '1002' and flag = 1 [ RunTime:0.0008s ]
INFO: [ view_parse ] --START--
INFO: [ template_filter ] --START--
INFO: Run Behavior\ContentReplaceBehavior [ RunTime:0.000112s ]
INFO: [ template_filter ] --END-- [ RunTime:0.000156s ]
INFO: Run Behavior\ParseTemplateBehavior [ RunTime:0.016252s ]
INFO: [ view_parse ] --END-- [ RunTime:0.016299s ]
INFO: [ view_filter ] --START--
INFO: Run Behavior\WriteHtmlCacheBehavior [ RunTime:0.001201s ]
INFO: [ view_filter ] --END-- [ RunTime:0.001234s ]
INFO: [ app_end ] --START--
INFO: Run Behavior\ShowPageTraceBehavior [ RunTime:0.001782s ]
INFO: [ app_end ] --END-- [ RunTime:0.001848s ]

[ 2018-03-22T14:27:26+08:00 ] ::1 /xhr/index.php/Home/My/geturl
INFO: [ app_init ] --START--
INFO: Run Behavior\BuildLiteBehavior [ RunTime:0.000011s ]
INFO: [ app_init ] --END-- [ RunTime:0.000626s ]
INFO: [ app_begin ] --START--
INFO: Run Behavior\ReadHtmlCacheBehavior [ RunTime:0.003316s ]
INFO: [ app_begin ] --END-- [ RunTime:0.003402s ]
SQL: select * from videolist where id = 47 and dele = 1 [ RunTime:0.0013s ]

[ 2018-03-22T14:28:27+08:00 ] ::1 /xhr/index.php/Home/Index/video/id/47
INFO: [ app_init ] --START--
INFO: Run Behavior\BuildLiteBehavior [ RunTime:0.000011s ]
INFO: [ app_init ] --END-- [ RunTime:0.000664s ]
INFO: [ app_begin ] --START--
INFO: Run Behavior\ReadHtmlCacheBehavior [ RunTime:0.001069s ]
INFO: [ app_begin ] --END-- [ RunTime:0.001108s ]
SQL: SHOW COLUMNS FROM `videolist` [ RunTime:0.0132s ]
SQL: SELECT * FROM `videolist` WHERE ( id = 47 ) LIMIT 1   [ RunTime:0.0012s ]
SQL: select * from `user` where userid = '1002' and flag = 1 [ RunTime:0.0013s ]
INFO: [ view_parse ] --START--
INFO: [ template_filter ] --START--
INFO: Run Behavior\ContentReplaceBehavior [ RunTime:0.000113s ]
INFO: [ template_filter ] --END-- [ RunTime:0.000172s ]
INFO: Run Behavior\ParseTemplateBehavior [ RunTime:0.011974s ]
INFO: [ view_parse ] --END-- [ RunTime:0.012046s ]
INFO: [ view_filter ] --START--
INFO: Run Behavior\WriteHtmlCacheBehavior [ RunTime:0.001649s ]
INFO: [ view_filter ] --END-- [ RunTime:0.001715s ]
INFO: [ app_end ] --START--
INFO: Run Behavior\ShowPageTraceBehavior [ RunTime:0.001744s ]
INFO: [ app_end ] --END-- [ RunTime:0.001810s ]

[ 2018-03-22T14:28:28+08:00 ] ::1 /xhr/index.php/Home/My/geturl
INFO: [ app_init ] --START--
INFO: Run Behavior\BuildLiteBehavior [ RunTime:0.000018s ]
INFO: [ app_init ] --END-- [ RunTime:0.000894s ]
INFO: [ app_begin ] --START--
INFO: Run Behavior\ReadHtmlCacheBehavior [ RunTime:0.001681s ]
INFO: [ app_begin ] --END-- [ RunTime:0.001761s ]
SQL: select * from videolist where id = 47 and dele = 1 [ RunTime:0.0013s ]

[ 2018-03-22T14:28:57+08:00 ] ::1 /xhr/index.php/Home/My/my_vip
INFO: [ app_init ] --START--
INFO: Run Behavior\BuildLiteBehavior [ RunTime:0.000012s ]
INFO: [ app_init ] --END-- [ RunTime:0.000613s ]
INFO: [ app_begin ] --START--
INFO: Run Behavior\ReadHtmlCacheBehavior [ RunTime:0.002285s ]
INFO: [ app_begin ] --END-- [ RunTime:0.002401s ]
SQL: select * from `user` where userid = 1002 and flag= 1 [ RunTime:0.0016s ]
SQL: select xjnum from userzj where userid = 1002 [ RunTime:0.0014s ]
INFO: [ view_parse ] --START--
INFO: [ template_filter ] --START--
INFO: Run Behavior\ContentReplaceBehavior [ RunTime:0.000084s ]
INFO: [ template_filter ] --END-- [ RunTime:0.000133s ]
INFO: Run Behavior\ParseTemplateBehavior [ RunTime:0.012811s ]
INFO: [ view_parse ] --END-- [ RunTime:0.012921s ]
INFO: [ view_filter ] --START--
INFO: Run Behavior\WriteHtmlCacheBehavior [ RunTime:0.001791s ]
INFO: [ view_filter ] --END-- [ RunTime:0.001883s ]
INFO: [ app_end ] --START--
INFO: Run Behavior\ShowPageTraceBehavior [ RunTime:0.002454s ]
INFO: [ app_end ] --END-- [ RunTime:0.002563s ]

[ 2018-03-22T16:02:52+08:00 ] ::1 /xhr/index.php/Home/Buy/return_url
INFO: [ app_init ] --START--
INFO: Run Behavior\BuildLiteBehavior [ RunTime:0.000025s ]
INFO: [ app_init ] --END-- [ RunTime:0.001274s ]
INFO: [ app_begin ] --START--
INFO: Run Behavior\ReadHtmlCacheBehavior [ RunTime:0.001801s ]
INFO: [ app_begin ] --END-- [ RunTime:0.001866s ]
NOTIC: [8] Undefined index: merchant_code D:\phpStudy\PHPTutorial\WWW\xhr\xhr\Home\Controller\BuyController.class.php 第 147 行.
NOTIC: [8] Undefined index: interface_version D:\phpStudy\PHPTutorial\WWW\xhr\xhr\Home\Controller\BuyController.class.php 第 148 行.
NOTIC: [8] Undefined index: order_no D:\phpStudy\PHPTutorial\WWW\xhr\xhr\Home\Controller\BuyController.class.php 第 149 行.
NOTIC: [8] Undefined index: trade_no D:\phpStudy\PHPTutorial\WWW\xhr\xhr\Home\Controller\BuyController.class.php 第 150 行.
NOTIC: [8] Undefined index: order_amount D:\phpStudy\PHPTutorial\WWW\xhr\xhr\Home\Controller\BuyController.class.php 第 151 行.
NOTIC: [8] Undefined index: product_number D:\phpStudy\PHPTutorial\WWW\xhr\xhr\Home\Controller\BuyController.class.php 第 152 行.
NOTIC: [8] Undefined index: order_success_time D:\phpStudy\PHPTutorial\WWW\xhr\xhr\Home\Controller\BuyController.class.php 第 153 行.
NOTIC: [8] Undefined index: order_time D:\phpStudy\PHPTutorial\WWW\xhr\xhr\Home\Controller\BuyController.class.php 第 154 行.
NOTIC: [8] Undefined index: order_status D:\phpStudy\PHPTutorial\WWW\xhr\xhr\Home\Controller\BuyController.class.php 第 155 行.
NOTIC: [8] Undefined index: bank_code D:\phpStudy\PHPTutorial\WWW\xhr\xhr\Home\Controller\BuyController.class.php 第 156 行.
NOTIC: [8] Undefined index: sign_type D:\phpStudy\PHPTutorial\WWW\xhr\xhr\Home\Controller\BuyController.class.php 第 157 行.
NOTIC: [8] Undefined index: bank_name D:\phpStudy\PHPTutorial\WWW\xhr\xhr\Home\Controller\BuyController.class.php 第 158 行.
NOTIC: [8] Undefined index: product_name D:\phpStudy\PHPTutorial\WWW\xhr\xhr\Home\Controller\BuyController.class.php 第 159 行.
NOTIC: [8] Undefined index: order_userid D:\phpStudy\PHPTutorial\WWW\xhr\xhr\Home\Controller\BuyController.class.php 第 160 行.
NOTIC: [8] Undefined index: order_info D:\phpStudy\PHPTutorial\WWW\xhr\xhr\Home\Controller\BuyController.class.php 第 161 行.
NOTIC: [8] Undefined index: sign D:\phpStudy\PHPTutorial\WWW\xhr\xhr\Home\Controller\BuyController.class.php 第 162 行.
INFO: [ view_parse ] --START--
INFO: [ template_filter ] --START--
INFO: Run Behavior\ContentReplaceBehavior [ RunTime:0.000071s ]
INFO: [ template_filter ] --END-- [ RunTime:0.000116s ]
NOTIC: [8] Undefined variable: v_info D:\phpStudy\PHPTutorial\WWW\xhr\xhr\Runtime\Cache\Home\d2d63589b39af8c9c6f54fcb9edfb4cb.php 第 58 行.
NOTIC: [8] Undefined variable: v_info D:\phpStudy\PHPTutorial\WWW\xhr\xhr\Runtime\Cache\Home\d2d63589b39af8c9c6f54fcb9edfb4cb.php 第 58 行.
INFO: Run Behavior\ParseTemplateBehavior [ RunTime:0.016467s ]
INFO: [ view_parse ] --END-- [ RunTime:0.016509s ]
INFO: [ view_filter ] --START--
INFO: Run Behavior\WriteHtmlCacheBehavior [ RunTime:0.001601s ]
INFO: [ view_filter ] --END-- [ RunTime:0.001638s ]
INFO: [ app_end ] --START--
INFO: Run Behavior\ShowPageTraceBehavior [ RunTime:0.001511s ]
INFO: [ app_end ] --END-- [ RunTime:0.001556s ]

[ 2018-03-22T16:19:38+08:00 ] ::1 /xhr/index.php/Home/Buy/return_url
INFO: [ app_init ] --START--
INFO: Run Behavior\BuildLiteBehavior [ RunTime:0.000019s ]
INFO: [ app_init ] --END-- [ RunTime:0.001219s ]
INFO: [ app_begin ] --START--
INFO: Run Behavior\ReadHtmlCacheBehavior [ RunTime:0.006299s ]
INFO: [ app_begin ] --END-- [ RunTime:0.006437s ]
NOTIC: [8] Undefined index: status D:\phpStudy\PHPTutorial\WWW\xhr\xhr\Home\Controller\BuyController.class.php 第 147 行.
NOTIC: [8] Undefined index: msg D:\phpStudy\PHPTutorial\WWW\xhr\xhr\Home\Controller\BuyController.class.php 第 148 行.
NOTIC: [8] Undefined index: data D:\phpStudy\PHPTutorial\WWW\xhr\xhr\Home\Controller\BuyController.class.php 第 149 行.
INFO: [ view_parse ] --START--
INFO: [ template_filter ] --START--
INFO: Run Behavior\ContentReplaceBehavior [ RunTime:0.000075s ]
INFO: [ template_filter ] --END-- [ RunTime:0.000150s ]
NOTIC: [8] Undefined variable: v_info D:\phpStudy\PHPTutorial\WWW\xhr\xhr\Runtime\Cache\Home\d2d63589b39af8c9c6f54fcb9edfb4cb.php 第 58 行.
NOTIC: [8] Undefined variable: v_info D:\phpStudy\PHPTutorial\WWW\xhr\xhr\Runtime\Cache\Home\d2d63589b39af8c9c6f54fcb9edfb4cb.php 第 58 行.
NOTIC: [8] Undefined variable: product_name D:\phpStudy\PHPTutorial\WWW\xhr\xhr\Runtime\Cache\Home\d2d63589b39af8c9c6f54fcb9edfb4cb.php 第 73 行.
NOTIC: [8] Undefined variable: order_status D:\phpStudy\PHPTutorial\WWW\xhr\xhr\Runtime\Cache\Home\d2d63589b39af8c9c6f54fcb9edfb4cb.php 第 84 行.
NOTIC: [8] Undefined variable: order_no D:\phpStudy\PHPTutorial\WWW\xhr\xhr\Runtime\Cache\Home\d2d63589b39af8c9c6f54fcb9edfb4cb.php 第 95 行.
NOTIC: [8] Undefined variable: valiSign D:\phpStudy\PHPTutorial\WWW\xhr\xhr\Runtime\Cache\Home\d2d63589b39af8c9c6f54fcb9edfb4cb.php 第 102 行.
NOTIC: [8] Undefined variable: order_amount D:\phpStudy\PHPTutorial\WWW\xhr\xhr\Runtime\Cache\Home\d2d63589b39af8c9c6f54fcb9edfb4cb.php 第 113 行.
NOTIC: [8] Undefined variable: order_info D:\phpStudy\PHPTutorial\WWW\xhr\xhr\Runtime\Cache\Home\d2d63589b39af8c9c6f54fcb9edfb4cb.php 第 120 行.
NOTIC: [8] Undefined variable: order_success_time D:\phpStudy\PHPTutorial\WWW\xhr\xhr\Runtime\Cache\Home\d2d63589b39af8c9c6f54fcb9edfb4cb.php 第 127 行.
INFO: Run Behavior\ParseTemplateBehavior [ RunTime:0.028609s ]
INFO: [ view_parse ] --END-- [ RunTime:0.028686s ]
INFO: [ view_filter ] --START--
INFO: Run Behavior\WriteHtmlCacheBehavior [ RunTime:0.002767s ]
INFO: [ view_filter ] --END-- [ RunTime:0.003048s ]
INFO: [ app_end ] --START--
INFO: Run Behavior\ShowPageTraceBehavior [ RunTime:0.002064s ]
INFO: [ app_end ] --END-- [ RunTime:0.002140s ]

