[ 2018-10-31T20:03:50+08:00 ] ::1 /xhr/
INFO: [ app_init ] --START--
INFO: Run Behavior\BuildLiteBehavior [ RunTime:0.000011s ]
INFO: [ app_init ] --END-- [ RunTime:0.000709s ]
INFO: [ app_begin ] --START--
INFO: Run Behavior\ReadHtmlCacheBehavior [ RunTime:0.000792s ]
INFO: [ app_begin ] --END-- [ RunTime:0.000836s ]
SQL: SHOW COLUMNS FROM `mmm` [ RunTime:0.0298s ]
SQL: SELECT * FROM `mmm` WHERE ( type = 2 )  [ RunTime:0.0004s ]
INFO: [ view_parse ] --START--
INFO: [ template_filter ] --START--
INFO: Run Behavior\ContentReplaceBehavior [ RunTime:0.000670s ]
INFO: [ template_filter ] --END-- [ RunTime:0.000727s ]
SQL: SHOW COLUMNS FROM `videolist` [ RunTime:0.0182s ]
SQL: SELECT * FROM `videolist` WHERE ( v_type = 5 ) ORDER BY v_pingfen desc LIMIT 3   [ RunTime:0.0674s ]
SQL: SELECT * FROM `videolist` WHERE ( v_type = 6 ) ORDER BY v_pingfen desc LIMIT 3   [ RunTime:0.0012s ]
SQL: SELECT * FROM `videolist` WHERE ( v_type = 7 ) ORDER BY v_pingfen desc LIMIT 3   [ RunTime:0.0003s ]
SQL: SELECT * FROM `videolist` WHERE ( v_type = 8 ) ORDER BY v_pingfen desc LIMIT 3   [ RunTime:0.0003s ]
SQL: SELECT * FROM `videolist` WHERE ( v_type = 9 ) ORDER BY v_pingfen desc LIMIT 3   [ RunTime:0.0003s ]
NOTIC: [8] Undefined variable: new_list D:\phpStudy\PHPTutorial\WWW\xhr\xhr\Runtime\Cache\Home\168d4556b8b111e55c347193f5ce5e89.php 第 300 行.
INFO: Run Behavior\ParseTemplateBehavior [ RunTime:0.118799s ]
INFO: [ view_parse ] --END-- [ RunTime:0.118829s ]
INFO: [ view_filter ] --START--
INFO: Run Behavior\WriteHtmlCacheBehavior [ RunTime:0.000837s ]
INFO: [ view_filter ] --END-- [ RunTime:0.000866s ]
INFO: [ app_end ] --START--
INFO: Run Behavior\ShowPageTraceBehavior [ RunTime:0.000826s ]
INFO: [ app_end ] --END-- [ RunTime:0.000863s ]

[ 2018-10-31T20:03:53+08:00 ] ::1 /xhr/index.php/Home/My/my_vip
INFO: [ app_init ] --START--
INFO: Run Behavior\BuildLiteBehavior [ RunTime:0.000009s ]
INFO: [ app_init ] --END-- [ RunTime:0.000516s ]
INFO: [ app_begin ] --START--
INFO: Run Behavior\ReadHtmlCacheBehavior [ RunTime:0.000641s ]
INFO: [ app_begin ] --END-- [ RunTime:0.000686s ]
NOTIC: [8] Undefined index: userid D:\phpStudy\PHPTutorial\WWW\xhr\xhr\Home\Controller\MyController.class.php 第 617 行.
ERR: 1064:You have an error in your SQL syntax; check the manual that corresponds to your MySQL server version for the right syntax to use near 'and flag= 1' at line 1
 [ SQL语句 ] : select * from `user` where userid =  and flag= 1
ERR: 1064:You have an error in your SQL syntax; check the manual that corresponds to your MySQL server version for the right syntax to use near 'and flag= 1' at line 1
 [ SQL语句 ] : select * from `user` where userid =  and flag= 1

[ 2018-10-31T20:03:56+08:00 ] ::1 /xhr/index.php/Home/My/Index
INFO: [ app_init ] --START--
INFO: Run Behavior\BuildLiteBehavior [ RunTime:0.000010s ]
INFO: [ app_init ] --END-- [ RunTime:0.000422s ]
INFO: [ app_begin ] --START--
INFO: Run Behavior\ReadHtmlCacheBehavior [ RunTime:0.000633s ]
INFO: [ app_begin ] --END-- [ RunTime:0.000673s ]
NOTIC: [8] Undefined index: userid D:\phpStudy\PHPTutorial\WWW\xhr\xhr\Home\Controller\MyController.class.php 第 17 行.
ERR: 1064:You have an error in your SQL syntax; check the manual that corresponds to your MySQL server version for the right syntax to use near 'and flag= 1' at line 1
 [ SQL语句 ] : select * from `user` where userid =  and flag= 1
ERR: 1064:You have an error in your SQL syntax; check the manual that corresponds to your MySQL server version for the right syntax to use near 'and flag= 1' at line 1
 [ SQL语句 ] : select * from `user` where userid =  and flag= 1

[ 2018-10-31T20:04:04+08:00 ] ::1 /xhr/
INFO: [ app_init ] --START--
INFO: Run Behavior\BuildLiteBehavior [ RunTime:0.000009s ]
INFO: [ app_init ] --END-- [ RunTime:0.000433s ]
INFO: [ app_begin ] --START--
INFO: Run Behavior\ReadHtmlCacheBehavior [ RunTime:0.000834s ]
INFO: [ app_begin ] --END-- [ RunTime:0.000900s ]
SQL: SHOW COLUMNS FROM `mmm` [ RunTime:0.0071s ]
SQL: SELECT * FROM `mmm` WHERE ( type = 2 )  [ RunTime:0.0003s ]
INFO: [ view_parse ] --START--
INFO: [ template_filter ] --START--
INFO: Run Behavior\ContentReplaceBehavior [ RunTime:0.000101s ]
INFO: [ template_filter ] --END-- [ RunTime:0.000142s ]
SQL: SHOW COLUMNS FROM `videolist` [ RunTime:0.0043s ]
SQL: SELECT * FROM `videolist` WHERE ( v_type = 5 ) ORDER BY v_pingfen desc LIMIT 3   [ RunTime:0.0009s ]
SQL: SELECT * FROM `videolist` WHERE ( v_type = 6 ) ORDER BY v_pingfen desc LIMIT 3   [ RunTime:0.0011s ]
SQL: SELECT * FROM `videolist` WHERE ( v_type = 7 ) ORDER BY v_pingfen desc LIMIT 3   [ RunTime:0.0003s ]
SQL: SELECT * FROM `videolist` WHERE ( v_type = 8 ) ORDER BY v_pingfen desc LIMIT 3   [ RunTime:0.0003s ]
SQL: SELECT * FROM `videolist` WHERE ( v_type = 9 ) ORDER BY v_pingfen desc LIMIT 3   [ RunTime:0.0003s ]
NOTIC: [8] Undefined variable: new_list D:\phpStudy\PHPTutorial\WWW\xhr\xhr\Runtime\Cache\Home\168d4556b8b111e55c347193f5ce5e89.php 第 300 行.
INFO: Run Behavior\ParseTemplateBehavior [ RunTime:0.019141s ]
INFO: [ view_parse ] --END-- [ RunTime:0.019172s ]
INFO: [ view_filter ] --START--
INFO: Run Behavior\WriteHtmlCacheBehavior [ RunTime:0.000619s ]
INFO: [ view_filter ] --END-- [ RunTime:0.000650s ]
INFO: [ app_end ] --START--
INFO: Run Behavior\ShowPageTraceBehavior [ RunTime:0.001465s ]
INFO: [ app_end ] --END-- [ RunTime:0.001516s ]

[ 2018-10-31T20:04:05+08:00 ] ::1 /xhr/index.php/Home/My/Index
INFO: [ app_init ] --START--
INFO: Run Behavior\BuildLiteBehavior [ RunTime:0.000009s ]
INFO: [ app_init ] --END-- [ RunTime:0.000423s ]
INFO: [ app_begin ] --START--
INFO: Run Behavior\ReadHtmlCacheBehavior [ RunTime:0.000638s ]
INFO: [ app_begin ] --END-- [ RunTime:0.000677s ]

[ 2018-10-31T20:04:06+08:00 ] ::1 /xhr/index.php/Home/User/login.html
INFO: [ app_init ] --START--
INFO: Run Behavior\BuildLiteBehavior [ RunTime:0.000010s ]
INFO: [ app_init ] --END-- [ RunTime:0.000396s ]
INFO: [ app_begin ] --START--
INFO: Run Behavior\ReadHtmlCacheBehavior [ RunTime:0.000574s ]
INFO: [ app_begin ] --END-- [ RunTime:0.000614s ]
INFO: [ view_parse ] --START--
INFO: [ template_filter ] --START--
INFO: Run Behavior\ContentReplaceBehavior [ RunTime:0.000063s ]
INFO: [ template_filter ] --END-- [ RunTime:0.000103s ]
INFO: Run Behavior\ParseTemplateBehavior [ RunTime:0.019901s ]
INFO: [ view_parse ] --END-- [ RunTime:0.019956s ]
INFO: [ view_filter ] --START--
INFO: Run Behavior\WriteHtmlCacheBehavior [ RunTime:0.000516s ]
INFO: [ view_filter ] --END-- [ RunTime:0.000547s ]
INFO: [ app_end ] --START--
INFO: Run Behavior\ShowPageTraceBehavior [ RunTime:0.000612s ]
INFO: [ app_end ] --END-- [ RunTime:0.000643s ]

[ 2018-10-31T20:04:10+08:00 ] ::1 /xhr/index.php/Home/User/checkLogined
INFO: [ app_init ] --START--
INFO: Run Behavior\BuildLiteBehavior [ RunTime:0.000009s ]
INFO: [ app_init ] --END-- [ RunTime:0.000385s ]
INFO: [ app_begin ] --START--
INFO: Run Behavior\ReadHtmlCacheBehavior [ RunTime:0.000760s ]
INFO: [ app_begin ] --END-- [ RunTime:0.000870s ]
SQL: SHOW COLUMNS FROM `user` [ RunTime:0.1474s ]
SQL: SELECT * FROM `user` WHERE ( user="xhr" and pasword = "c4ca4238a0b923820dcc509a6f75849b"  ) LIMIT 1   [ RunTime:0.0022s ]

[ 2018-10-31T20:04:15+08:00 ] ::1 /xhr/index.php/Home/User/checkLogined
INFO: [ app_init ] --START--
INFO: Run Behavior\BuildLiteBehavior [ RunTime:0.000011s ]
INFO: [ app_init ] --END-- [ RunTime:0.000399s ]
INFO: [ app_begin ] --START--
INFO: Run Behavior\ReadHtmlCacheBehavior [ RunTime:0.000558s ]
INFO: [ app_begin ] --END-- [ RunTime:0.000597s ]
SQL: SHOW COLUMNS FROM `user` [ RunTime:0.0245s ]
SQL: SELECT * FROM `user` WHERE ( user="xhr" and pasword = "4297f44b13955235245b2497399d7a93"  ) LIMIT 1   [ RunTime:0.0003s ]

[ 2018-10-31T20:04:15+08:00 ] ::1 /xhr/index.php/Home/My/Index.html
INFO: [ app_init ] --START--
INFO: Run Behavior\BuildLiteBehavior [ RunTime:0.000011s ]
INFO: [ app_init ] --END-- [ RunTime:0.000552s ]
INFO: [ app_begin ] --START--
INFO: Run Behavior\ReadHtmlCacheBehavior [ RunTime:0.000703s ]
INFO: [ app_begin ] --END-- [ RunTime:0.000776s ]
SQL: select * from `user` where userid = 1001 and flag= 1 [ RunTime:0.0004s ]
SQL: select count(1) js from `user` where pid = 1001  [ RunTime:0.0003s ]
SQL: select xjnum from userzj where userid = 1001 [ RunTime:0.0276s ]
SQL: select sum(num) num from gdlist where userid = 1001 and flag = 1 [ RunTime:0.0203s ]
SQL: SHOW COLUMNS FROM `parameter` [ RunTime:0.0231s ]
SQL: SELECT * FROM `parameter` WHERE ( type="sfkqtj" ) LIMIT 1   [ RunTime:0.0003s ]
INFO: [ view_parse ] --START--
INFO: [ template_filter ] --START--
INFO: Run Behavior\ContentReplaceBehavior [ RunTime:0.000232s ]
INFO: [ template_filter ] --END-- [ RunTime:0.000415s ]
INFO: Run Behavior\ParseTemplateBehavior [ RunTime:0.052866s ]
INFO: [ view_parse ] --END-- [ RunTime:0.052908s ]
INFO: [ view_filter ] --START--
INFO: Run Behavior\WriteHtmlCacheBehavior [ RunTime:0.000456s ]
INFO: [ view_filter ] --END-- [ RunTime:0.000485s ]
INFO: [ app_end ] --START--
INFO: Run Behavior\ShowPageTraceBehavior [ RunTime:0.000591s ]
INFO: [ app_end ] --END-- [ RunTime:0.000619s ]

[ 2018-10-31T20:04:17+08:00 ] ::1 /xhr/index.php/Home/My/my_vip
INFO: [ app_init ] --START--
INFO: Run Behavior\BuildLiteBehavior [ RunTime:0.000009s ]
INFO: [ app_init ] --END-- [ RunTime:0.000399s ]
INFO: [ app_begin ] --START--
INFO: Run Behavior\ReadHtmlCacheBehavior [ RunTime:0.000612s ]
INFO: [ app_begin ] --END-- [ RunTime:0.000655s ]
SQL: select * from `user` where userid = 1001 and flag= 1 [ RunTime:0.0003s ]
SQL: select xjnum from userzj where userid = 1001 [ RunTime:0.0002s ]
SQL: SHOW COLUMNS FROM `mmm` [ RunTime:0.0043s ]
SQL: SELECT * FROM `mmm` WHERE ( type = 1 )  [ RunTime:0.0003s ]
INFO: [ view_parse ] --START--
INFO: [ template_filter ] --START--
INFO: Run Behavior\ContentReplaceBehavior [ RunTime:0.000080s ]
INFO: [ template_filter ] --END-- [ RunTime:0.000116s ]
INFO: Run Behavior\ParseTemplateBehavior [ RunTime:0.057579s ]
INFO: [ view_parse ] --END-- [ RunTime:0.057623s ]
INFO: [ view_filter ] --START--
INFO: Run Behavior\WriteHtmlCacheBehavior [ RunTime:0.000485s ]
INFO: [ view_filter ] --END-- [ RunTime:0.000514s ]
INFO: [ app_end ] --START--
INFO: Run Behavior\ShowPageTraceBehavior [ RunTime:0.000584s ]
INFO: [ app_end ] --END-- [ RunTime:0.000633s ]

