[ 2018-10-26T21:20:32+08:00 ] ::1 /xhr/
INFO: [ app_init ] --START--
INFO: Run Behavior\BuildLiteBehavior [ RunTime:0.000012s ]
INFO: [ app_init ] --END-- [ RunTime:0.003648s ]
INFO: [ app_begin ] --START--
INFO: Run Behavior\ReadHtmlCacheBehavior [ RunTime:0.001027s ]
INFO: [ app_begin ] --END-- [ RunTime:0.001076s ]
SQL: SHOW COLUMNS FROM `mmm` [ RunTime:0.0127s ]
SQL: SELECT * FROM `mmm` WHERE ( type = 2 )  [ RunTime:0.0133s ]
INFO: [ view_parse ] --START--
INFO: [ template_filter ] --START--
INFO: Run Behavior\ContentReplaceBehavior [ RunTime:0.056930s ]
INFO: [ template_filter ] --END-- [ RunTime:0.057079s ]
SQL: SHOW COLUMNS FROM `videolist` [ RunTime:0.0107s ]
SQL: SELECT * FROM `videolist` WHERE ( v_type = 5 ) ORDER BY v_pingfen desc LIMIT 3   [ RunTime:0.0390s ]
SQL: SELECT * FROM `videolist` WHERE ( v_type = 6 ) ORDER BY v_pingfen desc LIMIT 3   [ RunTime:0.0011s ]
SQL: SELECT * FROM `videolist` WHERE ( v_type = 7 ) ORDER BY v_pingfen desc LIMIT 3   [ RunTime:0.0003s ]
SQL: SELECT * FROM `videolist` WHERE ( v_type = 8 ) ORDER BY v_pingfen desc LIMIT 3   [ RunTime:0.0003s ]
SQL: SELECT * FROM `videolist` WHERE ( v_type = 9 ) ORDER BY v_pingfen desc LIMIT 3   [ RunTime:0.0003s ]
NOTIC: [8] Undefined variable: new_list D:\phpStudy\PHPTutorial\WWW\xhr\xhr\Runtime\Cache\Home\168d4556b8b111e55c347193f5ce5e89.php 第 300 行.
INFO: Run Behavior\ParseTemplateBehavior [ RunTime:0.235272s ]
INFO: [ view_parse ] --END-- [ RunTime:0.235317s ]
INFO: [ view_filter ] --START--
INFO: Run Behavior\WriteHtmlCacheBehavior [ RunTime:0.022541s ]
INFO: [ view_filter ] --END-- [ RunTime:0.022613s ]
INFO: [ app_end ] --START--
INFO: Run Behavior\ShowPageTraceBehavior [ RunTime:0.002152s ]
INFO: [ app_end ] --END-- [ RunTime:0.002258s ]

[ 2018-10-26T21:20:35+08:00 ] ::1 /xhr/index.php/Home/Index/video/id/51
INFO: [ app_init ] --START--
INFO: Run Behavior\BuildLiteBehavior [ RunTime:0.000012s ]
INFO: [ app_init ] --END-- [ RunTime:0.000605s ]
INFO: [ app_begin ] --START--
INFO: Run Behavior\ReadHtmlCacheBehavior [ RunTime:0.000683s ]
INFO: [ app_begin ] --END-- [ RunTime:0.000721s ]

[ 2018-10-26T21:20:37+08:00 ] ::1 /xhr/index.php/Home/User/login.html
INFO: [ app_init ] --START--
INFO: Run Behavior\BuildLiteBehavior [ RunTime:0.000011s ]
INFO: [ app_init ] --END-- [ RunTime:0.000553s ]
INFO: [ app_begin ] --START--
INFO: Run Behavior\ReadHtmlCacheBehavior [ RunTime:0.000669s ]
INFO: [ app_begin ] --END-- [ RunTime:0.000713s ]
INFO: [ view_parse ] --START--
INFO: [ template_filter ] --START--
INFO: Run Behavior\ContentReplaceBehavior [ RunTime:0.000094s ]
INFO: [ template_filter ] --END-- [ RunTime:0.000149s ]
INFO: Run Behavior\ParseTemplateBehavior [ RunTime:0.007863s ]
INFO: [ view_parse ] --END-- [ RunTime:0.007907s ]
INFO: [ view_filter ] --START--
INFO: Run Behavior\WriteHtmlCacheBehavior [ RunTime:0.000569s ]
INFO: [ view_filter ] --END-- [ RunTime:0.000598s ]
INFO: [ app_end ] --START--
INFO: Run Behavior\ShowPageTraceBehavior [ RunTime:0.000701s ]
INFO: [ app_end ] --END-- [ RunTime:0.000732s ]

[ 2018-10-26T23:26:56+08:00 ] ::1 /xhr/
INFO: [ app_init ] --START--
INFO: Run Behavior\BuildLiteBehavior [ RunTime:0.000009s ]
INFO: [ app_init ] --END-- [ RunTime:0.000754s ]
INFO: [ app_begin ] --START--
INFO: Run Behavior\ReadHtmlCacheBehavior [ RunTime:0.001075s ]
INFO: [ app_begin ] --END-- [ RunTime:0.001120s ]
SQL: SHOW COLUMNS FROM `mmm` [ RunTime:0.0072s ]
SQL: SELECT * FROM `mmm` WHERE ( type = 2 )  [ RunTime:0.0003s ]
INFO: [ view_parse ] --START--
INFO: [ template_filter ] --START--
INFO: Run Behavior\ContentReplaceBehavior [ RunTime:0.000177s ]
INFO: [ template_filter ] --END-- [ RunTime:0.000227s ]
SQL: SHOW COLUMNS FROM `videolist` [ RunTime:0.0067s ]
SQL: SELECT * FROM `videolist` WHERE ( v_type = 5 ) ORDER BY v_pingfen desc LIMIT 3   [ RunTime:0.0009s ]
SQL: SELECT * FROM `videolist` WHERE ( v_type = 6 ) ORDER BY v_pingfen desc LIMIT 3   [ RunTime:0.0014s ]
SQL: SELECT * FROM `videolist` WHERE ( v_type = 7 ) ORDER BY v_pingfen desc LIMIT 3   [ RunTime:0.0003s ]
SQL: SELECT * FROM `videolist` WHERE ( v_type = 8 ) ORDER BY v_pingfen desc LIMIT 3   [ RunTime:0.0004s ]
SQL: SELECT * FROM `videolist` WHERE ( v_type = 9 ) ORDER BY v_pingfen desc LIMIT 3   [ RunTime:0.0004s ]
NOTIC: [8] Undefined variable: new_list D:\phpStudy\PHPTutorial\WWW\xhr\xhr\Runtime\Cache\Home\168d4556b8b111e55c347193f5ce5e89.php 第 300 行.
INFO: Run Behavior\ParseTemplateBehavior [ RunTime:0.057907s ]
INFO: [ view_parse ] --END-- [ RunTime:0.057945s ]
INFO: [ view_filter ] --START--
INFO: Run Behavior\WriteHtmlCacheBehavior [ RunTime:0.001236s ]
INFO: [ view_filter ] --END-- [ RunTime:0.001278s ]
INFO: [ app_end ] --START--
INFO: Run Behavior\ShowPageTraceBehavior [ RunTime:0.001663s ]
INFO: [ app_end ] --END-- [ RunTime:0.001750s ]

[ 2018-10-26T23:27:40+08:00 ] ::1 /xhr/
INFO: [ app_init ] --START--
INFO: Run Behavior\BuildLiteBehavior [ RunTime:0.000017s ]
INFO: [ app_init ] --END-- [ RunTime:0.000715s ]
INFO: [ app_begin ] --START--
INFO: Run Behavior\ReadHtmlCacheBehavior [ RunTime:0.000833s ]
INFO: [ app_begin ] --END-- [ RunTime:0.000876s ]
SQL: SHOW COLUMNS FROM `mmm` [ RunTime:0.0070s ]
SQL: SELECT * FROM `mmm` WHERE ( type = 2 )  [ RunTime:0.0003s ]
INFO: [ view_parse ] --START--
INFO: [ template_filter ] --START--
INFO: Run Behavior\ContentReplaceBehavior [ RunTime:0.000095s ]
INFO: [ template_filter ] --END-- [ RunTime:0.000126s ]
SQL: SHOW COLUMNS FROM `videolist` [ RunTime:0.0061s ]
SQL: SELECT * FROM `videolist` WHERE ( v_type = 5 ) ORDER BY v_pingfen desc LIMIT 3   [ RunTime:0.0008s ]
SQL: SELECT * FROM `videolist` WHERE ( v_type = 6 ) ORDER BY v_pingfen desc LIMIT 3   [ RunTime:0.0010s ]
SQL: SELECT * FROM `videolist` WHERE ( v_type = 7 ) ORDER BY v_pingfen desc LIMIT 3   [ RunTime:0.0003s ]
SQL: SELECT * FROM `videolist` WHERE ( v_type = 8 ) ORDER BY v_pingfen desc LIMIT 3   [ RunTime:0.0003s ]
SQL: SELECT * FROM `videolist` WHERE ( v_type = 9 ) ORDER BY v_pingfen desc LIMIT 3   [ RunTime:0.0003s ]
NOTIC: [8] Undefined variable: new_list D:\phpStudy\PHPTutorial\WWW\xhr\xhr\Runtime\Cache\Home\168d4556b8b111e55c347193f5ce5e89.php 第 300 行.
INFO: Run Behavior\ParseTemplateBehavior [ RunTime:0.019844s ]
INFO: [ view_parse ] --END-- [ RunTime:0.019874s ]
INFO: [ view_filter ] --START--
INFO: Run Behavior\WriteHtmlCacheBehavior [ RunTime:0.000808s ]
INFO: [ view_filter ] --END-- [ RunTime:0.000839s ]
INFO: [ app_end ] --START--
INFO: Run Behavior\ShowPageTraceBehavior [ RunTime:0.000893s ]
INFO: [ app_end ] --END-- [ RunTime:0.000932s ]

[ 2018-10-26T23:27:43+08:00 ] ::1 /xhr/index.php/Home/My/Index
INFO: [ app_init ] --START--
INFO: Run Behavior\BuildLiteBehavior [ RunTime:0.000031s ]
INFO: [ app_init ] --END-- [ RunTime:0.001025s ]
INFO: [ app_begin ] --START--
INFO: Run Behavior\ReadHtmlCacheBehavior [ RunTime:0.001180s ]
INFO: [ app_begin ] --END-- [ RunTime:0.001249s ]
SQL: select * from `user` where userid = 1001 and flag= 1 [ RunTime:0.0018s ]
SQL: select count(1) js from `user` where pid = 1001  [ RunTime:0.0003s ]
SQL: select xjnum from userzj where userid = 1001 [ RunTime:0.0073s ]
SQL: select sum(num) num from gdlist where userid = 1001 and flag = 1 [ RunTime:0.0117s ]
SQL: SHOW COLUMNS FROM `parameter` [ RunTime:0.0146s ]
SQL: SELECT * FROM `parameter` WHERE ( type="sfkqtj" ) LIMIT 1   [ RunTime:0.0003s ]
INFO: [ view_parse ] --START--
INFO: [ template_filter ] --START--
INFO: Run Behavior\ContentReplaceBehavior [ RunTime:0.000075s ]
INFO: [ template_filter ] --END-- [ RunTime:0.000112s ]
INFO: Run Behavior\ParseTemplateBehavior [ RunTime:0.015933s ]
INFO: [ view_parse ] --END-- [ RunTime:0.015978s ]
INFO: [ view_filter ] --START--
INFO: Run Behavior\WriteHtmlCacheBehavior [ RunTime:0.000664s ]
INFO: [ view_filter ] --END-- [ RunTime:0.000692s ]
INFO: [ app_end ] --START--
INFO: Run Behavior\ShowPageTraceBehavior [ RunTime:0.000824s ]
INFO: [ app_end ] --END-- [ RunTime:0.000853s ]

