[ 2018-10-17T10:45:49+08:00 ] ::1 /xhr/index.php/Home/Index/video/id/4
INFO: [ app_init ] --START--
INFO: Run Behavior\BuildLiteBehavior [ RunTime:0.000013s ]
INFO: [ app_init ] --END-- [ RunTime:0.000956s ]
INFO: [ app_begin ] --START--
INFO: Run Behavior\ReadHtmlCacheBehavior [ RunTime:0.001930s ]
INFO: [ app_begin ] --END-- [ RunTime:0.001991s ]
SQL: SHOW COLUMNS FROM `videolist` [ RunTime:0.0085s ]
SQL: SELECT * FROM `videolist` WHERE ( id = 4 ) LIMIT 1   [ RunTime:0.0010s ]
NOTIC: [8] Undefined index: userid D:\phpStudy\PHPTutorial\WWW\xhr\xhr\Home\Controller\IndexController.class.php 第 55 行.
SQL: select * from `user` where userid = '' and flag = 1 [ RunTime:0.0018s ]
NOTIC: [8] Undefined offset: 0 D:\phpStudy\PHPTutorial\WWW\xhr\xhr\Home\Controller\IndexController.class.php 第 64 行.
SQL: SHOW COLUMNS FROM `parameter` [ RunTime:0.0079s ]
SQL: SELECT * FROM `parameter` WHERE ( type="sksj" ) LIMIT 1   [ RunTime:0.0004s ]
INFO: [ view_parse ] --START--
INFO: [ template_filter ] --START--
INFO: Run Behavior\ContentReplaceBehavior [ RunTime:0.000104s ]
INFO: [ template_filter ] --END-- [ RunTime:0.000158s ]
INFO: Run Behavior\ParseTemplateBehavior [ RunTime:0.014808s ]
INFO: [ view_parse ] --END-- [ RunTime:0.014863s ]
INFO: [ view_filter ] --START--
INFO: Run Behavior\WriteHtmlCacheBehavior [ RunTime:0.001855s ]
INFO: [ view_filter ] --END-- [ RunTime:0.001901s ]
INFO: [ app_end ] --START--
INFO: Run Behavior\ShowPageTraceBehavior [ RunTime:0.002346s ]
INFO: [ app_end ] --END-- [ RunTime:0.002421s ]

[ 2018-10-17T10:45:49+08:00 ] ::1 /xhr/index.php/Home/My/geturl
INFO: [ app_init ] --START--
INFO: Run Behavior\BuildLiteBehavior [ RunTime:0.000013s ]
INFO: [ app_init ] --END-- [ RunTime:0.000605s ]
INFO: [ app_begin ] --START--
INFO: Run Behavior\ReadHtmlCacheBehavior [ RunTime:0.001394s ]
INFO: [ app_begin ] --END-- [ RunTime:0.001443s ]
SQL: select * from videolist where id = 4 and dele = 1 [ RunTime:0.0004s ]

