[ 2019-01-06T23:19:36+08:00 ] ::1 /xhr/
INFO: [ app_init ] --START--
INFO: Run Behavior\BuildLiteBehavior [ RunTime:0.000011s ]
INFO: [ app_init ] --END-- [ RunTime:0.001225s ]
INFO: [ app_begin ] --START--
INFO: Run Behavior\ReadHtmlCacheBehavior [ RunTime:0.000930s ]
INFO: [ app_begin ] --END-- [ RunTime:0.000988s ]
SQL: SHOW COLUMNS FROM `mmm` [ RunTime:0.0297s ]
SQL: SELECT * FROM `mmm` WHERE ( type = 2 )  [ RunTime:0.0012s ]
INFO: [ view_parse ] --START--
INFO: [ template_filter ] --START--
INFO: Run Behavior\ContentReplaceBehavior [ RunTime:0.001000s ]
INFO: [ template_filter ] --END-- [ RunTime:0.001043s ]
SQL: SHOW COLUMNS FROM `videolist` [ RunTime:0.0249s ]
SQL: SELECT * FROM `videolist` WHERE ( v_type = 5 ) ORDER BY v_pingfen desc LIMIT 3   [ RunTime:0.0228s ]
SQL: SELECT * FROM `videolist` WHERE ( v_type = 6 ) ORDER BY v_pingfen desc LIMIT 3   [ RunTime:0.0029s ]
SQL: SELECT * FROM `videolist` WHERE ( v_type = 7 ) ORDER BY v_pingfen desc LIMIT 3   [ RunTime:0.0011s ]
SQL: SELECT * FROM `videolist` WHERE ( v_type = 8 ) ORDER BY v_pingfen desc LIMIT 3   [ RunTime:0.0008s ]
SQL: SELECT * FROM `videolist` WHERE ( v_type = 9 ) ORDER BY v_pingfen desc LIMIT 3   [ RunTime:0.0007s ]
NOTIC: [8] Undefined variable: new_list D:\phpStudy\PHPTutorial\WWW\xhr\xhr\Runtime\Cache\Home\168d4556b8b111e55c347193f5ce5e89.php 第 299 行.
INFO: Run Behavior\ParseTemplateBehavior [ RunTime:0.190743s ]
INFO: [ view_parse ] --END-- [ RunTime:0.190810s ]
INFO: [ view_filter ] --START--
INFO: Run Behavior\WriteHtmlCacheBehavior [ RunTime:0.001263s ]
INFO: [ view_filter ] --END-- [ RunTime:0.001300s ]
INFO: [ app_end ] --START--
INFO: Run Behavior\ShowPageTraceBehavior [ RunTime:0.001055s ]
INFO: [ app_end ] --END-- [ RunTime:0.001093s ]

